<?xml version="1.0" encoding="UTF-8"?>
<testsuites name="CDBFull_01" time="670.143" tests="1" failures="0" errors="0">
   <testsuite name="CDBFull_01" tests="1" failures="0" errors="0" time="670.143" timestamp="2020-03-10 16:43:57" hostname="as4011 - FID-LB214.g07.fujitsu.local" id="Test Suites/CDBTestSuite/ConcurrentCDBFull/CDBFull_01">
      <properties>
         <property name="deviceName" value=""/>
         <property name="devicePlatform" value=""/>
         <property name="logFolder" value="D:\\FUJITSU\\Document\\Automatization Test\\Katalon Test Script\\Concurrent Test Katalon\\Reports\\20200310_164348\\CDBTestSuite\\ConcurrentCDBFull\\CDBFull_01\\20200310_164348"/>
         <property name="logFiles" value="D:\\FUJITSU\\Document\\Automatization Test\\Katalon Test Script\\Concurrent Test Katalon\\Reports\\20200310_164348\\CDBTestSuite\\ConcurrentCDBFull\\CDBFull_01\\20200310_164348\\execution0.log"/>
         <property name="attachments" value="D:\\screenshot.png, D:\\screenshot.png, D:\\screenshot.png"/>
         <property name="hostName" value="as4011 - FID-LB214.g07.fujitsu.local"/>
         <property name="os" value="Windows 7 64bit"/>
         <property name="katalonVersion" value="7.2.1.1"/>
         <property name="browser" value="Chrome 80.0.3987.132"/>
         <property name="hostAddress" value="192.168.0.109"/>
         <property name="sessionId" value="f16e9b96e630769cb1e50617ac5630ab"/>
         <property name="seleniumVersion" value="3.141.59"/>
         <property name="proxyInformation" value="ProxyInformation{proxyOption=NO_PROXY, proxyServerType=HTTP, password=, proxyServerAddress=, proxyServerPort=0, executionList=}"/>
         <property name="platform" value="Windows 7"/>
      </properties>
      <testcase name="Test Cases/CDB/MainTestCase/FullScenarioCDBv2" time="667.854" classname="Test Cases/CDB/MainTestCase/FullScenarioCDBv2" status="PASSED">
         <system-out><![CDATA[2020-03-10 16:43:58 - [TEST_CASE][PASSED] - Test Cases/CDB/MainTestCase/FullScenarioCDBv2: Test Cases/CDB/MainTestCase/FullScenarioCDBv2

2020-03-10 16:44:00 - [TEST_STEP][PASSED] - callTestCase(findTestCase("EntryBooking/EntryBooking_All"), ["Maker":Maker, "Checker":Checker, "Approver":Approver, "CustomerType":CustomerType, "CustomerName":CustomerName, "PhoneNumber":PhoneNumber, ... ], STOP_ON_FAILURE): Call Test Case 'Test Cases/EntryBooking/EntryBooking_All' successfully

2020-03-10 16:44:01 - [TEST_CASE][PASSED] - Test Cases/EntryBooking/EntryBooking_All: Test Cases/EntryBooking/EntryBooking_All

2020-03-10 16:44:01 - [TEST_STEP][PASSED] - callTestCase(findTestCase("EntryBooking/EntryBooking_Maker"), ["CustomerType":CustomerType, "CustomerName":CustomerName, "PhoneNumber":PhoneNumber, "Address":Address, "SupplierName":SupplierName, ... ], STOP_ON_FAILURE): Call Test Case 'Test Cases/EntryBooking/EntryBooking_Maker' successfully

2020-03-10 16:44:01 - [TEST_CASE][PASSED] - Test Cases/EntryBooking/EntryBooking_Maker: Test Cases/EntryBooking/EntryBooking_Maker

2020-03-10 16:44:02 - [TEST_STEP][PASSED] - customKeywords.LoginHelper.DoLogin(Fintegrity, UserMaker, FinPass): Login Completed!

2020-03-10 16:44:03 - [MESSAGE][FAILED] - Unable to navigate to 'http://192.168.0.100:8080/Fintegrity' (Root cause: com.kms.katalon.core.exception.StepFailedException: Unable to navigate to 'http://192.168.0.100:8080/Fintegrity'
	at com.kms.katalon.core.webui.keyword.internal.WebUIKeywordMain.stepFailed(WebUIKeywordMain.groovy:64)
	at com.kms.katalon.core.webui.keyword.internal.WebUIKeywordMain.runKeyword(WebUIKeywordMain.groovy:26)
	at com.kms.katalon.core.webui.keyword.builtin.NavigateToUrlKeyword.navigateToUrl(NavigateToUrlKeyword.groovy:83)
	at com.kms.katalon.core.webui.keyword.builtin.NavigateToUrlKeyword.execute(NavigateToUrlKeyword.groovy:67)
	at com.kms.katalon.core.keyword.internal.KeywordExecutor.executeKeywordForPlatform(KeywordExecutor.groovy:72)
	at com.kms.katalon.core.webui.keyword.WebUiBuiltInKeywords.navigateToUrl(WebUiBuiltInKeywords.groovy:183)
	at com.kms.katalon.core.webui.keyword.WebUiBuiltInKeywords$navigateToUrl.call(Unknown Source)
	at customKeywords.LoginHelper.DoLogin(LoginHelper.groovy:39)
	at customKeywords.LoginHelper.invokeMethod(LoginHelper.groovy)
	at com.kms.katalon.core.main.CustomKeywordDelegatingMetaClass.invokeStaticMethod(CustomKeywordDelegatingMetaClass.java:50)
	at EntryBooking_Maker.run(EntryBooking_Maker:23)
	at com.kms.katalon.core.main.ScriptEngine.run(ScriptEngine.java:194)
	at com.kms.katalon.core.main.ScriptEngine.runScriptAsRawText(ScriptEngine.java:119)
	at com.kms.katalon.core.main.TestCaseExecutor.runScript(TestCaseExecutor.java:337)
	at com.kms.katalon.core.main.TestCaseExecutor.doExecute(TestCaseExecutor.java:328)
	at com.kms.katalon.core.main.TestCaseExecutor.processExecutionPhase(TestCaseExecutor.java:307)
	at com.kms.katalon.core.main.TestCaseExecutor.accessMainPhase(TestCaseExecutor.java:299)
	at com.kms.katalon.core.main.TestCaseExecutor.execute(TestCaseExecutor.java:233)
	at com.kms.katalon.core.main.TestCaseMain.runTestCase(TestCaseMain.java:114)
	at com.kms.katalon.core.keyword.builtin.CallTestCaseKeyword$_callTestCase_closure1.doCall(CallTestCaseKeyword.groovy:59)
	at com.kms.katalon.core.keyword.builtin.CallTestCaseKeyword$_callTestCase_closure1.call(CallTestCaseKeyword.groovy)
	at com.kms.katalon.core.keyword.internal.KeywordMain.runKeyword(KeywordMain.groovy:68)
	at com.kms.katalon.core.keyword.builtin.CallTestCaseKeyword.callTestCase(CallTestCaseKeyword.groovy:81)
	at com.kms.katalon.core.keyword.builtin.CallTestCaseKeyword.execute(CallTestCaseKeyword.groovy:44)
	at com.kms.katalon.core.keyword.internal.KeywordExecutor.executeKeywordForPlatform(KeywordExecutor.groovy:72)
	at com.kms.katalon.core.keyword.BuiltinKeywords.callTestCase(BuiltinKeywords.groovy:334)
	at EntryBooking_All.run(EntryBooking_All:24)
	at com.kms.katalon.core.main.ScriptEngine.run(ScriptEngine.java:194)
	at com.kms.katalon.core.main.ScriptEngine.runScriptAsRawText(ScriptEngine.java:119)
	at com.kms.katalon.core.main.TestCaseExecutor.runScript(TestCaseExecutor.java:337)
	at com.kms.katalon.core.main.TestCaseExecutor.doExecute(TestCaseExecutor.java:328)
	at com.kms.katalon.core.main.TestCaseExecutor.processExecutionPhase(TestCaseExecutor.java:307)
	at com.kms.katalon.core.main.TestCaseExecutor.accessMainPhase(TestCaseExecutor.java:299)
	at com.kms.katalon.core.main.TestCaseExecutor.execute(TestCaseExecutor.java:233)
	at com.kms.katalon.core.main.TestCaseMain.runTestCase(TestCaseMain.java:114)
	at com.kms.katalon.core.keyword.builtin.CallTestCaseKeyword$_callTestCase_closure1.doCall(CallTestCaseKeyword.groovy:59)
	at com.kms.katalon.core.keyword.builtin.CallTestCaseKeyword$_callTestCase_closure1.call(CallTestCaseKeyword.groovy)
	at com.kms.katalon.core.keyword.internal.KeywordMain.runKeyword(KeywordMain.groovy:68)
	at com.kms.katalon.core.keyword.builtin.CallTestCaseKeyword.callTestCase(CallTestCaseKeyword.groovy:81)
	at com.kms.katalon.core.keyword.builtin.CallTestCaseKeyword.execute(CallTestCaseKeyword.groovy:44)
	at com.kms.katalon.core.keyword.internal.KeywordExecutor.executeKeywordForPlatform(KeywordExecutor.groovy:72)
	at com.kms.katalon.core.keyword.BuiltinKeywords.callTestCase(BuiltinKeywords.groovy:334)
	at FullScenarioCDBv2.run(FullScenarioCDBv2:23)
	at com.kms.katalon.core.main.ScriptEngine.run(ScriptEngine.java:194)
	at com.kms.katalon.core.main.ScriptEngine.runScriptAsRawText(ScriptEngine.java:119)
	at com.kms.katalon.core.main.TestCaseExecutor.runScript(TestCaseExecutor.java:337)
	at com.kms.katalon.core.main.TestCaseExecutor.doExecute(TestCaseExecutor.java:328)
	at com.kms.katalon.core.main.TestCaseExecutor.processExecutionPhase(TestCaseExecutor.java:307)
	at com.kms.katalon.core.main.TestCaseExecutor.accessMainPhase(TestCaseExecutor.java:299)
	at com.kms.katalon.core.main.TestCaseExecutor.execute(TestCaseExecutor.java:233)
	at com.kms.katalon.core.main.TestSuiteExecutor.accessTestCaseMainPhase(TestSuiteExecutor.java:169)
	at com.kms.katalon.core.main.TestSuiteExecutor.accessTestSuiteMainPhase(TestSuiteExecutor.java:142)
	at com.kms.katalon.core.main.TestSuiteExecutor.execute(TestSuiteExecutor.java:91)
	at com.kms.katalon.core.main.TestCaseMain.startTestSuite(TestCaseMain.java:157)
	at com.kms.katalon.core.main.TestCaseMain$startTestSuite$0.call(Unknown Source)
	at TempTestSuite1583833428733.run(TempTestSuite1583833428733.groovy:36)
Caused by: com.kms.katalon.core.webui.exception.BrowserNotOpenedException: Browser is not opened
Build info: version: '3.141.59', revision: 'e82be7d358', time: '2018-11-14T08:25:53'
System info: host: 'FID-LB214', ip: '192.168.0.109', os.name: 'Windows 7', os.arch: 'amd64', os.version: '6.1', java.version: '1.8.0_181'
Driver info: driver.version: unknown
	at com.kms.katalon.core.webui.driver.DriverFactory.verifyWebDriverIsOpen(DriverFactory.java:816)
	at com.kms.katalon.core.webui.driver.DriverFactory.verifyWebDriver(DriverFactory.java:801)
	at com.kms.katalon.core.webui.driver.DriverFactory.getWebDriver(DriverFactory.java:787)
	at com.kms.katalon.core.webui.keyword.builtin.NavigateToUrlKeyword$_navigateToUrl_closure1.doCall(NavigateToUrlKeyword.groovy:80)
	at com.kms.katalon.core.webui.keyword.builtin.NavigateToUrlKeyword$_navigateToUrl_closure1.call(NavigateToUrlKeyword.groovy)
	at com.kms.katalon.core.webui.keyword.internal.WebUIKeywordMain.runKeyword(WebUIKeywordMain.groovy:20)
	at com.kms.katalon.core.webui.keyword.builtin.NavigateToUrlKeyword.navigateToUrl(NavigateToUrlKeyword.groovy:83)
	at com.kms.katalon.core.webui.keyword.builtin.NavigateToUrlKeyword.execute(NavigateToUrlKeyword.groovy:67)
	at com.kms.katalon.core.keyword.internal.KeywordExecutor.executeKeywordForPlatform(KeywordExecutor.groovy:72)
	at com.kms.katalon.core.webui.keyword.WebUiBuiltInKeywords.navigateToUrl(WebUiBuiltInKeywords.groovy:183)
	at com.kms.katalon.core.webui.keyword.WebUiBuiltInKeywords$navigateToUrl.call(Unknown Source)
	at customKeywords.LoginHelper.DoLogin(LoginHelper.groovy:39)
	at customKeywords.LoginHelper.invokeMethod(LoginHelper.groovy)
	at com.kms.katalon.core.main.CustomKeywordDelegatingMetaClass.invokeStaticMethod(CustomKeywordDelegatingMetaClass.java:50)
	at Script1530600905993.run(Script1530600905993.groovy:23)
	at com.kms.katalon.core.main.ScriptEngine.run(ScriptEngine.java:194)
	at com.kms.katalon.core.main.ScriptEngine.runScriptAsRawText(ScriptEngine.java:119)
	at com.kms.katalon.core.main.TestCaseExecutor.runScript(TestCaseExecutor.java:337)
	at com.kms.katalon.core.main.TestCaseExecutor.doExecute(TestCaseExecutor.java:328)
	at com.kms.katalon.core.main.TestCaseExecutor.processExecutionPhase(TestCaseExecutor.java:307)
	at com.kms.katalon.core.main.TestCaseExecutor.accessMainPhase(TestCaseExecutor.java:299)
	at com.kms.katalon.core.main.TestCaseExecutor.execute(TestCaseExecutor.java:233)
	at com.kms.katalon.core.main.TestCaseMain.runTestCase(TestCaseMain.java:114)
	at com.kms.katalon.core.keyword.builtin.CallTestCaseKeyword$_callTestCase_closure1.doCall(CallTestCaseKeyword.groovy:59)
	at com.kms.katalon.core.keyword.builtin.CallTestCaseKeyword$_callTestCase_closure1.call(CallTestCaseKeyword.groovy)
	at com.kms.katalon.core.keyword.internal.KeywordMain.runKeyword(KeywordMain.groovy:68)
	at com.kms.katalon.core.keyword.builtin.CallTestCaseKeyword.callTestCase(CallTestCaseKeyword.groovy:81)
	at com.kms.katalon.core.keyword.builtin.CallTestCaseKeyword.execute(CallTestCaseKeyword.groovy:44)
	at com.kms.katalon.core.keyword.internal.KeywordExecutor.executeKeywordForPlatform(KeywordExecutor.groovy:72)
	at com.kms.katalon.core.keyword.BuiltinKeywords.callTestCase(BuiltinKeywords.groovy:334)
	at Script1530676889060.run(Script1530676889060.groovy:24)
	at com.kms.katalon.core.main.ScriptEngine.run(ScriptEngine.java:194)
	at com.kms.katalon.core.main.ScriptEngine.runScriptAsRawText(ScriptEngine.java:119)
	at com.kms.katalon.core.main.TestCaseExecutor.runScript(TestCaseExecutor.java:337)
	at com.kms.katalon.core.main.TestCaseExecutor.doExecute(TestCaseExecutor.java:328)
	at com.kms.katalon.core.main.TestCaseExecutor.processExecutionPhase(TestCaseExecutor.java:307)
	at com.kms.katalon.core.main.TestCaseExecutor.accessMainPhase(TestCaseExecutor.java:299)
	at com.kms.katalon.core.main.TestCaseExecutor.execute(TestCaseExecutor.java:233)
	at com.kms.katalon.core.main.TestCaseMain.runTestCase(TestCaseMain.java:114)
	at com.kms.katalon.core.keyword.builtin.CallTestCaseKeyword$_callTestCase_closure1.doCall(CallTestCaseKeyword.groovy:59)
	at com.kms.katalon.core.keyword.builtin.CallTestCaseKeyword$_callTestCase_closure1.call(CallTestCaseKeyword.groovy)
	at com.kms.katalon.core.keyword.internal.KeywordMain.runKeyword(KeywordMain.groovy:68)
	at com.kms.katalon.core.keyword.builtin.CallTestCaseKeyword.callTestCase(CallTestCaseKeyword.groovy:81)
	at com.kms.katalon.core.keyword.builtin.CallTestCaseKeyword.execute(CallTestCaseKeyword.groovy:44)
	at com.kms.katalon.core.keyword.internal.KeywordExecutor.executeKeywordForPlatform(KeywordExecutor.groovy:72)
	at com.kms.katalon.core.keyword.BuiltinKeywords.callTestCase(BuiltinKeywords.groovy:334)
	at Script1571908017636.run(Script1571908017636.groovy:23)
	... 13 more
)

2020-03-10 16:44:04 - [MESSAGE][INFO] - Starting 'Chrome' driver

2020-03-10 16:44:04 - [MESSAGE][INFO] - Action delay is set to 0 seconds

2020-03-10 16:44:40 - [MESSAGE][PASSED] - Browser is opened with url: 'http://192.168.0.100:8080/Fintegrity'

2020-03-10 16:44:40 - [MESSAGE][INFO] - Browser is not opened, Login Have Been Re-Initiated

2020-03-10 16:44:40 - [MESSAGE][PASSED] - Wait for page load successfully

2020-03-10 16:44:43 - [MESSAGE][PASSED] - Delayed 3 second(s)

2020-03-10 16:44:45 - [MESSAGE][PASSED] - Current window maximized

2020-03-10 16:44:46 - [MESSAGE][PASSED] - Taking screenshot successfully
[[ATTACHMENT|D:\\screenshot.png]]

2020-03-10 16:44:46 - [MESSAGE][PASSED] - Object 'Object Repository/LoginLogout/Page_ Login/input_frmMainbtnLogin' is visible

2020-03-10 16:44:47 - [MESSAGE][PASSED] - Keys 'LUKMAN' sent to object: 'Object Repository/LoginLogout/Page_ Login/input_frmMainuserName'

2020-03-10 16:44:48 - [MESSAGE][PASSED] - Keys 'Mbf137??' sent to object: 'Object Repository/LoginLogout/Page_ Login/input_frmMainpassword'

2020-03-10 16:44:48 - [MESSAGE][PASSED] - Object: 'Object Repository/LoginLogout/Page_ Login/input_frmMainbtnLogin' is clicked on

2020-03-10 16:44:48 - [MESSAGE][PASSED] - Login Completed!

2020-03-10 16:44:48 - [TEST_STEP][PASSED] - waitForElementPresent(findTestObject("EntryBooking/Page Home Menu Footer/img"), wait_js_long_time): Object 'Object Repository/EntryBooking/Page Home Menu Footer/img' is present

2020-03-10 16:44:56 - [MESSAGE][PASSED] - Object 'Object Repository/EntryBooking/Page Home Menu Footer/img' is present

2020-03-10 16:44:56 - [TEST_STEP][PASSED] - customKeywords.CustomKeywordJS.clickUsingJS(findTestObject("EntryBooking/Page Home Menu Footer/span_Entry Booking"), wait_js_long_time): customKeywords.CustomKeywordJS.clickUsingJS is PASSED

2020-03-10 16:44:58 - [MESSAGE][PASSED] - customKeywords.CustomKeywordJS.clickUsingJS is PASSED

2020-03-10 16:44:58 - [TEST_STEP][PASSED] - delay(wait_short_time): Delayed 3 second(s)

2020-03-10 16:45:01 - [MESSAGE][PASSED] - Delayed 3 second(s)

2020-03-10 16:45:01 - [TEST_STEP][PASSED] - customKeywords.CustomKeywordJS.clickUsingJS(findTestObject("EntryBooking/Page EB_Maker/img"), wait_js_long_time): customKeywords.CustomKeywordJS.clickUsingJS is PASSED

2020-03-10 16:45:05 - [MESSAGE][PASSED] - customKeywords.CustomKeywordJS.clickUsingJS is PASSED

2020-03-10 16:45:05 - [TEST_STEP][PASSED] - delay(wait_short_time): Delayed 3 second(s)

2020-03-10 16:45:08 - [MESSAGE][PASSED] - Delayed 3 second(s)

2020-03-10 16:45:08 - [TEST_STEP][PASSED] - if (toString().equalsIgnoreCase("FINAL")): null

2020-03-10 16:45:08 - [TEST_STEP][PASSED] - if (toString().equalsIgnoreCase("C")): null

2020-03-10 16:45:08 - [TEST_STEP][PASSED] - setText(findTestObject("EntryBooking/Page EB_Maker/input_frmMainname"), CustomerName): Text 'ONG BAK' is set on object 'Object Repository/EntryBooking/Page EB_Maker/input_frmMainname'

2020-03-10 16:45:09 - [MESSAGE][PASSED] - Text 'ONG BAK' is set on object 'Object Repository/EntryBooking/Page EB_Maker/input_frmMainname'

2020-03-10 16:45:09 - [TEST_STEP][PASSED] - setText(findTestObject("EntryBooking/Page EB_Maker/input_frmMainphoneNo"), PhoneNumber): Text '89609430043' is set on object 'Object Repository/EntryBooking/Page EB_Maker/input_frmMainphoneNo'

2020-03-10 16:45:10 - [MESSAGE][PASSED] - Text '89609430043' is set on object 'Object Repository/EntryBooking/Page EB_Maker/input_frmMainphoneNo'

2020-03-10 16:45:10 - [TEST_STEP][PASSED] - setText(findTestObject("EntryBooking/Page EB_Maker/textarea_frmMainaddress"), Address): Text 'JAKARTA' is set on object 'Object Repository/EntryBooking/Page EB_Maker/textarea_frmMainaddress'

2020-03-10 16:45:11 - [MESSAGE][PASSED] - Text 'JAKARTA' is set on object 'Object Repository/EntryBooking/Page EB_Maker/textarea_frmMainaddress'

2020-03-10 16:45:11 - [TEST_STEP][PASSED] - setText(findTestObject("EntryBooking/Page EB_Maker/input_frmMainsupAssetFilter_su"), SupplierName): Text 'HONDA JAKARTA CENTER' is set on object 'Object Repository/EntryBooking/Page EB_Maker/input_frmMainsupAssetFilter_su'

2020-03-10 16:45:14 - [MESSAGE][PASSED] - Text 'HONDA JAKARTA CENTER' is set on object 'Object Repository/EntryBooking/Page EB_Maker/input_frmMainsupAssetFilter_su'

2020-03-10 16:45:14 - [TEST_STEP][PASSED] - delay(wait_short_time): Delayed 3 second(s)

2020-03-10 16:45:17 - [MESSAGE][PASSED] - Delayed 3 second(s)

2020-03-10 16:45:17 - [TEST_STEP][PASSED] - selectOptionByLabel(findTestObject("EntryBooking/Page EB_Maker/select_FORD JAKARTA SELATANFOR"), SupplierName, false): All options with label 'HONDA JAKARTA CENTER' are selected in object 'Object Repository/EntryBooking/Page EB_Maker/select_FORD JAKARTA SELATANFOR' 

2020-03-10 16:45:18 - [MESSAGE][PASSED] - All options with label 'HONDA JAKARTA CENTER' are selected in object 'Object Repository/EntryBooking/Page EB_Maker/select_FORD JAKARTA SELATANFOR' 

2020-03-10 16:45:18 - [TEST_STEP][PASSED] - delay(wait_short_time): Delayed 3 second(s)

2020-03-10 16:45:21 - [MESSAGE][PASSED] - Delayed 3 second(s)

2020-03-10 16:45:21 - [TEST_STEP][PASSED] - customKeywords.CustomKeywordJS.clickUsingJS(findTestObject("EntryBooking/Page EB_Maker/input_frmMainbtnAL_saveExec"), wait_js_long_time): customKeywords.CustomKeywordJS.clickUsingJS is PASSED

2020-03-10 16:45:22 - [MESSAGE][PASSED] - customKeywords.CustomKeywordJS.clickUsingJS is PASSED

2020-03-10 16:45:22 - [TEST_STEP][PASSED] - acceptAlert(): Alert accepted

2020-03-10 16:45:22 - [MESSAGE][PASSED] - Alert accepted

2020-03-10 16:45:22 - [TEST_STEP][PASSED] - waitForElementNotPresent(findTestObject("Object Repository/EntryBooking/Page EB_Maker/MaskLoadingScreen"), wait_long_time, OPTIONAL): Web element with id: 'Object Repository/EntryBooking/Page EB_Maker/MaskLoadingScreen' located by 'By.xpath: //*[@id="modalPanelDiv"]' is present after '10' second(s)

2020-03-10 16:45:33 - [MESSAGE][WARNING] - Web element with id: 'Object Repository/EntryBooking/Page EB_Maker/MaskLoadingScreen' located by 'By.xpath: //*[@id="modalPanelDiv"]' is present after '10' second(s)

2020-03-10 16:45:33 - [TEST_STEP][PASSED] - waitForElementClickable(findTestObject("EntryBooking/Page EB_Maker/input_frmMainbtnA_wfNextWithou"), wait_long_time, STOP_ON_FAILURE): Object 'Object Repository/EntryBooking/Page EB_Maker/input_frmMainbtnA_wfNextWithou' is clickable

2020-03-10 16:45:33 - [MESSAGE][PASSED] - Object 'Object Repository/EntryBooking/Page EB_Maker/input_frmMainbtnA_wfNextWithou' is clickable

2020-03-10 16:45:33 - [TEST_STEP][PASSED] - customKeywords.CustomKeywordJS.clickUsingJS(findTestObject("EntryBooking/Page EB_Maker/input_frmMainbtnA_wfNextWithou"), wait_js_long_time): customKeywords.CustomKeywordJS.clickUsingJS is PASSED

2020-03-10 16:45:34 - [MESSAGE][PASSED] - customKeywords.CustomKeywordJS.clickUsingJS is PASSED

2020-03-10 16:45:34 - [TEST_STEP][PASSED] - acceptAlert(): Alert accepted

2020-03-10 16:45:34 - [MESSAGE][PASSED] - Alert accepted

2020-03-10 16:45:34 - [TEST_STEP][PASSED] - delay(wait_long_time): Delayed 10 second(s)

2020-03-10 16:45:44 - [MESSAGE][PASSED] - Delayed 10 second(s)

2020-03-10 16:45:44 - [MESSAGE][PASSED] - Call Test Case 'Test Cases/EntryBooking/EntryBooking_Maker' successfully

2020-03-10 16:45:44 - [TEST_STEP][PASSED] - callTestCase(findTestCase("LoginLogout/Logout"), ["isOpenBrowser":true], STOP_ON_FAILURE): Call Test Case 'Test Cases/LoginLogout/Logout' successfully

2020-03-10 16:45:44 - [TEST_CASE][PASSED] - Test Cases/LoginLogout/Logout: Test Cases/LoginLogout/Logout

2020-03-10 16:45:45 - [TEST_STEP][PASSED] - waitForPageLoad(wait_long_time): Wait for page load successfully

2020-03-10 16:45:45 - [MESSAGE][PASSED] - Wait for page load successfully

2020-03-10 16:45:45 - [TEST_STEP][PASSED] - delay(wait_short_time): Delayed 3 second(s)

2020-03-10 16:45:48 - [MESSAGE][PASSED] - Delayed 3 second(s)

2020-03-10 16:45:48 - [TEST_STEP][PASSED] - waitForElementVisible(findTestObject("LoginLogout/Page_ Logout/a_Logout"), wait_js_long_time): Object 'Object Repository/LoginLogout/Page_ Logout/a_Logout' is visible

2020-03-10 16:45:48 - [MESSAGE][PASSED] - Object 'Object Repository/LoginLogout/Page_ Logout/a_Logout' is visible

2020-03-10 16:45:48 - [TEST_STEP][PASSED] - customKeywords.CustomKeywordJS.clickUsingJS(findTestObject("LoginLogout/Page_ Logout/a_Logout"), wait_js_long_time): customKeywords.CustomKeywordJS.clickUsingJS is PASSED

2020-03-10 16:45:49 - [MESSAGE][PASSED] - customKeywords.CustomKeywordJS.clickUsingJS is PASSED

2020-03-10 16:45:49 - [MESSAGE][PASSED] - Call Test Case 'Test Cases/LoginLogout/Logout' successfully

2020-03-10 16:45:49 - [TEST_STEP][PASSED] - callTestCase(findTestCase("LoginLogout/Login_Enhanced"), ["UserName":Checker], STOP_ON_FAILURE): Call Test Case 'Test Cases/LoginLogout/Login_Enhanced' successfully

2020-03-10 16:45:49 - [TEST_CASE][PASSED] - Test Cases/LoginLogout/Login_Enhanced: Test Cases/LoginLogout/Login_Enhanced

2020-03-10 16:45:49 - [TEST_STEP][PASSED] - customKeywords.LoginHelper.DoLogin(Fintegrity, UserName, FinPass): Login Completed!

2020-03-10 16:45:50 - [MESSAGE][PASSED] - Navigate to 'http://192.168.0.100:8080/Fintegrity' successfully

2020-03-10 16:45:50 - [MESSAGE][INFO] - Login Have Been Initiated

2020-03-10 16:45:50 - [MESSAGE][PASSED] - Wait for page load successfully

2020-03-10 16:45:53 - [MESSAGE][PASSED] - Delayed 3 second(s)

2020-03-10 16:45:53 - [MESSAGE][PASSED] - Current window maximized

2020-03-10 16:45:53 - [MESSAGE][PASSED] - Taking screenshot successfully
[[ATTACHMENT|D:\\screenshot.png]]

2020-03-10 16:45:54 - [MESSAGE][PASSED] - Object 'Object Repository/LoginLogout/Page_ Login/input_frmMainbtnLogin' is visible

2020-03-10 16:45:54 - [MESSAGE][PASSED] - Keys 'CHAIRUL' sent to object: 'Object Repository/LoginLogout/Page_ Login/input_frmMainuserName'

2020-03-10 16:45:55 - [MESSAGE][PASSED] - Keys 'Mbf137??' sent to object: 'Object Repository/LoginLogout/Page_ Login/input_frmMainpassword'

2020-03-10 16:45:55 - [MESSAGE][PASSED] - Object: 'Object Repository/LoginLogout/Page_ Login/input_frmMainbtnLogin' is clicked on

2020-03-10 16:45:55 - [MESSAGE][PASSED] - Login Completed!

2020-03-10 16:45:55 - [MESSAGE][PASSED] - Call Test Case 'Test Cases/LoginLogout/Login_Enhanced' successfully

2020-03-10 16:45:55 - [TEST_STEP][PASSED] - callTestCase(findTestCase("EntryBooking/EntryBooking_Checker"), ["CustomerName":CustomerName], STOP_ON_FAILURE): Call Test Case 'Test Cases/EntryBooking/EntryBooking_Checker' successfully

2020-03-10 16:45:55 - [TEST_CASE][PASSED] - Test Cases/EntryBooking/EntryBooking_Checker: Test Cases/EntryBooking/EntryBooking_Checker

2020-03-10 16:45:56 - [TEST_STEP][PASSED] - callTestCase(findTestCase("EntryBooking/HomeTask/EntryBookingHomeTask"), ["CustomerName":CustomerName], STOP_ON_FAILURE): Call Test Case 'Test Cases/EntryBooking/HomeTask/EntryBookingHomeTask' successfully

2020-03-10 16:45:56 - [TEST_CASE][PASSED] - Test Cases/EntryBooking/HomeTask/EntryBookingHomeTask: Test Cases/EntryBooking/HomeTask/EntryBookingHomeTask

2020-03-10 16:45:57 - [TEST_STEP][PASSED] - waitForElementPresent(findTestObject("EntryBooking/Page EB_Checker/Page Panel Task_EB/panel_task_entry_booking"), wait_js_long_time): Object 'Object Repository/EntryBooking/Page EB_Checker/Page Panel Task_EB/panel_task_entry_booking' is present

2020-03-10 16:46:11 - [MESSAGE][PASSED] - Object 'Object Repository/EntryBooking/Page EB_Checker/Page Panel Task_EB/panel_task_entry_booking' is present

2020-03-10 16:46:11 - [TEST_STEP][PASSED] - delay(wait_medium_time): Delayed 5 second(s)

2020-03-10 16:46:16 - [MESSAGE][PASSED] - Delayed 5 second(s)

2020-03-10 16:46:16 - [TEST_STEP][PASSED] - if (verifyElementNotPresent(findTestObject("Object Repository/EntryBooking/Page EB_Checker/Page Panel Task_EB/table_task"), wait_short_time, OPTIONAL)): Web element with id: 'Object Repository/EntryBooking/Page EB_Checker/Page Panel Task_EB/table_task' located by 'By.xpath: //*[@id="frmMain:dtEBTask:tb"]' is present after '3' second(s) (Root cause: com.kms.katalon.core.exception.StepFailedException: Web element with id: 'Object Repository/EntryBooking/Page EB_Checker/Page Panel Task_EB/table_task' located by 'By.xpath: //*[@id="frmMain:dtEBTask:tb"]' is present after '3' second(s)
	at com.kms.katalon.core.webui.keyword.internal.WebUIKeywordMain.stepFailed(WebUIKeywordMain.groovy:64)
	at com.kms.katalon.core.webui.keyword.internal.WebUIKeywordMain$stepFailed$0.call(Unknown Source)
	at com.kms.katalon.core.webui.keyword.builtin.VerifyElementNotPresentKeyword$_verifyElementNotPresent_closure1.doCall(VerifyElementNotPresentKeyword.groovy:106)
	at com.kms.katalon.core.webui.keyword.builtin.VerifyElementNotPresentKeyword$_verifyElementNotPresent_closure1.doCall(VerifyElementNotPresentKeyword.groovy)
	at com.kms.katalon.core.webui.keyword.internal.WebUIKeywordMain.runKeyword(WebUIKeywordMain.groovy:20)
	at com.kms.katalon.core.webui.keyword.internal.WebUIKeywordMain$runKeyword.call(Unknown Source)
	at com.kms.katalon.core.webui.keyword.builtin.VerifyElementNotPresentKeyword.verifyElementNotPresent(VerifyElementNotPresentKeyword.groovy:117)
	at com.kms.katalon.core.webui.keyword.builtin.VerifyElementNotPresentKeyword.execute(VerifyElementNotPresentKeyword.groovy:68)
	at com.kms.katalon.core.keyword.internal.KeywordExecutor.executeKeywordForPlatform(KeywordExecutor.groovy:72)
	at com.kms.katalon.core.webui.keyword.WebUiBuiltInKeywords.verifyElementNotPresent(WebUiBuiltInKeywords.groovy:1451)
	at com.kms.katalon.core.webui.keyword.WebUiBuiltInKeywords$verifyElementNotPresent$15.call(Unknown Source)
	at EntryBookingHomeTask.run(EntryBookingHomeTask:48)
	at com.kms.katalon.core.main.ScriptEngine.run(ScriptEngine.java:194)
	at com.kms.katalon.core.main.ScriptEngine.runScriptAsRawText(ScriptEngine.java:119)
	at com.kms.katalon.core.main.TestCaseExecutor.runScript(TestCaseExecutor.java:337)
	at com.kms.katalon.core.main.TestCaseExecutor.doExecute(TestCaseExecutor.java:328)
	at com.kms.katalon.core.main.TestCaseExecutor.processExecutionPhase(TestCaseExecutor.java:307)
	at com.kms.katalon.core.main.TestCaseExecutor.accessMainPhase(TestCaseExecutor.java:299)
	at com.kms.katalon.core.main.TestCaseExecutor.execute(TestCaseExecutor.java:233)
	at com.kms.katalon.core.main.TestCaseMain.runTestCase(TestCaseMain.java:114)
	at com.kms.katalon.core.keyword.builtin.CallTestCaseKeyword$_callTestCase_closure1.doCall(CallTestCaseKeyword.groovy:59)
	at com.kms.katalon.core.keyword.builtin.CallTestCaseKeyword$_callTestCase_closure1.call(CallTestCaseKeyword.groovy)
	at com.kms.katalon.core.keyword.internal.KeywordMain.runKeyword(KeywordMain.groovy:68)
	at com.kms.katalon.core.keyword.builtin.CallTestCaseKeyword.callTestCase(CallTestCaseKeyword.groovy:81)
	at com.kms.katalon.core.keyword.builtin.CallTestCaseKeyword.execute(CallTestCaseKeyword.groovy:44)
	at com.kms.katalon.core.keyword.internal.KeywordExecutor.executeKeywordForPlatform(KeywordExecutor.groovy:72)
	at com.kms.katalon.core.keyword.BuiltinKeywords.callTestCase(BuiltinKeywords.groovy:334)
	at EntryBooking_Checker.run(EntryBooking_Checker:28)
	at com.kms.katalon.core.main.ScriptEngine.run(ScriptEngine.java:194)
	at com.kms.katalon.core.main.ScriptEngine.runScriptAsRawText(ScriptEngine.java:119)
	at com.kms.katalon.core.main.TestCaseExecutor.runScript(TestCaseExecutor.java:337)
	at com.kms.katalon.core.main.TestCaseExecutor.doExecute(TestCaseExecutor.java:328)
	at com.kms.katalon.core.main.TestCaseExecutor.processExecutionPhase(TestCaseExecutor.java:307)
	at com.kms.katalon.core.main.TestCaseExecutor.accessMainPhase(TestCaseExecutor.java:299)
	at com.kms.katalon.core.main.TestCaseExecutor.execute(TestCaseExecutor.java:233)
	at com.kms.katalon.core.main.TestCaseMain.runTestCase(TestCaseMain.java:114)
	at com.kms.katalon.core.keyword.builtin.CallTestCaseKeyword$_callTestCase_closure1.doCall(CallTestCaseKeyword.groovy:59)
	at com.kms.katalon.core.keyword.builtin.CallTestCaseKeyword$_callTestCase_closure1.call(CallTestCaseKeyword.groovy)
	at com.kms.katalon.core.keyword.internal.KeywordMain.runKeyword(KeywordMain.groovy:68)
	at com.kms.katalon.core.keyword.builtin.CallTestCaseKeyword.callTestCase(CallTestCaseKeyword.groovy:81)
	at com.kms.katalon.core.keyword.builtin.CallTestCaseKeyword.execute(CallTestCaseKeyword.groovy:44)
	at com.kms.katalon.core.keyword.internal.KeywordExecutor.executeKeywordForPlatform(KeywordExecutor.groovy:72)
	at com.kms.katalon.core.keyword.BuiltinKeywords.callTestCase(BuiltinKeywords.groovy:334)
	at EntryBooking_All.run(EntryBooking_All:33)
	at com.kms.katalon.core.main.ScriptEngine.run(ScriptEngine.java:194)
	at com.kms.katalon.core.main.ScriptEngine.runScriptAsRawText(ScriptEngine.java:119)
	at com.kms.katalon.core.main.TestCaseExecutor.runScript(TestCaseExecutor.java:337)
	at com.kms.katalon.core.main.TestCaseExecutor.doExecute(TestCaseExecutor.java:328)
	at com.kms.katalon.core.main.TestCaseExecutor.processExecutionPhase(TestCaseExecutor.java:307)
	at com.kms.katalon.core.main.TestCaseExecutor.accessMainPhase(TestCaseExecutor.java:299)
	at com.kms.katalon.core.main.TestCaseExecutor.execute(TestCaseExecutor.java:233)
	at com.kms.katalon.core.main.TestCaseMain.runTestCase(TestCaseMain.java:114)
	at com.kms.katalon.core.keyword.builtin.CallTestCaseKeyword$_callTestCase_closure1.doCall(CallTestCaseKeyword.groovy:59)
	at com.kms.katalon.core.keyword.builtin.CallTestCaseKeyword$_callTestCase_closure1.call(CallTestCaseKeyword.groovy)
	at com.kms.katalon.core.keyword.internal.KeywordMain.runKeyword(KeywordMain.groovy:68)
	at com.kms.katalon.core.keyword.builtin.CallTestCaseKeyword.callTestCase(CallTestCaseKeyword.groovy:81)
	at com.kms.katalon.core.keyword.builtin.CallTestCaseKeyword.execute(CallTestCaseKeyword.groovy:44)
	at com.kms.katalon.core.keyword.internal.KeywordExecutor.executeKeywordForPlatform(KeywordExecutor.groovy:72)
	at com.kms.katalon.core.keyword.BuiltinKeywords.callTestCase(BuiltinKeywords.groovy:334)
	at FullScenarioCDBv2.run(FullScenarioCDBv2:23)
	at com.kms.katalon.core.main.ScriptEngine.run(ScriptEngine.java:194)
	at com.kms.katalon.core.main.ScriptEngine.runScriptAsRawText(ScriptEngine.java:119)
	at com.kms.katalon.core.main.TestCaseExecutor.runScript(TestCaseExecutor.java:337)
	at com.kms.katalon.core.main.TestCaseExecutor.doExecute(TestCaseExecutor.java:328)
	at com.kms.katalon.core.main.TestCaseExecutor.processExecutionPhase(TestCaseExecutor.java:307)
	at com.kms.katalon.core.main.TestCaseExecutor.accessMainPhase(TestCaseExecutor.java:299)
	at com.kms.katalon.core.main.TestCaseExecutor.execute(TestCaseExecutor.java:233)
	at com.kms.katalon.core.main.TestSuiteExecutor.accessTestCaseMainPhase(TestSuiteExecutor.java:169)
	at com.kms.katalon.core.main.TestSuiteExecutor.accessTestSuiteMainPhase(TestSuiteExecutor.java:142)
	at com.kms.katalon.core.main.TestSuiteExecutor.execute(TestSuiteExecutor.java:91)
	at com.kms.katalon.core.main.TestCaseMain.startTestSuite(TestCaseMain.java:157)
	at com.kms.katalon.core.main.TestCaseMain$startTestSuite$0.call(Unknown Source)
	at TempTestSuite1583833428733.run(TempTestSuite1583833428733.groovy:36)
)

2020-03-10 16:46:19 - [MESSAGE][WARNING] - Web element with id: 'Object Repository/EntryBooking/Page EB_Checker/Page Panel Task_EB/table_task' located by 'By.xpath: //*[@id="frmMain:dtEBTask:tb"]' is present after '3' second(s) (Root cause: com.kms.katalon.core.exception.StepFailedException: Web element with id: 'Object Repository/EntryBooking/Page EB_Checker/Page Panel Task_EB/table_task' located by 'By.xpath: //*[@id="frmMain:dtEBTask:tb"]' is present after '3' second(s)
	at com.kms.katalon.core.webui.keyword.internal.WebUIKeywordMain.stepFailed(WebUIKeywordMain.groovy:64)
	at com.kms.katalon.core.webui.keyword.internal.WebUIKeywordMain$stepFailed$0.call(Unknown Source)
	at com.kms.katalon.core.webui.keyword.builtin.VerifyElementNotPresentKeyword$_verifyElementNotPresent_closure1.doCall(VerifyElementNotPresentKeyword.groovy:106)
	at com.kms.katalon.core.webui.keyword.builtin.VerifyElementNotPresentKeyword$_verifyElementNotPresent_closure1.doCall(VerifyElementNotPresentKeyword.groovy)
	at com.kms.katalon.core.webui.keyword.internal.WebUIKeywordMain.runKeyword(WebUIKeywordMain.groovy:20)
	at com.kms.katalon.core.webui.keyword.internal.WebUIKeywordMain$runKeyword.call(Unknown Source)
	at com.kms.katalon.core.webui.keyword.builtin.VerifyElementNotPresentKeyword.verifyElementNotPresent(VerifyElementNotPresentKeyword.groovy:117)
	at com.kms.katalon.core.webui.keyword.builtin.VerifyElementNotPresentKeyword.execute(VerifyElementNotPresentKeyword.groovy:68)
	at com.kms.katalon.core.keyword.internal.KeywordExecutor.executeKeywordForPlatform(KeywordExecutor.groovy:72)
	at com.kms.katalon.core.webui.keyword.WebUiBuiltInKeywords.verifyElementNotPresent(WebUiBuiltInKeywords.groovy:1451)
	at com.kms.katalon.core.webui.keyword.WebUiBuiltInKeywords$verifyElementNotPresent$15.call(Unknown Source)
	at EntryBookingHomeTask.run(EntryBookingHomeTask:48)
	at com.kms.katalon.core.main.ScriptEngine.run(ScriptEngine.java:194)
	at com.kms.katalon.core.main.ScriptEngine.runScriptAsRawText(ScriptEngine.java:119)
	at com.kms.katalon.core.main.TestCaseExecutor.runScript(TestCaseExecutor.java:337)
	at com.kms.katalon.core.main.TestCaseExecutor.doExecute(TestCaseExecutor.java:328)
	at com.kms.katalon.core.main.TestCaseExecutor.processExecutionPhase(TestCaseExecutor.java:307)
	at com.kms.katalon.core.main.TestCaseExecutor.accessMainPhase(TestCaseExecutor.java:299)
	at com.kms.katalon.core.main.TestCaseExecutor.execute(TestCaseExecutor.java:233)
	at com.kms.katalon.core.main.TestCaseMain.runTestCase(TestCaseMain.java:114)
	at com.kms.katalon.core.keyword.builtin.CallTestCaseKeyword$_callTestCase_closure1.doCall(CallTestCaseKeyword.groovy:59)
	at com.kms.katalon.core.keyword.builtin.CallTestCaseKeyword$_callTestCase_closure1.call(CallTestCaseKeyword.groovy)
	at com.kms.katalon.core.keyword.internal.KeywordMain.runKeyword(KeywordMain.groovy:68)
	at com.kms.katalon.core.keyword.builtin.CallTestCaseKeyword.callTestCase(CallTestCaseKeyword.groovy:81)
	at com.kms.katalon.core.keyword.builtin.CallTestCaseKeyword.execute(CallTestCaseKeyword.groovy:44)
	at com.kms.katalon.core.keyword.internal.KeywordExecutor.executeKeywordForPlatform(KeywordExecutor.groovy:72)
	at com.kms.katalon.core.keyword.BuiltinKeywords.callTestCase(BuiltinKeywords.groovy:334)
	at EntryBooking_Checker.run(EntryBooking_Checker:28)
	at com.kms.katalon.core.main.ScriptEngine.run(ScriptEngine.java:194)
	at com.kms.katalon.core.main.ScriptEngine.runScriptAsRawText(ScriptEngine.java:119)
	at com.kms.katalon.core.main.TestCaseExecutor.runScript(TestCaseExecutor.java:337)
	at com.kms.katalon.core.main.TestCaseExecutor.doExecute(TestCaseExecutor.java:328)
	at com.kms.katalon.core.main.TestCaseExecutor.processExecutionPhase(TestCaseExecutor.java:307)
	at com.kms.katalon.core.main.TestCaseExecutor.accessMainPhase(TestCaseExecutor.java:299)
	at com.kms.katalon.core.main.TestCaseExecutor.execute(TestCaseExecutor.java:233)
	at com.kms.katalon.core.main.TestCaseMain.runTestCase(TestCaseMain.java:114)
	at com.kms.katalon.core.keyword.builtin.CallTestCaseKeyword$_callTestCase_closure1.doCall(CallTestCaseKeyword.groovy:59)
	at com.kms.katalon.core.keyword.builtin.CallTestCaseKeyword$_callTestCase_closure1.call(CallTestCaseKeyword.groovy)
	at com.kms.katalon.core.keyword.internal.KeywordMain.runKeyword(KeywordMain.groovy:68)
	at com.kms.katalon.core.keyword.builtin.CallTestCaseKeyword.callTestCase(CallTestCaseKeyword.groovy:81)
	at com.kms.katalon.core.keyword.builtin.CallTestCaseKeyword.execute(CallTestCaseKeyword.groovy:44)
	at com.kms.katalon.core.keyword.internal.KeywordExecutor.executeKeywordForPlatform(KeywordExecutor.groovy:72)
	at com.kms.katalon.core.keyword.BuiltinKeywords.callTestCase(BuiltinKeywords.groovy:334)
	at EntryBooking_All.run(EntryBooking_All:33)
	at com.kms.katalon.core.main.ScriptEngine.run(ScriptEngine.java:194)
	at com.kms.katalon.core.main.ScriptEngine.runScriptAsRawText(ScriptEngine.java:119)
	at com.kms.katalon.core.main.TestCaseExecutor.runScript(TestCaseExecutor.java:337)
	at com.kms.katalon.core.main.TestCaseExecutor.doExecute(TestCaseExecutor.java:328)
	at com.kms.katalon.core.main.TestCaseExecutor.processExecutionPhase(TestCaseExecutor.java:307)
	at com.kms.katalon.core.main.TestCaseExecutor.accessMainPhase(TestCaseExecutor.java:299)
	at com.kms.katalon.core.main.TestCaseExecutor.execute(TestCaseExecutor.java:233)
	at com.kms.katalon.core.main.TestCaseMain.runTestCase(TestCaseMain.java:114)
	at com.kms.katalon.core.keyword.builtin.CallTestCaseKeyword$_callTestCase_closure1.doCall(CallTestCaseKeyword.groovy:59)
	at com.kms.katalon.core.keyword.builtin.CallTestCaseKeyword$_callTestCase_closure1.call(CallTestCaseKeyword.groovy)
	at com.kms.katalon.core.keyword.internal.KeywordMain.runKeyword(KeywordMain.groovy:68)
	at com.kms.katalon.core.keyword.builtin.CallTestCaseKeyword.callTestCase(CallTestCaseKeyword.groovy:81)
	at com.kms.katalon.core.keyword.builtin.CallTestCaseKeyword.execute(CallTestCaseKeyword.groovy:44)
	at com.kms.katalon.core.keyword.internal.KeywordExecutor.executeKeywordForPlatform(KeywordExecutor.groovy:72)
	at com.kms.katalon.core.keyword.BuiltinKeywords.callTestCase(BuiltinKeywords.groovy:334)
	at FullScenarioCDBv2.run(FullScenarioCDBv2:23)
	at com.kms.katalon.core.main.ScriptEngine.run(ScriptEngine.java:194)
	at com.kms.katalon.core.main.ScriptEngine.runScriptAsRawText(ScriptEngine.java:119)
	at com.kms.katalon.core.main.TestCaseExecutor.runScript(TestCaseExecutor.java:337)
	at com.kms.katalon.core.main.TestCaseExecutor.doExecute(TestCaseExecutor.java:328)
	at com.kms.katalon.core.main.TestCaseExecutor.processExecutionPhase(TestCaseExecutor.java:307)
	at com.kms.katalon.core.main.TestCaseExecutor.accessMainPhase(TestCaseExecutor.java:299)
	at com.kms.katalon.core.main.TestCaseExecutor.execute(TestCaseExecutor.java:233)
	at com.kms.katalon.core.main.TestSuiteExecutor.accessTestCaseMainPhase(TestSuiteExecutor.java:169)
	at com.kms.katalon.core.main.TestSuiteExecutor.accessTestSuiteMainPhase(TestSuiteExecutor.java:142)
	at com.kms.katalon.core.main.TestSuiteExecutor.execute(TestSuiteExecutor.java:91)
	at com.kms.katalon.core.main.TestCaseMain.startTestSuite(TestCaseMain.java:157)
	at com.kms.katalon.core.main.TestCaseMain$startTestSuite$0.call(Unknown Source)
	at TempTestSuite1583833428733.run(TempTestSuite1583833428733.groovy:36)
)

2020-03-10 16:46:19 - [TEST_STEP][PASSED] - delay(wait_medium_time): Delayed 5 second(s)

2020-03-10 16:46:24 - [MESSAGE][PASSED] - Delayed 5 second(s)

2020-03-10 16:46:24 - [TEST_STEP][PASSED] - if (verifyElementPresent(findTestObject("EntryBooking/Page EB_Checker/Page Panel Task_EB/last_page_table"), wait_short_time, OPTIONAL)): com.kms.katalon.core.webui.exception.WebElementNotFoundException: Web element with id: 'Object Repository/EntryBooking/Page EB_Checker/Page Panel Task_EB/last_page_table' located by 'By.xpath: //td[@onclick = concat('Event.fire(this, ' , "'" , 'rich:datascroller:onscroll' , "'" , ', {' , "'" , 'page' , "'" , ': ' , "'" , 'last' , "'" , '});') and (text() = '»»' or . = '»»')]' not found (Root cause: com.kms.katalon.core.exception.StepFailedException: com.kms.katalon.core.webui.exception.WebElementNotFoundException: Web element with id: 'Object Repository/EntryBooking/Page EB_Checker/Page Panel Task_EB/last_page_table' located by 'By.xpath: //td[@onclick = concat('Event.fire(this, ' , "'" , 'rich:datascroller:onscroll' , "'" , ', {' , "'" , 'page' , "'" , ': ' , "'" , 'last' , "'" , '});') and (text() = '»»' or . = '»»')]' not found
	at com.kms.katalon.core.webui.keyword.internal.WebUIKeywordMain.stepFailed(WebUIKeywordMain.groovy:64)
	at com.kms.katalon.core.webui.keyword.builtin.VerifyElementPresentKeyword$_verifyElementPresent_closure1.doCall(VerifyElementPresentKeyword.groovy:85)
	at com.kms.katalon.core.webui.keyword.builtin.VerifyElementPresentKeyword$_verifyElementPresent_closure1.call(VerifyElementPresentKeyword.groovy)
	at com.kms.katalon.core.webui.keyword.internal.WebUIKeywordMain.runKeyword(WebUIKeywordMain.groovy:20)
	at com.kms.katalon.core.webui.keyword.builtin.VerifyElementPresentKeyword.verifyElementPresent(VerifyElementPresentKeyword.groovy:92)
	at com.kms.katalon.core.webui.keyword.builtin.VerifyElementPresentKeyword.execute(VerifyElementPresentKeyword.groovy:68)
	at com.kms.katalon.core.keyword.internal.KeywordExecutor.executeKeywordForPlatform(KeywordExecutor.groovy:72)
	at com.kms.katalon.core.webui.keyword.WebUiBuiltInKeywords.verifyElementPresent(WebUiBuiltInKeywords.groovy:1418)
	at com.kms.katalon.core.webui.keyword.WebUiBuiltInKeywords$verifyElementPresent$16.call(Unknown Source)
	at EntryBookingHomeTask.run(EntryBookingHomeTask:84)
	at com.kms.katalon.core.main.ScriptEngine.run(ScriptEngine.java:194)
	at com.kms.katalon.core.main.ScriptEngine.runScriptAsRawText(ScriptEngine.java:119)
	at com.kms.katalon.core.main.TestCaseExecutor.runScript(TestCaseExecutor.java:337)
	at com.kms.katalon.core.main.TestCaseExecutor.doExecute(TestCaseExecutor.java:328)
	at com.kms.katalon.core.main.TestCaseExecutor.processExecutionPhase(TestCaseExecutor.java:307)
	at com.kms.katalon.core.main.TestCaseExecutor.accessMainPhase(TestCaseExecutor.java:299)
	at com.kms.katalon.core.main.TestCaseExecutor.execute(TestCaseExecutor.java:233)
	at com.kms.katalon.core.main.TestCaseMain.runTestCase(TestCaseMain.java:114)
	at com.kms.katalon.core.keyword.builtin.CallTestCaseKeyword$_callTestCase_closure1.doCall(CallTestCaseKeyword.groovy:59)
	at com.kms.katalon.core.keyword.builtin.CallTestCaseKeyword$_callTestCase_closure1.call(CallTestCaseKeyword.groovy)
	at com.kms.katalon.core.keyword.internal.KeywordMain.runKeyword(KeywordMain.groovy:68)
	at com.kms.katalon.core.keyword.builtin.CallTestCaseKeyword.callTestCase(CallTestCaseKeyword.groovy:81)
	at com.kms.katalon.core.keyword.builtin.CallTestCaseKeyword.execute(CallTestCaseKeyword.groovy:44)
	at com.kms.katalon.core.keyword.internal.KeywordExecutor.executeKeywordForPlatform(KeywordExecutor.groovy:72)
	at com.kms.katalon.core.keyword.BuiltinKeywords.callTestCase(BuiltinKeywords.groovy:334)
	at EntryBooking_Checker.run(EntryBooking_Checker:28)
	at com.kms.katalon.core.main.ScriptEngine.run(ScriptEngine.java:194)
	at com.kms.katalon.core.main.ScriptEngine.runScriptAsRawText(ScriptEngine.java:119)
	at com.kms.katalon.core.main.TestCaseExecutor.runScript(TestCaseExecutor.java:337)
	at com.kms.katalon.core.main.TestCaseExecutor.doExecute(TestCaseExecutor.java:328)
	at com.kms.katalon.core.main.TestCaseExecutor.processExecutionPhase(TestCaseExecutor.java:307)
	at com.kms.katalon.core.main.TestCaseExecutor.accessMainPhase(TestCaseExecutor.java:299)
	at com.kms.katalon.core.main.TestCaseExecutor.execute(TestCaseExecutor.java:233)
	at com.kms.katalon.core.main.TestCaseMain.runTestCase(TestCaseMain.java:114)
	at com.kms.katalon.core.keyword.builtin.CallTestCaseKeyword$_callTestCase_closure1.doCall(CallTestCaseKeyword.groovy:59)
	at com.kms.katalon.core.keyword.builtin.CallTestCaseKeyword$_callTestCase_closure1.call(CallTestCaseKeyword.groovy)
	at com.kms.katalon.core.keyword.internal.KeywordMain.runKeyword(KeywordMain.groovy:68)
	at com.kms.katalon.core.keyword.builtin.CallTestCaseKeyword.callTestCase(CallTestCaseKeyword.groovy:81)
	at com.kms.katalon.core.keyword.builtin.CallTestCaseKeyword.execute(CallTestCaseKeyword.groovy:44)
	at com.kms.katalon.core.keyword.internal.KeywordExecutor.executeKeywordForPlatform(KeywordExecutor.groovy:72)
	at com.kms.katalon.core.keyword.BuiltinKeywords.callTestCase(BuiltinKeywords.groovy:334)
	at EntryBooking_All.run(EntryBooking_All:33)
	at com.kms.katalon.core.main.ScriptEngine.run(ScriptEngine.java:194)
	at com.kms.katalon.core.main.ScriptEngine.runScriptAsRawText(ScriptEngine.java:119)
	at com.kms.katalon.core.main.TestCaseExecutor.runScript(TestCaseExecutor.java:337)
	at com.kms.katalon.core.main.TestCaseExecutor.doExecute(TestCaseExecutor.java:328)
	at com.kms.katalon.core.main.TestCaseExecutor.processExecutionPhase(TestCaseExecutor.java:307)
	at com.kms.katalon.core.main.TestCaseExecutor.accessMainPhase(TestCaseExecutor.java:299)
	at com.kms.katalon.core.main.TestCaseExecutor.execute(TestCaseExecutor.java:233)
	at com.kms.katalon.core.main.TestCaseMain.runTestCase(TestCaseMain.java:114)
	at com.kms.katalon.core.keyword.builtin.CallTestCaseKeyword$_callTestCase_closure1.doCall(CallTestCaseKeyword.groovy:59)
	at com.kms.katalon.core.keyword.builtin.CallTestCaseKeyword$_callTestCase_closure1.call(CallTestCaseKeyword.groovy)
	at com.kms.katalon.core.keyword.internal.KeywordMain.runKeyword(KeywordMain.groovy:68)
	at com.kms.katalon.core.keyword.builtin.CallTestCaseKeyword.callTestCase(CallTestCaseKeyword.groovy:81)
	at com.kms.katalon.core.keyword.builtin.CallTestCaseKeyword.execute(CallTestCaseKeyword.groovy:44)
	at com.kms.katalon.core.keyword.internal.KeywordExecutor.executeKeywordForPlatform(KeywordExecutor.groovy:72)
	at com.kms.katalon.core.keyword.BuiltinKeywords.callTestCase(BuiltinKeywords.groovy:334)
	at FullScenarioCDBv2.run(FullScenarioCDBv2:23)
	at com.kms.katalon.core.main.ScriptEngine.run(ScriptEngine.java:194)
	at com.kms.katalon.core.main.ScriptEngine.runScriptAsRawText(ScriptEngine.java:119)
	at com.kms.katalon.core.main.TestCaseExecutor.runScript(TestCaseExecutor.java:337)
	at com.kms.katalon.core.main.TestCaseExecutor.doExecute(TestCaseExecutor.java:328)
	at com.kms.katalon.core.main.TestCaseExecutor.processExecutionPhase(TestCaseExecutor.java:307)
	at com.kms.katalon.core.main.TestCaseExecutor.accessMainPhase(TestCaseExecutor.java:299)
	at com.kms.katalon.core.main.TestCaseExecutor.execute(TestCaseExecutor.java:233)
	at com.kms.katalon.core.main.TestSuiteExecutor.accessTestCaseMainPhase(TestSuiteExecutor.java:169)
	at com.kms.katalon.core.main.TestSuiteExecutor.accessTestSuiteMainPhase(TestSuiteExecutor.java:142)
	at com.kms.katalon.core.main.TestSuiteExecutor.execute(TestSuiteExecutor.java:91)
	at com.kms.katalon.core.main.TestCaseMain.startTestSuite(TestCaseMain.java:157)
	at com.kms.katalon.core.main.TestCaseMain$startTestSuite$0.call(Unknown Source)
	at TempTestSuite1583833428733.run(TempTestSuite1583833428733.groovy:36)
)

2020-03-10 16:46:29 - [MESSAGE][INFO] - Unable to find the element located by 'By.xpath: //td[@onclick = concat('Event.fire(this, ' , "'" , 'rich:datascroller:onscroll' , "'" , ', {' , "'" , 'page' , "'" , ': ' , "'" , 'last' , "'" , '});') and (text() = '»»' or . = '»»')]'. Please recheck the objects properties to make sure the desired element is located. 

2020-03-10 16:46:29 - [MESSAGE][WARNING] - com.kms.katalon.core.webui.exception.WebElementNotFoundException: Web element with id: 'Object Repository/EntryBooking/Page EB_Checker/Page Panel Task_EB/last_page_table' located by 'By.xpath: //td[@onclick = concat('Event.fire(this, ' , "'" , 'rich:datascroller:onscroll' , "'" , ', {' , "'" , 'page' , "'" , ': ' , "'" , 'last' , "'" , '});') and (text() = '»»' or . = '»»')]' not found (Root cause: com.kms.katalon.core.exception.StepFailedException: com.kms.katalon.core.webui.exception.WebElementNotFoundException: Web element with id: 'Object Repository/EntryBooking/Page EB_Checker/Page Panel Task_EB/last_page_table' located by 'By.xpath: //td[@onclick = concat('Event.fire(this, ' , "'" , 'rich:datascroller:onscroll' , "'" , ', {' , "'" , 'page' , "'" , ': ' , "'" , 'last' , "'" , '});') and (text() = '»»' or . = '»»')]' not found
	at com.kms.katalon.core.webui.keyword.internal.WebUIKeywordMain.stepFailed(WebUIKeywordMain.groovy:64)
	at com.kms.katalon.core.webui.keyword.builtin.VerifyElementPresentKeyword$_verifyElementPresent_closure1.doCall(VerifyElementPresentKeyword.groovy:85)
	at com.kms.katalon.core.webui.keyword.builtin.VerifyElementPresentKeyword$_verifyElementPresent_closure1.call(VerifyElementPresentKeyword.groovy)
	at com.kms.katalon.core.webui.keyword.internal.WebUIKeywordMain.runKeyword(WebUIKeywordMain.groovy:20)
	at com.kms.katalon.core.webui.keyword.builtin.VerifyElementPresentKeyword.verifyElementPresent(VerifyElementPresentKeyword.groovy:92)
	at com.kms.katalon.core.webui.keyword.builtin.VerifyElementPresentKeyword.execute(VerifyElementPresentKeyword.groovy:68)
	at com.kms.katalon.core.keyword.internal.KeywordExecutor.executeKeywordForPlatform(KeywordExecutor.groovy:72)
	at com.kms.katalon.core.webui.keyword.WebUiBuiltInKeywords.verifyElementPresent(WebUiBuiltInKeywords.groovy:1418)
	at com.kms.katalon.core.webui.keyword.WebUiBuiltInKeywords$verifyElementPresent$16.call(Unknown Source)
	at EntryBookingHomeTask.run(EntryBookingHomeTask:84)
	at com.kms.katalon.core.main.ScriptEngine.run(ScriptEngine.java:194)
	at com.kms.katalon.core.main.ScriptEngine.runScriptAsRawText(ScriptEngine.java:119)
	at com.kms.katalon.core.main.TestCaseExecutor.runScript(TestCaseExecutor.java:337)
	at com.kms.katalon.core.main.TestCaseExecutor.doExecute(TestCaseExecutor.java:328)
	at com.kms.katalon.core.main.TestCaseExecutor.processExecutionPhase(TestCaseExecutor.java:307)
	at com.kms.katalon.core.main.TestCaseExecutor.accessMainPhase(TestCaseExecutor.java:299)
	at com.kms.katalon.core.main.TestCaseExecutor.execute(TestCaseExecutor.java:233)
	at com.kms.katalon.core.main.TestCaseMain.runTestCase(TestCaseMain.java:114)
	at com.kms.katalon.core.keyword.builtin.CallTestCaseKeyword$_callTestCase_closure1.doCall(CallTestCaseKeyword.groovy:59)
	at com.kms.katalon.core.keyword.builtin.CallTestCaseKeyword$_callTestCase_closure1.call(CallTestCaseKeyword.groovy)
	at com.kms.katalon.core.keyword.internal.KeywordMain.runKeyword(KeywordMain.groovy:68)
	at com.kms.katalon.core.keyword.builtin.CallTestCaseKeyword.callTestCase(CallTestCaseKeyword.groovy:81)
	at com.kms.katalon.core.keyword.builtin.CallTestCaseKeyword.execute(CallTestCaseKeyword.groovy:44)
	at com.kms.katalon.core.keyword.internal.KeywordExecutor.executeKeywordForPlatform(KeywordExecutor.groovy:72)
	at com.kms.katalon.core.keyword.BuiltinKeywords.callTestCase(BuiltinKeywords.groovy:334)
	at EntryBooking_Checker.run(EntryBooking_Checker:28)
	at com.kms.katalon.core.main.ScriptEngine.run(ScriptEngine.java:194)
	at com.kms.katalon.core.main.ScriptEngine.runScriptAsRawText(ScriptEngine.java:119)
	at com.kms.katalon.core.main.TestCaseExecutor.runScript(TestCaseExecutor.java:337)
	at com.kms.katalon.core.main.TestCaseExecutor.doExecute(TestCaseExecutor.java:328)
	at com.kms.katalon.core.main.TestCaseExecutor.processExecutionPhase(TestCaseExecutor.java:307)
	at com.kms.katalon.core.main.TestCaseExecutor.accessMainPhase(TestCaseExecutor.java:299)
	at com.kms.katalon.core.main.TestCaseExecutor.execute(TestCaseExecutor.java:233)
	at com.kms.katalon.core.main.TestCaseMain.runTestCase(TestCaseMain.java:114)
	at com.kms.katalon.core.keyword.builtin.CallTestCaseKeyword$_callTestCase_closure1.doCall(CallTestCaseKeyword.groovy:59)
	at com.kms.katalon.core.keyword.builtin.CallTestCaseKeyword$_callTestCase_closure1.call(CallTestCaseKeyword.groovy)
	at com.kms.katalon.core.keyword.internal.KeywordMain.runKeyword(KeywordMain.groovy:68)
	at com.kms.katalon.core.keyword.builtin.CallTestCaseKeyword.callTestCase(CallTestCaseKeyword.groovy:81)
	at com.kms.katalon.core.keyword.builtin.CallTestCaseKeyword.execute(CallTestCaseKeyword.groovy:44)
	at com.kms.katalon.core.keyword.internal.KeywordExecutor.executeKeywordForPlatform(KeywordExecutor.groovy:72)
	at com.kms.katalon.core.keyword.BuiltinKeywords.callTestCase(BuiltinKeywords.groovy:334)
	at EntryBooking_All.run(EntryBooking_All:33)
	at com.kms.katalon.core.main.ScriptEngine.run(ScriptEngine.java:194)
	at com.kms.katalon.core.main.ScriptEngine.runScriptAsRawText(ScriptEngine.java:119)
	at com.kms.katalon.core.main.TestCaseExecutor.runScript(TestCaseExecutor.java:337)
	at com.kms.katalon.core.main.TestCaseExecutor.doExecute(TestCaseExecutor.java:328)
	at com.kms.katalon.core.main.TestCaseExecutor.processExecutionPhase(TestCaseExecutor.java:307)
	at com.kms.katalon.core.main.TestCaseExecutor.accessMainPhase(TestCaseExecutor.java:299)
	at com.kms.katalon.core.main.TestCaseExecutor.execute(TestCaseExecutor.java:233)
	at com.kms.katalon.core.main.TestCaseMain.runTestCase(TestCaseMain.java:114)
	at com.kms.katalon.core.keyword.builtin.CallTestCaseKeyword$_callTestCase_closure1.doCall(CallTestCaseKeyword.groovy:59)
	at com.kms.katalon.core.keyword.builtin.CallTestCaseKeyword$_callTestCase_closure1.call(CallTestCaseKeyword.groovy)
	at com.kms.katalon.core.keyword.internal.KeywordMain.runKeyword(KeywordMain.groovy:68)
	at com.kms.katalon.core.keyword.builtin.CallTestCaseKeyword.callTestCase(CallTestCaseKeyword.groovy:81)
	at com.kms.katalon.core.keyword.builtin.CallTestCaseKeyword.execute(CallTestCaseKeyword.groovy:44)
	at com.kms.katalon.core.keyword.internal.KeywordExecutor.executeKeywordForPlatform(KeywordExecutor.groovy:72)
	at com.kms.katalon.core.keyword.BuiltinKeywords.callTestCase(BuiltinKeywords.groovy:334)
	at FullScenarioCDBv2.run(FullScenarioCDBv2:23)
	at com.kms.katalon.core.main.ScriptEngine.run(ScriptEngine.java:194)
	at com.kms.katalon.core.main.ScriptEngine.runScriptAsRawText(ScriptEngine.java:119)
	at com.kms.katalon.core.main.TestCaseExecutor.runScript(TestCaseExecutor.java:337)
	at com.kms.katalon.core.main.TestCaseExecutor.doExecute(TestCaseExecutor.java:328)
	at com.kms.katalon.core.main.TestCaseExecutor.processExecutionPhase(TestCaseExecutor.java:307)
	at com.kms.katalon.core.main.TestCaseExecutor.accessMainPhase(TestCaseExecutor.java:299)
	at com.kms.katalon.core.main.TestCaseExecutor.execute(TestCaseExecutor.java:233)
	at com.kms.katalon.core.main.TestSuiteExecutor.accessTestCaseMainPhase(TestSuiteExecutor.java:169)
	at com.kms.katalon.core.main.TestSuiteExecutor.accessTestSuiteMainPhase(TestSuiteExecutor.java:142)
	at com.kms.katalon.core.main.TestSuiteExecutor.execute(TestSuiteExecutor.java:91)
	at com.kms.katalon.core.main.TestCaseMain.startTestSuite(TestCaseMain.java:157)
	at com.kms.katalon.core.main.TestCaseMain$startTestSuite$0.call(Unknown Source)
	at TempTestSuite1583833428733.run(TempTestSuite1583833428733.groovy:36)
)

2020-03-10 16:46:29 - [TEST_STEP][PASSED] - waitForElementVisible(findTestObject("EntryBooking/Page EB_Checker/Page Panel Task_EB/table_task"), 30): Object 'Object Repository/EntryBooking/Page EB_Checker/Page Panel Task_EB/table_task' is visible

2020-03-10 16:46:30 - [MESSAGE][PASSED] - Object 'Object Repository/EntryBooking/Page EB_Checker/Page Panel Task_EB/table_task' is visible

2020-03-10 16:46:30 - [TEST_STEP][PASSED] - driver = getWebDriver(): null

2020-03-10 16:46:30 - [TEST_STEP][PASSED] - Table = driver.findElement(By.xpath("//*[@id="frmMain:dtEBTask:tb"]")): null

2020-03-10 16:46:30 - [TEST_STEP][PASSED] - Rows = Table.findElements(By.tagName("tr")): null

2020-03-10 16:46:30 - [TEST_STEP][PASSED] - println("No. of rows: " + Rows.size()): null

2020-03-10 16:46:30 - [TEST_STEP][PASSED] - println(CustomerName): null

2020-03-10 16:46:30 - [TEST_STEP][PASSED] - for ([i = 0, i < Rows.size(), (i++)]): null

2020-03-10 16:46:30 - [TEST_STEP][PASSED] - Cols = get(i).findElements(By.tagName("td")): null

2020-03-10 16:46:30 - [TEST_STEP][PASSED] - if (getText().equalsIgnoreCase(CustomerName)): null

2020-03-10 16:46:31 - [TEST_STEP][PASSED] - tagName("a")).click(): null

2020-03-10 16:46:35 - [TEST_STEP][PASSED] - break: null

2020-03-10 16:46:35 - [TEST_STEP][PASSED] - delay(wait_medium_time): Delayed 5 second(s)

2020-03-10 16:46:40 - [MESSAGE][PASSED] - Delayed 5 second(s)

2020-03-10 16:46:40 - [MESSAGE][PASSED] - Call Test Case 'Test Cases/EntryBooking/HomeTask/EntryBookingHomeTask' successfully

2020-03-10 16:46:40 - [TEST_STEP][PASSED] - waitForElementPresent(findTestObject("EntryBooking/Page EB_Checker/Page EB_View/wfNext"), wait_long_time): Object 'Object Repository/EntryBooking/Page EB_Checker/Page EB_View/wfNext' is present

2020-03-10 16:46:41 - [MESSAGE][PASSED] - Object 'Object Repository/EntryBooking/Page EB_Checker/Page EB_View/wfNext' is present

2020-03-10 16:46:41 - [TEST_STEP][PASSED] - customKeywords.CustomKeywordJS.clickUsingJS(findTestObject("EntryBooking/Page EB_Checker/Page EB_View/wfNext"), wait_js_long_time): customKeywords.CustomKeywordJS.clickUsingJS is PASSED

2020-03-10 16:46:41 - [MESSAGE][PASSED] - customKeywords.CustomKeywordJS.clickUsingJS is PASSED

2020-03-10 16:46:41 - [TEST_STEP][PASSED] - acceptAlert(): Alert accepted

2020-03-10 16:46:41 - [MESSAGE][PASSED] - Alert accepted

2020-03-10 16:46:41 - [TEST_STEP][PASSED] - delay(wait_long_time): Delayed 10 second(s)

2020-03-10 16:46:51 - [MESSAGE][PASSED] - Delayed 10 second(s)

2020-03-10 16:46:51 - [MESSAGE][PASSED] - Call Test Case 'Test Cases/EntryBooking/EntryBooking_Checker' successfully

2020-03-10 16:46:51 - [TEST_STEP][PASSED] - callTestCase(findTestCase("LoginLogout/Logout"), ["isOpenBrowser":true], STOP_ON_FAILURE): Call Test Case 'Test Cases/LoginLogout/Logout' successfully

2020-03-10 16:46:51 - [TEST_CASE][PASSED] - Test Cases/LoginLogout/Logout: Test Cases/LoginLogout/Logout

2020-03-10 16:46:51 - [TEST_STEP][PASSED] - waitForPageLoad(wait_long_time): Wait for page load successfully

2020-03-10 16:46:58 - [MESSAGE][PASSED] - Wait for page load successfully

2020-03-10 16:46:58 - [TEST_STEP][PASSED] - delay(wait_short_time): Delayed 3 second(s)

2020-03-10 16:47:01 - [MESSAGE][PASSED] - Delayed 3 second(s)

2020-03-10 16:47:01 - [TEST_STEP][PASSED] - waitForElementVisible(findTestObject("LoginLogout/Page_ Logout/a_Logout"), wait_js_long_time): Object 'Object Repository/LoginLogout/Page_ Logout/a_Logout' is visible

2020-03-10 16:47:02 - [MESSAGE][PASSED] - Object 'Object Repository/LoginLogout/Page_ Logout/a_Logout' is visible

2020-03-10 16:47:02 - [TEST_STEP][PASSED] - customKeywords.CustomKeywordJS.clickUsingJS(findTestObject("LoginLogout/Page_ Logout/a_Logout"), wait_js_long_time): customKeywords.CustomKeywordJS.clickUsingJS is PASSED

2020-03-10 16:47:02 - [MESSAGE][PASSED] - customKeywords.CustomKeywordJS.clickUsingJS is PASSED

2020-03-10 16:47:02 - [MESSAGE][PASSED] - Call Test Case 'Test Cases/LoginLogout/Logout' successfully

2020-03-10 16:47:02 - [TEST_STEP][PASSED] - callTestCase(findTestCase("LoginLogout/Login_Enhanced"), ["UserName":Approver], STOP_ON_FAILURE): Call Test Case 'Test Cases/LoginLogout/Login_Enhanced' successfully

2020-03-10 16:47:02 - [TEST_CASE][PASSED] - Test Cases/LoginLogout/Login_Enhanced: Test Cases/LoginLogout/Login_Enhanced

2020-03-10 16:47:02 - [TEST_STEP][PASSED] - customKeywords.LoginHelper.DoLogin(Fintegrity, UserName, FinPass): Login Completed!

2020-03-10 16:47:03 - [MESSAGE][PASSED] - Navigate to 'http://192.168.0.100:8080/Fintegrity' successfully

2020-03-10 16:47:03 - [MESSAGE][INFO] - Login Have Been Initiated

2020-03-10 16:47:03 - [MESSAGE][PASSED] - Wait for page load successfully

2020-03-10 16:47:06 - [MESSAGE][PASSED] - Delayed 3 second(s)

2020-03-10 16:47:06 - [MESSAGE][PASSED] - Current window maximized

2020-03-10 16:47:07 - [MESSAGE][PASSED] - Taking screenshot successfully
[[ATTACHMENT|D:\\screenshot.png]]

2020-03-10 16:47:07 - [MESSAGE][PASSED] - Object 'Object Repository/LoginLogout/Page_ Login/input_frmMainbtnLogin' is visible

2020-03-10 16:47:07 - [MESSAGE][PASSED] - Keys 'LUKMAN' sent to object: 'Object Repository/LoginLogout/Page_ Login/input_frmMainuserName'

2020-03-10 16:47:08 - [MESSAGE][PASSED] - Keys 'Mbf137??' sent to object: 'Object Repository/LoginLogout/Page_ Login/input_frmMainpassword'

2020-03-10 16:47:08 - [MESSAGE][PASSED] - Object: 'Object Repository/LoginLogout/Page_ Login/input_frmMainbtnLogin' is clicked on

2020-03-10 16:47:08 - [MESSAGE][PASSED] - Login Completed!

2020-03-10 16:47:08 - [MESSAGE][PASSED] - Call Test Case 'Test Cases/LoginLogout/Login_Enhanced' successfully

2020-03-10 16:47:08 - [TEST_STEP][PASSED] - callTestCase(findTestCase("EntryBooking/EntryBooking_Approve"), ["CustomerName":CustomerName], STOP_ON_FAILURE): Call Test Case 'Test Cases/EntryBooking/EntryBooking_Approve' successfully

2020-03-10 16:47:08 - [TEST_CASE][PASSED] - Test Cases/EntryBooking/EntryBooking_Approve: Test Cases/EntryBooking/EntryBooking_Approve

2020-03-10 16:47:09 - [TEST_STEP][PASSED] - callTestCase(findTestCase("EntryBooking/HomeTask/EntryBookingHomeTask"), ["CustomerName":CustomerName], STOP_ON_FAILURE): Call Test Case 'Test Cases/EntryBooking/HomeTask/EntryBookingHomeTask' successfully

2020-03-10 16:47:09 - [TEST_CASE][PASSED] - Test Cases/EntryBooking/HomeTask/EntryBookingHomeTask: Test Cases/EntryBooking/HomeTask/EntryBookingHomeTask

2020-03-10 16:47:09 - [TEST_STEP][PASSED] - waitForElementPresent(findTestObject("EntryBooking/Page EB_Checker/Page Panel Task_EB/panel_task_entry_booking"), wait_js_long_time): Object 'Object Repository/EntryBooking/Page EB_Checker/Page Panel Task_EB/panel_task_entry_booking' is present

2020-03-10 16:47:16 - [MESSAGE][PASSED] - Object 'Object Repository/EntryBooking/Page EB_Checker/Page Panel Task_EB/panel_task_entry_booking' is present

2020-03-10 16:47:16 - [TEST_STEP][PASSED] - delay(wait_medium_time): Delayed 5 second(s)

2020-03-10 16:47:21 - [MESSAGE][PASSED] - Delayed 5 second(s)

2020-03-10 16:47:21 - [TEST_STEP][PASSED] - if (verifyElementNotPresent(findTestObject("Object Repository/EntryBooking/Page EB_Checker/Page Panel Task_EB/table_task"), wait_short_time, OPTIONAL)): null

2020-03-10 16:47:22 - [MESSAGE][PASSED] - Web element with id: 'Object Repository/EntryBooking/Page EB_Checker/Page Panel Task_EB/table_task' located by 'By.xpath: //*[@id="frmMain:dtEBTask:tb"]' is not present after '3' second(s)

2020-03-10 16:47:22 - [TEST_STEP][PASSED] - waitForElementClickable(findTestObject("EntryBooking/Page EB_Checker/Page Panel Task_EB/open_task"), wait_js_long_time): Object 'Object Repository/EntryBooking/Page EB_Checker/Page Panel Task_EB/open_task' is clickable

2020-03-10 16:47:23 - [MESSAGE][PASSED] - Object 'Object Repository/EntryBooking/Page EB_Checker/Page Panel Task_EB/open_task' is clickable

2020-03-10 16:47:23 - [TEST_STEP][PASSED] - customKeywords.CustomKeywordJS.clickUsingJS(findTestObject("EntryBooking/Page EB_Checker/Page Panel Task_EB/open_task"), wait_js_long_time): customKeywords.CustomKeywordJS.clickUsingJS is PASSED

2020-03-10 16:47:23 - [MESSAGE][PASSED] - customKeywords.CustomKeywordJS.clickUsingJS is PASSED

2020-03-10 16:47:23 - [TEST_STEP][PASSED] - delay(wait_medium_time): Delayed 5 second(s)

2020-03-10 16:47:28 - [MESSAGE][PASSED] - Delayed 5 second(s)

2020-03-10 16:47:28 - [TEST_STEP][PASSED] - if (verifyElementPresent(findTestObject("EntryBooking/Page EB_Checker/Page Panel Task_EB/last_page_table"), wait_short_time, OPTIONAL)): com.kms.katalon.core.webui.exception.WebElementNotFoundException: Web element with id: 'Object Repository/EntryBooking/Page EB_Checker/Page Panel Task_EB/last_page_table' located by 'By.xpath: //td[@onclick = concat('Event.fire(this, ' , "'" , 'rich:datascroller:onscroll' , "'" , ', {' , "'" , 'page' , "'" , ': ' , "'" , 'last' , "'" , '});') and (text() = '»»' or . = '»»')]' not found (Root cause: com.kms.katalon.core.exception.StepFailedException: com.kms.katalon.core.webui.exception.WebElementNotFoundException: Web element with id: 'Object Repository/EntryBooking/Page EB_Checker/Page Panel Task_EB/last_page_table' located by 'By.xpath: //td[@onclick = concat('Event.fire(this, ' , "'" , 'rich:datascroller:onscroll' , "'" , ', {' , "'" , 'page' , "'" , ': ' , "'" , 'last' , "'" , '});') and (text() = '»»' or . = '»»')]' not found
	at com.kms.katalon.core.webui.keyword.internal.WebUIKeywordMain.stepFailed(WebUIKeywordMain.groovy:64)
	at com.kms.katalon.core.webui.keyword.builtin.VerifyElementPresentKeyword$_verifyElementPresent_closure1.doCall(VerifyElementPresentKeyword.groovy:85)
	at com.kms.katalon.core.webui.keyword.builtin.VerifyElementPresentKeyword$_verifyElementPresent_closure1.call(VerifyElementPresentKeyword.groovy)
	at com.kms.katalon.core.webui.keyword.internal.WebUIKeywordMain.runKeyword(WebUIKeywordMain.groovy:20)
	at com.kms.katalon.core.webui.keyword.builtin.VerifyElementPresentKeyword.verifyElementPresent(VerifyElementPresentKeyword.groovy:92)
	at com.kms.katalon.core.webui.keyword.builtin.VerifyElementPresentKeyword.execute(VerifyElementPresentKeyword.groovy:68)
	at com.kms.katalon.core.keyword.internal.KeywordExecutor.executeKeywordForPlatform(KeywordExecutor.groovy:72)
	at com.kms.katalon.core.webui.keyword.WebUiBuiltInKeywords.verifyElementPresent(WebUiBuiltInKeywords.groovy:1418)
	at com.kms.katalon.core.webui.keyword.WebUiBuiltInKeywords$verifyElementPresent$16.call(Unknown Source)
	at EntryBookingHomeTask.run(EntryBookingHomeTask:84)
	at com.kms.katalon.core.main.ScriptEngine.run(ScriptEngine.java:194)
	at com.kms.katalon.core.main.ScriptEngine.runScriptAsRawText(ScriptEngine.java:119)
	at com.kms.katalon.core.main.TestCaseExecutor.runScript(TestCaseExecutor.java:337)
	at com.kms.katalon.core.main.TestCaseExecutor.doExecute(TestCaseExecutor.java:328)
	at com.kms.katalon.core.main.TestCaseExecutor.processExecutionPhase(TestCaseExecutor.java:307)
	at com.kms.katalon.core.main.TestCaseExecutor.accessMainPhase(TestCaseExecutor.java:299)
	at com.kms.katalon.core.main.TestCaseExecutor.execute(TestCaseExecutor.java:233)
	at com.kms.katalon.core.main.TestCaseMain.runTestCase(TestCaseMain.java:114)
	at com.kms.katalon.core.keyword.builtin.CallTestCaseKeyword$_callTestCase_closure1.doCall(CallTestCaseKeyword.groovy:59)
	at com.kms.katalon.core.keyword.builtin.CallTestCaseKeyword$_callTestCase_closure1.call(CallTestCaseKeyword.groovy)
	at com.kms.katalon.core.keyword.internal.KeywordMain.runKeyword(KeywordMain.groovy:68)
	at com.kms.katalon.core.keyword.builtin.CallTestCaseKeyword.callTestCase(CallTestCaseKeyword.groovy:81)
	at com.kms.katalon.core.keyword.builtin.CallTestCaseKeyword.execute(CallTestCaseKeyword.groovy:44)
	at com.kms.katalon.core.keyword.internal.KeywordExecutor.executeKeywordForPlatform(KeywordExecutor.groovy:72)
	at com.kms.katalon.core.keyword.BuiltinKeywords.callTestCase(BuiltinKeywords.groovy:334)
	at EntryBooking_Approve.run(EntryBooking_Approve:28)
	at com.kms.katalon.core.main.ScriptEngine.run(ScriptEngine.java:194)
	at com.kms.katalon.core.main.ScriptEngine.runScriptAsRawText(ScriptEngine.java:119)
	at com.kms.katalon.core.main.TestCaseExecutor.runScript(TestCaseExecutor.java:337)
	at com.kms.katalon.core.main.TestCaseExecutor.doExecute(TestCaseExecutor.java:328)
	at com.kms.katalon.core.main.TestCaseExecutor.processExecutionPhase(TestCaseExecutor.java:307)
	at com.kms.katalon.core.main.TestCaseExecutor.accessMainPhase(TestCaseExecutor.java:299)
	at com.kms.katalon.core.main.TestCaseExecutor.execute(TestCaseExecutor.java:233)
	at com.kms.katalon.core.main.TestCaseMain.runTestCase(TestCaseMain.java:114)
	at com.kms.katalon.core.keyword.builtin.CallTestCaseKeyword$_callTestCase_closure1.doCall(CallTestCaseKeyword.groovy:59)
	at com.kms.katalon.core.keyword.builtin.CallTestCaseKeyword$_callTestCase_closure1.call(CallTestCaseKeyword.groovy)
	at com.kms.katalon.core.keyword.internal.KeywordMain.runKeyword(KeywordMain.groovy:68)
	at com.kms.katalon.core.keyword.builtin.CallTestCaseKeyword.callTestCase(CallTestCaseKeyword.groovy:81)
	at com.kms.katalon.core.keyword.builtin.CallTestCaseKeyword.execute(CallTestCaseKeyword.groovy:44)
	at com.kms.katalon.core.keyword.internal.KeywordExecutor.executeKeywordForPlatform(KeywordExecutor.groovy:72)
	at com.kms.katalon.core.keyword.BuiltinKeywords.callTestCase(BuiltinKeywords.groovy:334)
	at EntryBooking_All.run(EntryBooking_All:40)
	at com.kms.katalon.core.main.ScriptEngine.run(ScriptEngine.java:194)
	at com.kms.katalon.core.main.ScriptEngine.runScriptAsRawText(ScriptEngine.java:119)
	at com.kms.katalon.core.main.TestCaseExecutor.runScript(TestCaseExecutor.java:337)
	at com.kms.katalon.core.main.TestCaseExecutor.doExecute(TestCaseExecutor.java:328)
	at com.kms.katalon.core.main.TestCaseExecutor.processExecutionPhase(TestCaseExecutor.java:307)
	at com.kms.katalon.core.main.TestCaseExecutor.accessMainPhase(TestCaseExecutor.java:299)
	at com.kms.katalon.core.main.TestCaseExecutor.execute(TestCaseExecutor.java:233)
	at com.kms.katalon.core.main.TestCaseMain.runTestCase(TestCaseMain.java:114)
	at com.kms.katalon.core.keyword.builtin.CallTestCaseKeyword$_callTestCase_closure1.doCall(CallTestCaseKeyword.groovy:59)
	at com.kms.katalon.core.keyword.builtin.CallTestCaseKeyword$_callTestCase_closure1.call(CallTestCaseKeyword.groovy)
	at com.kms.katalon.core.keyword.internal.KeywordMain.runKeyword(KeywordMain.groovy:68)
	at com.kms.katalon.core.keyword.builtin.CallTestCaseKeyword.callTestCase(CallTestCaseKeyword.groovy:81)
	at com.kms.katalon.core.keyword.builtin.CallTestCaseKeyword.execute(CallTestCaseKeyword.groovy:44)
	at com.kms.katalon.core.keyword.internal.KeywordExecutor.executeKeywordForPlatform(KeywordExecutor.groovy:72)
	at com.kms.katalon.core.keyword.BuiltinKeywords.callTestCase(BuiltinKeywords.groovy:334)
	at FullScenarioCDBv2.run(FullScenarioCDBv2:23)
	at com.kms.katalon.core.main.ScriptEngine.run(ScriptEngine.java:194)
	at com.kms.katalon.core.main.ScriptEngine.runScriptAsRawText(ScriptEngine.java:119)
	at com.kms.katalon.core.main.TestCaseExecutor.runScript(TestCaseExecutor.java:337)
	at com.kms.katalon.core.main.TestCaseExecutor.doExecute(TestCaseExecutor.java:328)
	at com.kms.katalon.core.main.TestCaseExecutor.processExecutionPhase(TestCaseExecutor.java:307)
	at com.kms.katalon.core.main.TestCaseExecutor.accessMainPhase(TestCaseExecutor.java:299)
	at com.kms.katalon.core.main.TestCaseExecutor.execute(TestCaseExecutor.java:233)
	at com.kms.katalon.core.main.TestSuiteExecutor.accessTestCaseMainPhase(TestSuiteExecutor.java:169)
	at com.kms.katalon.core.main.TestSuiteExecutor.accessTestSuiteMainPhase(TestSuiteExecutor.java:142)
	at com.kms.katalon.core.main.TestSuiteExecutor.execute(TestSuiteExecutor.java:91)
	at com.kms.katalon.core.main.TestCaseMain.startTestSuite(TestCaseMain.java:157)
	at com.kms.katalon.core.main.TestCaseMain$startTestSuite$0.call(Unknown Source)
	at TempTestSuite1583833428733.run(TempTestSuite1583833428733.groovy:36)
)

2020-03-10 16:47:33 - [MESSAGE][INFO] - Unable to find the element located by 'By.xpath: //td[@onclick = concat('Event.fire(this, ' , "'" , 'rich:datascroller:onscroll' , "'" , ', {' , "'" , 'page' , "'" , ': ' , "'" , 'last' , "'" , '});') and (text() = '»»' or . = '»»')]'. Please recheck the objects properties to make sure the desired element is located. 

2020-03-10 16:47:33 - [MESSAGE][WARNING] - com.kms.katalon.core.webui.exception.WebElementNotFoundException: Web element with id: 'Object Repository/EntryBooking/Page EB_Checker/Page Panel Task_EB/last_page_table' located by 'By.xpath: //td[@onclick = concat('Event.fire(this, ' , "'" , 'rich:datascroller:onscroll' , "'" , ', {' , "'" , 'page' , "'" , ': ' , "'" , 'last' , "'" , '});') and (text() = '»»' or . = '»»')]' not found (Root cause: com.kms.katalon.core.exception.StepFailedException: com.kms.katalon.core.webui.exception.WebElementNotFoundException: Web element with id: 'Object Repository/EntryBooking/Page EB_Checker/Page Panel Task_EB/last_page_table' located by 'By.xpath: //td[@onclick = concat('Event.fire(this, ' , "'" , 'rich:datascroller:onscroll' , "'" , ', {' , "'" , 'page' , "'" , ': ' , "'" , 'last' , "'" , '});') and (text() = '»»' or . = '»»')]' not found
	at com.kms.katalon.core.webui.keyword.internal.WebUIKeywordMain.stepFailed(WebUIKeywordMain.groovy:64)
	at com.kms.katalon.core.webui.keyword.builtin.VerifyElementPresentKeyword$_verifyElementPresent_closure1.doCall(VerifyElementPresentKeyword.groovy:85)
	at com.kms.katalon.core.webui.keyword.builtin.VerifyElementPresentKeyword$_verifyElementPresent_closure1.call(VerifyElementPresentKeyword.groovy)
	at com.kms.katalon.core.webui.keyword.internal.WebUIKeywordMain.runKeyword(WebUIKeywordMain.groovy:20)
	at com.kms.katalon.core.webui.keyword.builtin.VerifyElementPresentKeyword.verifyElementPresent(VerifyElementPresentKeyword.groovy:92)
	at com.kms.katalon.core.webui.keyword.builtin.VerifyElementPresentKeyword.execute(VerifyElementPresentKeyword.groovy:68)
	at com.kms.katalon.core.keyword.internal.KeywordExecutor.executeKeywordForPlatform(KeywordExecutor.groovy:72)
	at com.kms.katalon.core.webui.keyword.WebUiBuiltInKeywords.verifyElementPresent(WebUiBuiltInKeywords.groovy:1418)
	at com.kms.katalon.core.webui.keyword.WebUiBuiltInKeywords$verifyElementPresent$16.call(Unknown Source)
	at EntryBookingHomeTask.run(EntryBookingHomeTask:84)
	at com.kms.katalon.core.main.ScriptEngine.run(ScriptEngine.java:194)
	at com.kms.katalon.core.main.ScriptEngine.runScriptAsRawText(ScriptEngine.java:119)
	at com.kms.katalon.core.main.TestCaseExecutor.runScript(TestCaseExecutor.java:337)
	at com.kms.katalon.core.main.TestCaseExecutor.doExecute(TestCaseExecutor.java:328)
	at com.kms.katalon.core.main.TestCaseExecutor.processExecutionPhase(TestCaseExecutor.java:307)
	at com.kms.katalon.core.main.TestCaseExecutor.accessMainPhase(TestCaseExecutor.java:299)
	at com.kms.katalon.core.main.TestCaseExecutor.execute(TestCaseExecutor.java:233)
	at com.kms.katalon.core.main.TestCaseMain.runTestCase(TestCaseMain.java:114)
	at com.kms.katalon.core.keyword.builtin.CallTestCaseKeyword$_callTestCase_closure1.doCall(CallTestCaseKeyword.groovy:59)
	at com.kms.katalon.core.keyword.builtin.CallTestCaseKeyword$_callTestCase_closure1.call(CallTestCaseKeyword.groovy)
	at com.kms.katalon.core.keyword.internal.KeywordMain.runKeyword(KeywordMain.groovy:68)
	at com.kms.katalon.core.keyword.builtin.CallTestCaseKeyword.callTestCase(CallTestCaseKeyword.groovy:81)
	at com.kms.katalon.core.keyword.builtin.CallTestCaseKeyword.execute(CallTestCaseKeyword.groovy:44)
	at com.kms.katalon.core.keyword.internal.KeywordExecutor.executeKeywordForPlatform(KeywordExecutor.groovy:72)
	at com.kms.katalon.core.keyword.BuiltinKeywords.callTestCase(BuiltinKeywords.groovy:334)
	at EntryBooking_Approve.run(EntryBooking_Approve:28)
	at com.kms.katalon.core.main.ScriptEngine.run(ScriptEngine.java:194)
	at com.kms.katalon.core.main.ScriptEngine.runScriptAsRawText(ScriptEngine.java:119)
	at com.kms.katalon.core.main.TestCaseExecutor.runScript(TestCaseExecutor.java:337)
	at com.kms.katalon.core.main.TestCaseExecutor.doExecute(TestCaseExecutor.java:328)
	at com.kms.katalon.core.main.TestCaseExecutor.processExecutionPhase(TestCaseExecutor.java:307)
	at com.kms.katalon.core.main.TestCaseExecutor.accessMainPhase(TestCaseExecutor.java:299)
	at com.kms.katalon.core.main.TestCaseExecutor.execute(TestCaseExecutor.java:233)
	at com.kms.katalon.core.main.TestCaseMain.runTestCase(TestCaseMain.java:114)
	at com.kms.katalon.core.keyword.builtin.CallTestCaseKeyword$_callTestCase_closure1.doCall(CallTestCaseKeyword.groovy:59)
	at com.kms.katalon.core.keyword.builtin.CallTestCaseKeyword$_callTestCase_closure1.call(CallTestCaseKeyword.groovy)
	at com.kms.katalon.core.keyword.internal.KeywordMain.runKeyword(KeywordMain.groovy:68)
	at com.kms.katalon.core.keyword.builtin.CallTestCaseKeyword.callTestCase(CallTestCaseKeyword.groovy:81)
	at com.kms.katalon.core.keyword.builtin.CallTestCaseKeyword.execute(CallTestCaseKeyword.groovy:44)
	at com.kms.katalon.core.keyword.internal.KeywordExecutor.executeKeywordForPlatform(KeywordExecutor.groovy:72)
	at com.kms.katalon.core.keyword.BuiltinKeywords.callTestCase(BuiltinKeywords.groovy:334)
	at EntryBooking_All.run(EntryBooking_All:40)
	at com.kms.katalon.core.main.ScriptEngine.run(ScriptEngine.java:194)
	at com.kms.katalon.core.main.ScriptEngine.runScriptAsRawText(ScriptEngine.java:119)
	at com.kms.katalon.core.main.TestCaseExecutor.runScript(TestCaseExecutor.java:337)
	at com.kms.katalon.core.main.TestCaseExecutor.doExecute(TestCaseExecutor.java:328)
	at com.kms.katalon.core.main.TestCaseExecutor.processExecutionPhase(TestCaseExecutor.java:307)
	at com.kms.katalon.core.main.TestCaseExecutor.accessMainPhase(TestCaseExecutor.java:299)
	at com.kms.katalon.core.main.TestCaseExecutor.execute(TestCaseExecutor.java:233)
	at com.kms.katalon.core.main.TestCaseMain.runTestCase(TestCaseMain.java:114)
	at com.kms.katalon.core.keyword.builtin.CallTestCaseKeyword$_callTestCase_closure1.doCall(CallTestCaseKeyword.groovy:59)
	at com.kms.katalon.core.keyword.builtin.CallTestCaseKeyword$_callTestCase_closure1.call(CallTestCaseKeyword.groovy)
	at com.kms.katalon.core.keyword.internal.KeywordMain.runKeyword(KeywordMain.groovy:68)
	at com.kms.katalon.core.keyword.builtin.CallTestCaseKeyword.callTestCase(CallTestCaseKeyword.groovy:81)
	at com.kms.katalon.core.keyword.builtin.CallTestCaseKeyword.execute(CallTestCaseKeyword.groovy:44)
	at com.kms.katalon.core.keyword.internal.KeywordExecutor.executeKeywordForPlatform(KeywordExecutor.groovy:72)
	at com.kms.katalon.core.keyword.BuiltinKeywords.callTestCase(BuiltinKeywords.groovy:334)
	at FullScenarioCDBv2.run(FullScenarioCDBv2:23)
	at com.kms.katalon.core.main.ScriptEngine.run(ScriptEngine.java:194)
	at com.kms.katalon.core.main.ScriptEngine.runScriptAsRawText(ScriptEngine.java:119)
	at com.kms.katalon.core.main.TestCaseExecutor.runScript(TestCaseExecutor.java:337)
	at com.kms.katalon.core.main.TestCaseExecutor.doExecute(TestCaseExecutor.java:328)
	at com.kms.katalon.core.main.TestCaseExecutor.processExecutionPhase(TestCaseExecutor.java:307)
	at com.kms.katalon.core.main.TestCaseExecutor.accessMainPhase(TestCaseExecutor.java:299)
	at com.kms.katalon.core.main.TestCaseExecutor.execute(TestCaseExecutor.java:233)
	at com.kms.katalon.core.main.TestSuiteExecutor.accessTestCaseMainPhase(TestSuiteExecutor.java:169)
	at com.kms.katalon.core.main.TestSuiteExecutor.accessTestSuiteMainPhase(TestSuiteExecutor.java:142)
	at com.kms.katalon.core.main.TestSuiteExecutor.execute(TestSuiteExecutor.java:91)
	at com.kms.katalon.core.main.TestCaseMain.startTestSuite(TestCaseMain.java:157)
	at com.kms.katalon.core.main.TestCaseMain$startTestSuite$0.call(Unknown Source)
	at TempTestSuite1583833428733.run(TempTestSuite1583833428733.groovy:36)
)

2020-03-10 16:47:33 - [TEST_STEP][PASSED] - waitForElementVisible(findTestObject("EntryBooking/Page EB_Checker/Page Panel Task_EB/table_task"), 30): Object 'Object Repository/EntryBooking/Page EB_Checker/Page Panel Task_EB/table_task' is visible

2020-03-10 16:47:33 - [MESSAGE][PASSED] - Object 'Object Repository/EntryBooking/Page EB_Checker/Page Panel Task_EB/table_task' is visible

2020-03-10 16:47:33 - [TEST_STEP][PASSED] - driver = getWebDriver(): null

2020-03-10 16:47:33 - [TEST_STEP][PASSED] - Table = driver.findElement(By.xpath("//*[@id="frmMain:dtEBTask:tb"]")): null

2020-03-10 16:47:33 - [TEST_STEP][PASSED] - Rows = Table.findElements(By.tagName("tr")): null

2020-03-10 16:47:34 - [TEST_STEP][PASSED] - println("No. of rows: " + Rows.size()): null

2020-03-10 16:47:34 - [TEST_STEP][PASSED] - println(CustomerName): null

2020-03-10 16:47:34 - [TEST_STEP][PASSED] - for ([i = 0, i < Rows.size(), (i++)]): null

2020-03-10 16:47:34 - [TEST_STEP][PASSED] - Cols = get(i).findElements(By.tagName("td")): null

2020-03-10 16:47:34 - [TEST_STEP][PASSED] - if (getText().equalsIgnoreCase(CustomerName)): null

2020-03-10 16:47:34 - [TEST_STEP][PASSED] - Cols = get(i).findElements(By.tagName("td")): null

2020-03-10 16:47:34 - [TEST_STEP][PASSED] - if (getText().equalsIgnoreCase(CustomerName)): null

2020-03-10 16:47:34 - [TEST_STEP][PASSED] - Cols = get(i).findElements(By.tagName("td")): null

2020-03-10 16:47:35 - [TEST_STEP][PASSED] - if (getText().equalsIgnoreCase(CustomerName)): null

2020-03-10 16:47:35 - [TEST_STEP][PASSED] - tagName("a")).click(): null

2020-03-10 16:47:40 - [TEST_STEP][PASSED] - break: null

2020-03-10 16:47:40 - [TEST_STEP][PASSED] - delay(wait_medium_time): Delayed 5 second(s)

2020-03-10 16:47:45 - [MESSAGE][PASSED] - Delayed 5 second(s)

2020-03-10 16:47:45 - [MESSAGE][PASSED] - Call Test Case 'Test Cases/EntryBooking/HomeTask/EntryBookingHomeTask' successfully

2020-03-10 16:47:45 - [TEST_STEP][PASSED] - delay(wait_short_time): Delayed 3 second(s)

2020-03-10 16:47:48 - [MESSAGE][PASSED] - Delayed 3 second(s)

2020-03-10 16:47:48 - [TEST_STEP][PASSED] - waitForElementPresent(findTestObject("Object Repository/EntryBooking/Page EB_Checker/Page EB_View/wfApprove"), wait_long_time): Object 'Object Repository/EntryBooking/Page EB_Checker/Page EB_View/wfApprove' is present

2020-03-10 16:47:48 - [MESSAGE][PASSED] - Object 'Object Repository/EntryBooking/Page EB_Checker/Page EB_View/wfApprove' is present

2020-03-10 16:47:48 - [TEST_STEP][PASSED] - customKeywords.CustomKeywordJS.clickUsingJS(findTestObject("Object Repository/EntryBooking/Page EB_Checker/Page EB_View/wfApprove"), wait_js_long_time): customKeywords.CustomKeywordJS.clickUsingJS is PASSED

2020-03-10 16:47:48 - [MESSAGE][PASSED] - customKeywords.CustomKeywordJS.clickUsingJS is PASSED

2020-03-10 16:47:48 - [TEST_STEP][PASSED] - waitForAlert(wait_long_time): Alert is present after 10 second(s).

2020-03-10 16:47:48 - [MESSAGE][PASSED] - Alert is present after 10 second(s).

2020-03-10 16:47:48 - [TEST_STEP][PASSED] - acceptAlert(): Alert accepted

2020-03-10 16:47:48 - [MESSAGE][PASSED] - Alert accepted

2020-03-10 16:47:48 - [TEST_STEP][PASSED] - delay(wait_long_time): Delayed 10 second(s)

2020-03-10 16:47:58 - [MESSAGE][PASSED] - Delayed 10 second(s)

2020-03-10 16:47:58 - [MESSAGE][PASSED] - Call Test Case 'Test Cases/EntryBooking/EntryBooking_Approve' successfully

2020-03-10 16:47:58 - [MESSAGE][PASSED] - Call Test Case 'Test Cases/EntryBooking/EntryBooking_All' successfully

2020-03-10 16:47:58 - [TEST_STEP][PASSED] - callTestCase(findTestCase("LoginLogout/Login"), ["username":CMO, "isOpenBrowser":false, "finPass":"Mbf137??"], STOP_ON_FAILURE): Call Test Case 'Test Cases/LoginLogout/Login' successfully

2020-03-10 16:47:59 - [TEST_CASE][PASSED] - Test Cases/LoginLogout/Login: Test Cases/LoginLogout/Login

2020-03-10 16:47:59 - [TEST_STEP][PASSED] - try: Navigate to 'http://192.168.0.100:8080/Fintegrity' successfully

2020-03-10 16:47:59 - [TEST_STEP][PASSED] - navigateToUrl(Fintegrity): Navigate to 'http://192.168.0.100:8080/Fintegrity' successfully

2020-03-10 16:47:59 - [MESSAGE][PASSED] - Navigate to 'http://192.168.0.100:8080/Fintegrity' successfully

2020-03-10 16:47:59 - [TEST_STEP][PASSED] - driver = getWebDriver(): null

2020-03-10 16:47:59 - [TEST_STEP][PASSED] - baseUrl = "http://192.168.11.24:8080/Fintegrity/login.xhtml": null

2020-03-10 16:47:59 - [TEST_STEP][PASSED] - selenium = new com.thoughtworks.selenium.webdriven.WebDriverBackedSelenium(driver, baseUrl): null

2020-03-10 16:48:00 - [TEST_STEP][PASSED] - waitForElementClickable(findTestObject("Object Repository/LoginLogout/Page_ Login/input_frmMainbtnLogin"), 90, STOP_ON_FAILURE): Object 'Object Repository/LoginLogout/Page_ Login/input_frmMainbtnLogin' is clickable

2020-03-10 16:48:00 - [MESSAGE][PASSED] - Object 'Object Repository/LoginLogout/Page_ Login/input_frmMainbtnLogin' is clickable

2020-03-10 16:48:00 - [TEST_STEP][PASSED] - selenium.type("id=frmMain:userName", username): null

2020-03-10 16:48:00 - [TEST_STEP][PASSED] - selenium.type("id=frmMain:password", "Mbf137??"): null

2020-03-10 16:48:01 - [TEST_STEP][PASSED] - if (verifyElementClickable(findTestObject("Object Repository/LoginLogout/Page_ Login/input_frmMainbtnLogin"))): null

2020-03-10 16:48:01 - [MESSAGE][PASSED] - Object 'Object Repository/LoginLogout/Page_ Login/input_frmMainbtnLogin' is clickable

2020-03-10 16:48:01 - [TEST_STEP][PASSED] - customKeywords.CustomKeywordJS.clickUsingJS(findTestObject("Object Repository/LoginLogout/Page_ Login/input_frmMainbtnLogin"), wait_js_long_time): customKeywords.CustomKeywordJS.clickUsingJS is PASSED

2020-03-10 16:48:01 - [MESSAGE][PASSED] - customKeywords.CustomKeywordJS.clickUsingJS is PASSED

2020-03-10 16:48:01 - [TEST_STEP][PASSED] - delay(10): Delayed 10 second(s)

2020-03-10 16:48:11 - [MESSAGE][PASSED] - Delayed 10 second(s)

2020-03-10 16:48:11 - [MESSAGE][PASSED] - Call Test Case 'Test Cases/LoginLogout/Login' successfully

2020-03-10 16:48:11 - [TEST_STEP][PASSED] - callTestCase(findTestCase("CDB/MainTestCase/CDB_CMO_Improved"), ["CustomerType":CustomerType, "CustomerName":CustomerName, "FoundedYear":FoundedYear, "NPWPNo":NPWPNo, "CompanyName":CompanyName, ... ], STOP_ON_FAILURE): Call Test Case 'Test Cases/CDB/MainTestCase/CDB_CMO_Improved' successfully

2020-03-10 16:48:12 - [TEST_CASE][PASSED] - Test Cases/CDB/MainTestCase/CDB_CMO_Improved: Test Cases/CDB/MainTestCase/CDB_CMO_Improved

2020-03-10 16:48:12 - [TEST_STEP][PASSED] - if (CustomerType == "C"): null

2020-03-10 16:48:12 - [TEST_STEP][PASSED] - else if (CustomerType == "P"): Call Test Case 'Test Cases/CDB/MainTestCase/CDB_CMO_Personal' successfully

2020-03-10 16:48:12 - [TEST_STEP][PASSED] - callTestCase(findTestCase("CDB/MainTestCase/CDB_CMO_Personal"), ["CustomerName":CustomerName, "IdCard":IdCard, "CMO":CMO, "CustomerType":CustomerType], STOP_ON_FAILURE): Call Test Case 'Test Cases/CDB/MainTestCase/CDB_CMO_Personal' successfully

2020-03-10 16:48:12 - [TEST_CASE][PASSED] - Test Cases/CDB/MainTestCase/CDB_CMO_Personal: Test Cases/CDB/MainTestCase/CDB_CMO_Personal

2020-03-10 16:48:13 - [TEST_STEP][NOT_RUN] - callTestCase(findTestCase("LoginLogout/Login"), ["username":CMO, "isOpenBrowser":false], STOP_ON_FAILURE): NOT_RUN: callTestCase(findTestCase("LoginLogout/Login"), ["username":CMO, "isOpenBrowser":false], STOP_ON_FAILURE)

2020-03-10 16:48:13 - [MESSAGE][NOT_RUN] - NOT_RUN: callTestCase(findTestCase("LoginLogout/Login"), ["username":CMO, "isOpenBrowser":false], STOP_ON_FAILURE)

2020-03-10 16:48:13 - [TEST_STEP][NOT_RUN] - customKeywords.LoginHelper.DoLogin(Fintegrity, CMO, FinPass): NOT_RUN: customKeywords.LoginHelper.DoLogin(Fintegrity, CMO, FinPass)

2020-03-10 16:48:13 - [MESSAGE][NOT_RUN] - NOT_RUN: customKeywords.LoginHelper.DoLogin(Fintegrity, CMO, FinPass)

2020-03-10 16:48:13 - [TEST_STEP][PASSED] - callTestCase(findTestCase("CDB/HomeTaskCDB/HomeTaskImproved"), ["CustomerName":CustomerName, "CustomerType":CustomerType], STOP_ON_FAILURE): Call Test Case 'Test Cases/CDB/HomeTaskCDB/HomeTaskImproved' successfully

2020-03-10 16:48:13 - [TEST_CASE][PASSED] - Test Cases/CDB/HomeTaskCDB/HomeTaskImproved: Test Cases/CDB/HomeTaskCDB/HomeTaskImproved

2020-03-10 16:48:13 - [TEST_STEP][PASSED] - if (toString().equalsIgnoreCase("P")): Call Test Case 'Test Cases/CDB/HomeTaskCDB/TaskPanelCdbPersonal' successfully

2020-03-10 16:48:13 - [TEST_STEP][PASSED] - callTestCase(findTestCase("CDB/HomeTaskCDB/TaskPanelCdbPersonal"), ["CustomerName":CustomerName, "CustomerType":CustomerType], STOP_ON_FAILURE): Call Test Case 'Test Cases/CDB/HomeTaskCDB/TaskPanelCdbPersonal' successfully

2020-03-10 16:48:13 - [TEST_CASE][PASSED] - Test Cases/CDB/HomeTaskCDB/TaskPanelCdbPersonal: Test Cases/CDB/HomeTaskCDB/TaskPanelCdbPersonal

2020-03-10 16:48:14 - [TEST_STEP][PASSED] - waitForPageLoad(wait_js_long_time): Wait for page load successfully

2020-03-10 16:48:14 - [MESSAGE][PASSED] - Wait for page load successfully

2020-03-10 16:48:14 - [TEST_STEP][PASSED] - waitForElementPresent(findTestObject("CDB/Personal/Page_HomeTask_CDBPersonal/panelHeader_task_customer"), wait_js_long_time): Object 'Object Repository/CDB/Personal/Page_HomeTask_CDBPersonal/panelHeader_task_customer' is present

2020-03-10 16:48:14 - [MESSAGE][PASSED] - Object 'Object Repository/CDB/Personal/Page_HomeTask_CDBPersonal/panelHeader_task_customer' is present

2020-03-10 16:48:14 - [TEST_STEP][PASSED] - delay(wait_short_time): Delayed 3 second(s)

2020-03-10 16:48:17 - [MESSAGE][PASSED] - Delayed 3 second(s)

2020-03-10 16:48:17 - [TEST_STEP][PASSED] - if (verifyElementNotPresent(findTestObject("CDB/Personal/Page_HomeTask_CDBPersonal/task_table_customer"), wait_medium_time, OPTIONAL)): null

2020-03-10 16:48:18 - [MESSAGE][PASSED] - Web element with id: 'Object Repository/CDB/Personal/Page_HomeTask_CDBPersonal/task_table_customer' located by 'By.xpath: //*[@id="frmMain:dtCifPersonal:tb"]' is not present after '5' second(s)

2020-03-10 16:48:18 - [TEST_STEP][PASSED] - waitForElementClickable(findTestObject("CDB/Personal/Page_HomeTask_CDBPersonal/open_task"), wait_medium_time, STOP_ON_FAILURE): Object 'Object Repository/CDB/Personal/Page_HomeTask_CDBPersonal/open_task' is clickable

2020-03-10 16:48:18 - [MESSAGE][PASSED] - Object 'Object Repository/CDB/Personal/Page_HomeTask_CDBPersonal/open_task' is clickable

2020-03-10 16:48:18 - [TEST_STEP][PASSED] - customKeywords.CustomKeywordJS.clickUsingJS(findTestObject("CDB/Personal/Page_HomeTask_CDBPersonal/open_task"), wait_js_long_time): customKeywords.CustomKeywordJS.clickUsingJS is PASSED

2020-03-10 16:48:18 - [MESSAGE][PASSED] - customKeywords.CustomKeywordJS.clickUsingJS is PASSED

2020-03-10 16:48:18 - [TEST_STEP][PASSED] - waitForElementPresent(findTestObject("CDB/Personal/Page_HomeTask_CDBPersonal/modalWarningNoTask"), wait_medium_time, OPTIONAL): Object 'Object Repository/CDB/Personal/Page_HomeTask_CDBPersonal/modalWarningNoTask' is present

2020-03-10 16:48:21 - [MESSAGE][PASSED] - Object 'Object Repository/CDB/Personal/Page_HomeTask_CDBPersonal/modalWarningNoTask' is present

2020-03-10 16:48:21 - [TEST_STEP][PASSED] - if (verifyElementPresent(findTestObject("CDB/Personal/Page_HomeTask_CDBPersonal/modalWarningNoTask"), 10, STOP_ON_FAILURE)): null

2020-03-10 16:48:21 - [MESSAGE][PASSED] - Object 'Object Repository/CDB/Personal/Page_HomeTask_CDBPersonal/modalWarningNoTask' is present

2020-03-10 16:48:21 - [TEST_STEP][PASSED] - customKeywords.CustomKeywordJS.clickUsingJS(findTestObject("CDB/Personal/Page_HomeTask_CDBPersonal/modalWarningNoTask"), wait_js_long_time): customKeywords.CustomKeywordJS.clickUsingJS is PASSED

2020-03-10 16:48:21 - [MESSAGE][PASSED] - customKeywords.CustomKeywordJS.clickUsingJS is PASSED

2020-03-10 16:48:21 - [TEST_STEP][PASSED] - delay(wait_short_time): Delayed 3 second(s)

2020-03-10 16:48:24 - [MESSAGE][PASSED] - Delayed 3 second(s)

2020-03-10 16:48:24 - [TEST_STEP][PASSED] - waitForElementPresent(findTestObject("CDB/Personal/Page_HomeTask_CDBPersonal/last_page_of_table"), wait_long_time, OPTIONAL): Object 'Object Repository/CDB/Personal/Page_HomeTask_CDBPersonal/last_page_of_table' is not present after 10 second(s)

2020-03-10 16:48:39 - [MESSAGE][INFO] - Unable to find the element located by 'By.xpath: //td[(text() = '»»' or . = '»»')]'. Please recheck the objects properties to make sure the desired element is located. 

2020-03-10 16:48:39 - [MESSAGE][WARNING] - Object 'Object Repository/CDB/Personal/Page_HomeTask_CDBPersonal/last_page_of_table' is not present after 10 second(s)

2020-03-10 16:48:39 - [TEST_STEP][PASSED] - if (verifyElementPresent(findTestObject("CDB/Personal/Page_HomeTask_CDBPersonal/last_page_of_table"), wait_short_time, OPTIONAL)): com.kms.katalon.core.webui.exception.WebElementNotFoundException: Web element with id: 'Object Repository/CDB/Personal/Page_HomeTask_CDBPersonal/last_page_of_table' located by 'By.xpath: //td[(text() = '»»' or . = '»»')]' not found (Root cause: com.kms.katalon.core.exception.StepFailedException: com.kms.katalon.core.webui.exception.WebElementNotFoundException: Web element with id: 'Object Repository/CDB/Personal/Page_HomeTask_CDBPersonal/last_page_of_table' located by 'By.xpath: //td[(text() = '»»' or . = '»»')]' not found
	at com.kms.katalon.core.webui.keyword.internal.WebUIKeywordMain.stepFailed(WebUIKeywordMain.groovy:64)
	at com.kms.katalon.core.webui.keyword.builtin.VerifyElementPresentKeyword$_verifyElementPresent_closure1.doCall(VerifyElementPresentKeyword.groovy:85)
	at com.kms.katalon.core.webui.keyword.builtin.VerifyElementPresentKeyword$_verifyElementPresent_closure1.call(VerifyElementPresentKeyword.groovy)
	at com.kms.katalon.core.webui.keyword.internal.WebUIKeywordMain.runKeyword(WebUIKeywordMain.groovy:20)
	at com.kms.katalon.core.webui.keyword.builtin.VerifyElementPresentKeyword.verifyElementPresent(VerifyElementPresentKeyword.groovy:92)
	at com.kms.katalon.core.webui.keyword.builtin.VerifyElementPresentKeyword.execute(VerifyElementPresentKeyword.groovy:68)
	at com.kms.katalon.core.keyword.internal.KeywordExecutor.executeKeywordForPlatform(KeywordExecutor.groovy:72)
	at com.kms.katalon.core.webui.keyword.WebUiBuiltInKeywords.verifyElementPresent(WebUiBuiltInKeywords.groovy:1418)
	at com.kms.katalon.core.webui.keyword.WebUiBuiltInKeywords$verifyElementPresent$16.call(Unknown Source)
	at TaskPanelCdbPersonal.run(TaskPanelCdbPersonal:75)
	at com.kms.katalon.core.main.ScriptEngine.run(ScriptEngine.java:194)
	at com.kms.katalon.core.main.ScriptEngine.runScriptAsRawText(ScriptEngine.java:119)
	at com.kms.katalon.core.main.TestCaseExecutor.runScript(TestCaseExecutor.java:337)
	at com.kms.katalon.core.main.TestCaseExecutor.doExecute(TestCaseExecutor.java:328)
	at com.kms.katalon.core.main.TestCaseExecutor.processExecutionPhase(TestCaseExecutor.java:307)
	at com.kms.katalon.core.main.TestCaseExecutor.accessMainPhase(TestCaseExecutor.java:299)
	at com.kms.katalon.core.main.TestCaseExecutor.execute(TestCaseExecutor.java:233)
	at com.kms.katalon.core.main.TestCaseMain.runTestCase(TestCaseMain.java:114)
	at com.kms.katalon.core.keyword.builtin.CallTestCaseKeyword$_callTestCase_closure1.doCall(CallTestCaseKeyword.groovy:59)
	at com.kms.katalon.core.keyword.builtin.CallTestCaseKeyword$_callTestCase_closure1.call(CallTestCaseKeyword.groovy)
	at com.kms.katalon.core.keyword.internal.KeywordMain.runKeyword(KeywordMain.groovy:68)
	at com.kms.katalon.core.keyword.builtin.CallTestCaseKeyword.callTestCase(CallTestCaseKeyword.groovy:81)
	at com.kms.katalon.core.keyword.builtin.CallTestCaseKeyword.execute(CallTestCaseKeyword.groovy:44)
	at com.kms.katalon.core.keyword.internal.KeywordExecutor.executeKeywordForPlatform(KeywordExecutor.groovy:72)
	at com.kms.katalon.core.keyword.BuiltinKeywords.callTestCase(BuiltinKeywords.groovy:334)
	at HomeTaskImproved.run(HomeTaskImproved:17)
	at com.kms.katalon.core.main.ScriptEngine.run(ScriptEngine.java:194)
	at com.kms.katalon.core.main.ScriptEngine.runScriptAsRawText(ScriptEngine.java:119)
	at com.kms.katalon.core.main.TestCaseExecutor.runScript(TestCaseExecutor.java:337)
	at com.kms.katalon.core.main.TestCaseExecutor.doExecute(TestCaseExecutor.java:328)
	at com.kms.katalon.core.main.TestCaseExecutor.processExecutionPhase(TestCaseExecutor.java:307)
	at com.kms.katalon.core.main.TestCaseExecutor.accessMainPhase(TestCaseExecutor.java:299)
	at com.kms.katalon.core.main.TestCaseExecutor.execute(TestCaseExecutor.java:233)
	at com.kms.katalon.core.main.TestCaseMain.runTestCase(TestCaseMain.java:114)
	at com.kms.katalon.core.keyword.builtin.CallTestCaseKeyword$_callTestCase_closure1.doCall(CallTestCaseKeyword.groovy:59)
	at com.kms.katalon.core.keyword.builtin.CallTestCaseKeyword$_callTestCase_closure1.call(CallTestCaseKeyword.groovy)
	at com.kms.katalon.core.keyword.internal.KeywordMain.runKeyword(KeywordMain.groovy:68)
	at com.kms.katalon.core.keyword.builtin.CallTestCaseKeyword.callTestCase(CallTestCaseKeyword.groovy:81)
	at com.kms.katalon.core.keyword.builtin.CallTestCaseKeyword.execute(CallTestCaseKeyword.groovy:44)
	at com.kms.katalon.core.keyword.internal.KeywordExecutor.executeKeywordForPlatform(KeywordExecutor.groovy:72)
	at com.kms.katalon.core.keyword.BuiltinKeywords.callTestCase(BuiltinKeywords.groovy:334)
	at CDB_CMO_Personal.run(CDB_CMO_Personal:26)
	at com.kms.katalon.core.main.ScriptEngine.run(ScriptEngine.java:194)
	at com.kms.katalon.core.main.ScriptEngine.runScriptAsRawText(ScriptEngine.java:119)
	at com.kms.katalon.core.main.TestCaseExecutor.runScript(TestCaseExecutor.java:337)
	at com.kms.katalon.core.main.TestCaseExecutor.doExecute(TestCaseExecutor.java:328)
	at com.kms.katalon.core.main.TestCaseExecutor.processExecutionPhase(TestCaseExecutor.java:307)
	at com.kms.katalon.core.main.TestCaseExecutor.accessMainPhase(TestCaseExecutor.java:299)
	at com.kms.katalon.core.main.TestCaseExecutor.execute(TestCaseExecutor.java:233)
	at com.kms.katalon.core.main.TestCaseMain.runTestCase(TestCaseMain.java:114)
	at com.kms.katalon.core.keyword.builtin.CallTestCaseKeyword$_callTestCase_closure1.doCall(CallTestCaseKeyword.groovy:59)
	at com.kms.katalon.core.keyword.builtin.CallTestCaseKeyword$_callTestCase_closure1.call(CallTestCaseKeyword.groovy)
	at com.kms.katalon.core.keyword.internal.KeywordMain.runKeyword(KeywordMain.groovy:68)
	at com.kms.katalon.core.keyword.builtin.CallTestCaseKeyword.callTestCase(CallTestCaseKeyword.groovy:81)
	at com.kms.katalon.core.keyword.builtin.CallTestCaseKeyword.execute(CallTestCaseKeyword.groovy:44)
	at com.kms.katalon.core.keyword.internal.KeywordExecutor.executeKeywordForPlatform(KeywordExecutor.groovy:72)
	at com.kms.katalon.core.keyword.BuiltinKeywords.callTestCase(BuiltinKeywords.groovy:334)
	at CDB_CMO_Improved.run(CDB_CMO_Improved:21)
	at com.kms.katalon.core.main.ScriptEngine.run(ScriptEngine.java:194)
	at com.kms.katalon.core.main.ScriptEngine.runScriptAsRawText(ScriptEngine.java:119)
	at com.kms.katalon.core.main.TestCaseExecutor.runScript(TestCaseExecutor.java:337)
	at com.kms.katalon.core.main.TestCaseExecutor.doExecute(TestCaseExecutor.java:328)
	at com.kms.katalon.core.main.TestCaseExecutor.processExecutionPhase(TestCaseExecutor.java:307)
	at com.kms.katalon.core.main.TestCaseExecutor.accessMainPhase(TestCaseExecutor.java:299)
	at com.kms.katalon.core.main.TestCaseExecutor.execute(TestCaseExecutor.java:233)
	at com.kms.katalon.core.main.TestCaseMain.runTestCase(TestCaseMain.java:114)
	at com.kms.katalon.core.keyword.builtin.CallTestCaseKeyword$_callTestCase_closure1.doCall(CallTestCaseKeyword.groovy:59)
	at com.kms.katalon.core.keyword.builtin.CallTestCaseKeyword$_callTestCase_closure1.call(CallTestCaseKeyword.groovy)
	at com.kms.katalon.core.keyword.internal.KeywordMain.runKeyword(KeywordMain.groovy:68)
	at com.kms.katalon.core.keyword.builtin.CallTestCaseKeyword.callTestCase(CallTestCaseKeyword.groovy:81)
	at com.kms.katalon.core.keyword.builtin.CallTestCaseKeyword.execute(CallTestCaseKeyword.groovy:44)
	at com.kms.katalon.core.keyword.internal.KeywordExecutor.executeKeywordForPlatform(KeywordExecutor.groovy:72)
	at com.kms.katalon.core.keyword.BuiltinKeywords.callTestCase(BuiltinKeywords.groovy:334)
	at FullScenarioCDBv2.run(FullScenarioCDBv2:30)
	at com.kms.katalon.core.main.ScriptEngine.run(ScriptEngine.java:194)
	at com.kms.katalon.core.main.ScriptEngine.runScriptAsRawText(ScriptEngine.java:119)
	at com.kms.katalon.core.main.TestCaseExecutor.runScript(TestCaseExecutor.java:337)
	at com.kms.katalon.core.main.TestCaseExecutor.doExecute(TestCaseExecutor.java:328)
	at com.kms.katalon.core.main.TestCaseExecutor.processExecutionPhase(TestCaseExecutor.java:307)
	at com.kms.katalon.core.main.TestCaseExecutor.accessMainPhase(TestCaseExecutor.java:299)
	at com.kms.katalon.core.main.TestCaseExecutor.execute(TestCaseExecutor.java:233)
	at com.kms.katalon.core.main.TestSuiteExecutor.accessTestCaseMainPhase(TestSuiteExecutor.java:169)
	at com.kms.katalon.core.main.TestSuiteExecutor.accessTestSuiteMainPhase(TestSuiteExecutor.java:142)
	at com.kms.katalon.core.main.TestSuiteExecutor.execute(TestSuiteExecutor.java:91)
	at com.kms.katalon.core.main.TestCaseMain.startTestSuite(TestCaseMain.java:157)
	at com.kms.katalon.core.main.TestCaseMain$startTestSuite$0.call(Unknown Source)
	at TempTestSuite1583833428733.run(TempTestSuite1583833428733.groovy:36)
)

2020-03-10 16:48:44 - [MESSAGE][INFO] - Unable to find the element located by 'By.xpath: //td[(text() = '»»' or . = '»»')]'. Please recheck the objects properties to make sure the desired element is located. 

2020-03-10 16:48:44 - [MESSAGE][WARNING] - com.kms.katalon.core.webui.exception.WebElementNotFoundException: Web element with id: 'Object Repository/CDB/Personal/Page_HomeTask_CDBPersonal/last_page_of_table' located by 'By.xpath: //td[(text() = '»»' or . = '»»')]' not found (Root cause: com.kms.katalon.core.exception.StepFailedException: com.kms.katalon.core.webui.exception.WebElementNotFoundException: Web element with id: 'Object Repository/CDB/Personal/Page_HomeTask_CDBPersonal/last_page_of_table' located by 'By.xpath: //td[(text() = '»»' or . = '»»')]' not found
	at com.kms.katalon.core.webui.keyword.internal.WebUIKeywordMain.stepFailed(WebUIKeywordMain.groovy:64)
	at com.kms.katalon.core.webui.keyword.builtin.VerifyElementPresentKeyword$_verifyElementPresent_closure1.doCall(VerifyElementPresentKeyword.groovy:85)
	at com.kms.katalon.core.webui.keyword.builtin.VerifyElementPresentKeyword$_verifyElementPresent_closure1.call(VerifyElementPresentKeyword.groovy)
	at com.kms.katalon.core.webui.keyword.internal.WebUIKeywordMain.runKeyword(WebUIKeywordMain.groovy:20)
	at com.kms.katalon.core.webui.keyword.builtin.VerifyElementPresentKeyword.verifyElementPresent(VerifyElementPresentKeyword.groovy:92)
	at com.kms.katalon.core.webui.keyword.builtin.VerifyElementPresentKeyword.execute(VerifyElementPresentKeyword.groovy:68)
	at com.kms.katalon.core.keyword.internal.KeywordExecutor.executeKeywordForPlatform(KeywordExecutor.groovy:72)
	at com.kms.katalon.core.webui.keyword.WebUiBuiltInKeywords.verifyElementPresent(WebUiBuiltInKeywords.groovy:1418)
	at com.kms.katalon.core.webui.keyword.WebUiBuiltInKeywords$verifyElementPresent$16.call(Unknown Source)
	at TaskPanelCdbPersonal.run(TaskPanelCdbPersonal:75)
	at com.kms.katalon.core.main.ScriptEngine.run(ScriptEngine.java:194)
	at com.kms.katalon.core.main.ScriptEngine.runScriptAsRawText(ScriptEngine.java:119)
	at com.kms.katalon.core.main.TestCaseExecutor.runScript(TestCaseExecutor.java:337)
	at com.kms.katalon.core.main.TestCaseExecutor.doExecute(TestCaseExecutor.java:328)
	at com.kms.katalon.core.main.TestCaseExecutor.processExecutionPhase(TestCaseExecutor.java:307)
	at com.kms.katalon.core.main.TestCaseExecutor.accessMainPhase(TestCaseExecutor.java:299)
	at com.kms.katalon.core.main.TestCaseExecutor.execute(TestCaseExecutor.java:233)
	at com.kms.katalon.core.main.TestCaseMain.runTestCase(TestCaseMain.java:114)
	at com.kms.katalon.core.keyword.builtin.CallTestCaseKeyword$_callTestCase_closure1.doCall(CallTestCaseKeyword.groovy:59)
	at com.kms.katalon.core.keyword.builtin.CallTestCaseKeyword$_callTestCase_closure1.call(CallTestCaseKeyword.groovy)
	at com.kms.katalon.core.keyword.internal.KeywordMain.runKeyword(KeywordMain.groovy:68)
	at com.kms.katalon.core.keyword.builtin.CallTestCaseKeyword.callTestCase(CallTestCaseKeyword.groovy:81)
	at com.kms.katalon.core.keyword.builtin.CallTestCaseKeyword.execute(CallTestCaseKeyword.groovy:44)
	at com.kms.katalon.core.keyword.internal.KeywordExecutor.executeKeywordForPlatform(KeywordExecutor.groovy:72)
	at com.kms.katalon.core.keyword.BuiltinKeywords.callTestCase(BuiltinKeywords.groovy:334)
	at HomeTaskImproved.run(HomeTaskImproved:17)
	at com.kms.katalon.core.main.ScriptEngine.run(ScriptEngine.java:194)
	at com.kms.katalon.core.main.ScriptEngine.runScriptAsRawText(ScriptEngine.java:119)
	at com.kms.katalon.core.main.TestCaseExecutor.runScript(TestCaseExecutor.java:337)
	at com.kms.katalon.core.main.TestCaseExecutor.doExecute(TestCaseExecutor.java:328)
	at com.kms.katalon.core.main.TestCaseExecutor.processExecutionPhase(TestCaseExecutor.java:307)
	at com.kms.katalon.core.main.TestCaseExecutor.accessMainPhase(TestCaseExecutor.java:299)
	at com.kms.katalon.core.main.TestCaseExecutor.execute(TestCaseExecutor.java:233)
	at com.kms.katalon.core.main.TestCaseMain.runTestCase(TestCaseMain.java:114)
	at com.kms.katalon.core.keyword.builtin.CallTestCaseKeyword$_callTestCase_closure1.doCall(CallTestCaseKeyword.groovy:59)
	at com.kms.katalon.core.keyword.builtin.CallTestCaseKeyword$_callTestCase_closure1.call(CallTestCaseKeyword.groovy)
	at com.kms.katalon.core.keyword.internal.KeywordMain.runKeyword(KeywordMain.groovy:68)
	at com.kms.katalon.core.keyword.builtin.CallTestCaseKeyword.callTestCase(CallTestCaseKeyword.groovy:81)
	at com.kms.katalon.core.keyword.builtin.CallTestCaseKeyword.execute(CallTestCaseKeyword.groovy:44)
	at com.kms.katalon.core.keyword.internal.KeywordExecutor.executeKeywordForPlatform(KeywordExecutor.groovy:72)
	at com.kms.katalon.core.keyword.BuiltinKeywords.callTestCase(BuiltinKeywords.groovy:334)
	at CDB_CMO_Personal.run(CDB_CMO_Personal:26)
	at com.kms.katalon.core.main.ScriptEngine.run(ScriptEngine.java:194)
	at com.kms.katalon.core.main.ScriptEngine.runScriptAsRawText(ScriptEngine.java:119)
	at com.kms.katalon.core.main.TestCaseExecutor.runScript(TestCaseExecutor.java:337)
	at com.kms.katalon.core.main.TestCaseExecutor.doExecute(TestCaseExecutor.java:328)
	at com.kms.katalon.core.main.TestCaseExecutor.processExecutionPhase(TestCaseExecutor.java:307)
	at com.kms.katalon.core.main.TestCaseExecutor.accessMainPhase(TestCaseExecutor.java:299)
	at com.kms.katalon.core.main.TestCaseExecutor.execute(TestCaseExecutor.java:233)
	at com.kms.katalon.core.main.TestCaseMain.runTestCase(TestCaseMain.java:114)
	at com.kms.katalon.core.keyword.builtin.CallTestCaseKeyword$_callTestCase_closure1.doCall(CallTestCaseKeyword.groovy:59)
	at com.kms.katalon.core.keyword.builtin.CallTestCaseKeyword$_callTestCase_closure1.call(CallTestCaseKeyword.groovy)
	at com.kms.katalon.core.keyword.internal.KeywordMain.runKeyword(KeywordMain.groovy:68)
	at com.kms.katalon.core.keyword.builtin.CallTestCaseKeyword.callTestCase(CallTestCaseKeyword.groovy:81)
	at com.kms.katalon.core.keyword.builtin.CallTestCaseKeyword.execute(CallTestCaseKeyword.groovy:44)
	at com.kms.katalon.core.keyword.internal.KeywordExecutor.executeKeywordForPlatform(KeywordExecutor.groovy:72)
	at com.kms.katalon.core.keyword.BuiltinKeywords.callTestCase(BuiltinKeywords.groovy:334)
	at CDB_CMO_Improved.run(CDB_CMO_Improved:21)
	at com.kms.katalon.core.main.ScriptEngine.run(ScriptEngine.java:194)
	at com.kms.katalon.core.main.ScriptEngine.runScriptAsRawText(ScriptEngine.java:119)
	at com.kms.katalon.core.main.TestCaseExecutor.runScript(TestCaseExecutor.java:337)
	at com.kms.katalon.core.main.TestCaseExecutor.doExecute(TestCaseExecutor.java:328)
	at com.kms.katalon.core.main.TestCaseExecutor.processExecutionPhase(TestCaseExecutor.java:307)
	at com.kms.katalon.core.main.TestCaseExecutor.accessMainPhase(TestCaseExecutor.java:299)
	at com.kms.katalon.core.main.TestCaseExecutor.execute(TestCaseExecutor.java:233)
	at com.kms.katalon.core.main.TestCaseMain.runTestCase(TestCaseMain.java:114)
	at com.kms.katalon.core.keyword.builtin.CallTestCaseKeyword$_callTestCase_closure1.doCall(CallTestCaseKeyword.groovy:59)
	at com.kms.katalon.core.keyword.builtin.CallTestCaseKeyword$_callTestCase_closure1.call(CallTestCaseKeyword.groovy)
	at com.kms.katalon.core.keyword.internal.KeywordMain.runKeyword(KeywordMain.groovy:68)
	at com.kms.katalon.core.keyword.builtin.CallTestCaseKeyword.callTestCase(CallTestCaseKeyword.groovy:81)
	at com.kms.katalon.core.keyword.builtin.CallTestCaseKeyword.execute(CallTestCaseKeyword.groovy:44)
	at com.kms.katalon.core.keyword.internal.KeywordExecutor.executeKeywordForPlatform(KeywordExecutor.groovy:72)
	at com.kms.katalon.core.keyword.BuiltinKeywords.callTestCase(BuiltinKeywords.groovy:334)
	at FullScenarioCDBv2.run(FullScenarioCDBv2:30)
	at com.kms.katalon.core.main.ScriptEngine.run(ScriptEngine.java:194)
	at com.kms.katalon.core.main.ScriptEngine.runScriptAsRawText(ScriptEngine.java:119)
	at com.kms.katalon.core.main.TestCaseExecutor.runScript(TestCaseExecutor.java:337)
	at com.kms.katalon.core.main.TestCaseExecutor.doExecute(TestCaseExecutor.java:328)
	at com.kms.katalon.core.main.TestCaseExecutor.processExecutionPhase(TestCaseExecutor.java:307)
	at com.kms.katalon.core.main.TestCaseExecutor.accessMainPhase(TestCaseExecutor.java:299)
	at com.kms.katalon.core.main.TestCaseExecutor.execute(TestCaseExecutor.java:233)
	at com.kms.katalon.core.main.TestSuiteExecutor.accessTestCaseMainPhase(TestSuiteExecutor.java:169)
	at com.kms.katalon.core.main.TestSuiteExecutor.accessTestSuiteMainPhase(TestSuiteExecutor.java:142)
	at com.kms.katalon.core.main.TestSuiteExecutor.execute(TestSuiteExecutor.java:91)
	at com.kms.katalon.core.main.TestCaseMain.startTestSuite(TestCaseMain.java:157)
	at com.kms.katalon.core.main.TestCaseMain$startTestSuite$0.call(Unknown Source)
	at TempTestSuite1583833428733.run(TempTestSuite1583833428733.groovy:36)
)

2020-03-10 16:48:44 - [TEST_STEP][PASSED] - waitForElementPresent(findTestObject("CDB/Personal/Page_HomeTask_CDBPersonal/task_table_customer"), wait_long_time, STOP_ON_FAILURE): Object 'Object Repository/CDB/Personal/Page_HomeTask_CDBPersonal/task_table_customer' is present

2020-03-10 16:48:44 - [MESSAGE][PASSED] - Object 'Object Repository/CDB/Personal/Page_HomeTask_CDBPersonal/task_table_customer' is present

2020-03-10 16:48:44 - [TEST_STEP][PASSED] - driver = getWebDriver(): null

2020-03-10 16:48:44 - [TEST_STEP][PASSED] - Table = driver.findElement(By.xpath("//*[@id="frmMain:dtCifPersonal:tb"]")): null

2020-03-10 16:48:45 - [TEST_STEP][PASSED] - Rows = Table.findElements(By.tagName("tr")): null

2020-03-10 16:48:45 - [TEST_STEP][PASSED] - println("No. of rows: " + Rows.size()): null

2020-03-10 16:48:45 - [TEST_STEP][PASSED] - CustomerFounded = false: null

2020-03-10 16:48:45 - [TEST_STEP][PASSED] - for ([i = 0, i < Rows.size(), (i++)]): null

2020-03-10 16:48:45 - [TEST_STEP][PASSED] - Cols = get(i).findElements(By.tagName("td")): null

2020-03-10 16:48:45 - [TEST_STEP][PASSED] - if (getText().equalsIgnoreCase(CustomerName)): null

2020-03-10 16:48:45 - [TEST_STEP][PASSED] - Cols = get(i).findElements(By.tagName("td")): null

2020-03-10 16:48:45 - [TEST_STEP][PASSED] - if (getText().equalsIgnoreCase(CustomerName)): null

2020-03-10 16:48:46 - [TEST_STEP][PASSED] - Cols = get(i).findElements(By.tagName("td")): null

2020-03-10 16:48:46 - [TEST_STEP][PASSED] - if (getText().equalsIgnoreCase(CustomerName)): null

2020-03-10 16:48:46 - [TEST_STEP][PASSED] - tagName("a")).click(): null

2020-03-10 16:48:50 - [TEST_STEP][PASSED] - CustomerFounded = true: null

2020-03-10 16:48:50 - [TEST_STEP][PASSED] - break: null

2020-03-10 16:48:50 - [TEST_STEP][PASSED] - if (CustomerFounded == false): null

2020-03-10 16:48:50 - [TEST_STEP][PASSED] - delay(wait_long_time): Delayed 10 second(s)

2020-03-10 16:49:00 - [MESSAGE][PASSED] - Delayed 10 second(s)

2020-03-10 16:49:00 - [MESSAGE][PASSED] - Call Test Case 'Test Cases/CDB/HomeTaskCDB/TaskPanelCdbPersonal' successfully

2020-03-10 16:49:00 - [MESSAGE][PASSED] - Call Test Case 'Test Cases/CDB/HomeTaskCDB/HomeTaskImproved' successfully

2020-03-10 16:49:00 - [TEST_STEP][PASSED] - callTestCase(findTestCase("CDB/CDBPersonal/BasicInformation/BasicInformation"), ["CustomerName":CustomerName], STOP_ON_FAILURE): Call Test Case 'Test Cases/CDB/CDBPersonal/BasicInformation/BasicInformation' successfully

2020-03-10 16:49:00 - [TEST_CASE][PASSED] - Test Cases/CDB/CDBPersonal/BasicInformation/BasicInformation: Test Cases/CDB/CDBPersonal/BasicInformation/BasicInformation

2020-03-10 16:49:00 - [TEST_STEP][PASSED] - waitForElementClickable(findTestObject("CDB/Personal/Page_FormCDBPersonal/input_frmMainchkboxType"), wait_js_long_time): Object 'Object Repository/CDB/Personal/Page_FormCDBPersonal/input_frmMainchkboxType' is clickable

2020-03-10 16:49:01 - [MESSAGE][PASSED] - Object 'Object Repository/CDB/Personal/Page_FormCDBPersonal/input_frmMainchkboxType' is clickable

2020-03-10 16:49:01 - [TEST_STEP][PASSED] - if (verifyElementNotChecked(findTestObject("CDB/Personal/Page_FormCDBPersonal/input_frmMainchkboxType"), wait_short_time, OPTIONAL)): Object 'Object Repository/CDB/Personal/Page_FormCDBPersonal/input_frmMainchkboxType' is checked (Root cause: com.kms.katalon.core.exception.StepFailedException: Object 'Object Repository/CDB/Personal/Page_FormCDBPersonal/input_frmMainchkboxType' is checked
	at com.kms.katalon.core.webui.keyword.internal.WebUIKeywordMain.stepFailed(WebUIKeywordMain.groovy:64)
	at com.kms.katalon.core.webui.keyword.builtin.VerifyElementNotCheckedKeyword$_verifyElementNotChecked_closure1.doCall(VerifyElementNotCheckedKeyword.groovy:82)
	at com.kms.katalon.core.webui.keyword.builtin.VerifyElementNotCheckedKeyword$_verifyElementNotChecked_closure1.call(VerifyElementNotCheckedKeyword.groovy)
	at com.kms.katalon.core.webui.keyword.internal.WebUIKeywordMain.runKeyword(WebUIKeywordMain.groovy:20)
	at com.kms.katalon.core.webui.keyword.builtin.VerifyElementNotCheckedKeyword.verifyElementNotChecked(VerifyElementNotCheckedKeyword.groovy:93)
	at com.kms.katalon.core.webui.keyword.builtin.VerifyElementNotCheckedKeyword.execute(VerifyElementNotCheckedKeyword.groovy:68)
	at com.kms.katalon.core.keyword.internal.KeywordExecutor.executeKeywordForPlatform(KeywordExecutor.groovy:72)
	at com.kms.katalon.core.webui.keyword.WebUiBuiltInKeywords.verifyElementNotChecked(WebUiBuiltInKeywords.groovy:1385)
	at com.kms.katalon.core.webui.keyword.WebUiBuiltInKeywords$verifyElementNotChecked$21.call(Unknown Source)
	at BasicInformation.run(BasicInformation:29)
	at com.kms.katalon.core.main.ScriptEngine.run(ScriptEngine.java:194)
	at com.kms.katalon.core.main.ScriptEngine.runScriptAsRawText(ScriptEngine.java:119)
	at com.kms.katalon.core.main.TestCaseExecutor.runScript(TestCaseExecutor.java:337)
	at com.kms.katalon.core.main.TestCaseExecutor.doExecute(TestCaseExecutor.java:328)
	at com.kms.katalon.core.main.TestCaseExecutor.processExecutionPhase(TestCaseExecutor.java:307)
	at com.kms.katalon.core.main.TestCaseExecutor.accessMainPhase(TestCaseExecutor.java:299)
	at com.kms.katalon.core.main.TestCaseExecutor.execute(TestCaseExecutor.java:233)
	at com.kms.katalon.core.main.TestCaseMain.runTestCase(TestCaseMain.java:114)
	at com.kms.katalon.core.keyword.builtin.CallTestCaseKeyword$_callTestCase_closure1.doCall(CallTestCaseKeyword.groovy:59)
	at com.kms.katalon.core.keyword.builtin.CallTestCaseKeyword$_callTestCase_closure1.call(CallTestCaseKeyword.groovy)
	at com.kms.katalon.core.keyword.internal.KeywordMain.runKeyword(KeywordMain.groovy:68)
	at com.kms.katalon.core.keyword.builtin.CallTestCaseKeyword.callTestCase(CallTestCaseKeyword.groovy:81)
	at com.kms.katalon.core.keyword.builtin.CallTestCaseKeyword.execute(CallTestCaseKeyword.groovy:44)
	at com.kms.katalon.core.keyword.internal.KeywordExecutor.executeKeywordForPlatform(KeywordExecutor.groovy:72)
	at com.kms.katalon.core.keyword.BuiltinKeywords.callTestCase(BuiltinKeywords.groovy:334)
	at CDB_CMO_Personal.run(CDB_CMO_Personal:29)
	at com.kms.katalon.core.main.ScriptEngine.run(ScriptEngine.java:194)
	at com.kms.katalon.core.main.ScriptEngine.runScriptAsRawText(ScriptEngine.java:119)
	at com.kms.katalon.core.main.TestCaseExecutor.runScript(TestCaseExecutor.java:337)
	at com.kms.katalon.core.main.TestCaseExecutor.doExecute(TestCaseExecutor.java:328)
	at com.kms.katalon.core.main.TestCaseExecutor.processExecutionPhase(TestCaseExecutor.java:307)
	at com.kms.katalon.core.main.TestCaseExecutor.accessMainPhase(TestCaseExecutor.java:299)
	at com.kms.katalon.core.main.TestCaseExecutor.execute(TestCaseExecutor.java:233)
	at com.kms.katalon.core.main.TestCaseMain.runTestCase(TestCaseMain.java:114)
	at com.kms.katalon.core.keyword.builtin.CallTestCaseKeyword$_callTestCase_closure1.doCall(CallTestCaseKeyword.groovy:59)
	at com.kms.katalon.core.keyword.builtin.CallTestCaseKeyword$_callTestCase_closure1.call(CallTestCaseKeyword.groovy)
	at com.kms.katalon.core.keyword.internal.KeywordMain.runKeyword(KeywordMain.groovy:68)
	at com.kms.katalon.core.keyword.builtin.CallTestCaseKeyword.callTestCase(CallTestCaseKeyword.groovy:81)
	at com.kms.katalon.core.keyword.builtin.CallTestCaseKeyword.execute(CallTestCaseKeyword.groovy:44)
	at com.kms.katalon.core.keyword.internal.KeywordExecutor.executeKeywordForPlatform(KeywordExecutor.groovy:72)
	at com.kms.katalon.core.keyword.BuiltinKeywords.callTestCase(BuiltinKeywords.groovy:334)
	at CDB_CMO_Improved.run(CDB_CMO_Improved:21)
	at com.kms.katalon.core.main.ScriptEngine.run(ScriptEngine.java:194)
	at com.kms.katalon.core.main.ScriptEngine.runScriptAsRawText(ScriptEngine.java:119)
	at com.kms.katalon.core.main.TestCaseExecutor.runScript(TestCaseExecutor.java:337)
	at com.kms.katalon.core.main.TestCaseExecutor.doExecute(TestCaseExecutor.java:328)
	at com.kms.katalon.core.main.TestCaseExecutor.processExecutionPhase(TestCaseExecutor.java:307)
	at com.kms.katalon.core.main.TestCaseExecutor.accessMainPhase(TestCaseExecutor.java:299)
	at com.kms.katalon.core.main.TestCaseExecutor.execute(TestCaseExecutor.java:233)
	at com.kms.katalon.core.main.TestCaseMain.runTestCase(TestCaseMain.java:114)
	at com.kms.katalon.core.keyword.builtin.CallTestCaseKeyword$_callTestCase_closure1.doCall(CallTestCaseKeyword.groovy:59)
	at com.kms.katalon.core.keyword.builtin.CallTestCaseKeyword$_callTestCase_closure1.call(CallTestCaseKeyword.groovy)
	at com.kms.katalon.core.keyword.internal.KeywordMain.runKeyword(KeywordMain.groovy:68)
	at com.kms.katalon.core.keyword.builtin.CallTestCaseKeyword.callTestCase(CallTestCaseKeyword.groovy:81)
	at com.kms.katalon.core.keyword.builtin.CallTestCaseKeyword.execute(CallTestCaseKeyword.groovy:44)
	at com.kms.katalon.core.keyword.internal.KeywordExecutor.executeKeywordForPlatform(KeywordExecutor.groovy:72)
	at com.kms.katalon.core.keyword.BuiltinKeywords.callTestCase(BuiltinKeywords.groovy:334)
	at FullScenarioCDBv2.run(FullScenarioCDBv2:30)
	at com.kms.katalon.core.main.ScriptEngine.run(ScriptEngine.java:194)
	at com.kms.katalon.core.main.ScriptEngine.runScriptAsRawText(ScriptEngine.java:119)
	at com.kms.katalon.core.main.TestCaseExecutor.runScript(TestCaseExecutor.java:337)
	at com.kms.katalon.core.main.TestCaseExecutor.doExecute(TestCaseExecutor.java:328)
	at com.kms.katalon.core.main.TestCaseExecutor.processExecutionPhase(TestCaseExecutor.java:307)
	at com.kms.katalon.core.main.TestCaseExecutor.accessMainPhase(TestCaseExecutor.java:299)
	at com.kms.katalon.core.main.TestCaseExecutor.execute(TestCaseExecutor.java:233)
	at com.kms.katalon.core.main.TestSuiteExecutor.accessTestCaseMainPhase(TestSuiteExecutor.java:169)
	at com.kms.katalon.core.main.TestSuiteExecutor.accessTestSuiteMainPhase(TestSuiteExecutor.java:142)
	at com.kms.katalon.core.main.TestSuiteExecutor.execute(TestSuiteExecutor.java:91)
	at com.kms.katalon.core.main.TestCaseMain.startTestSuite(TestCaseMain.java:157)
	at com.kms.katalon.core.main.TestCaseMain$startTestSuite$0.call(Unknown Source)
	at TempTestSuite1583833428733.run(TempTestSuite1583833428733.groovy:36)
)

2020-03-10 16:49:01 - [MESSAGE][WARNING] - Object 'Object Repository/CDB/Personal/Page_FormCDBPersonal/input_frmMainchkboxType' is checked (Root cause: com.kms.katalon.core.exception.StepFailedException: Object 'Object Repository/CDB/Personal/Page_FormCDBPersonal/input_frmMainchkboxType' is checked
	at com.kms.katalon.core.webui.keyword.internal.WebUIKeywordMain.stepFailed(WebUIKeywordMain.groovy:64)
	at com.kms.katalon.core.webui.keyword.builtin.VerifyElementNotCheckedKeyword$_verifyElementNotChecked_closure1.doCall(VerifyElementNotCheckedKeyword.groovy:82)
	at com.kms.katalon.core.webui.keyword.builtin.VerifyElementNotCheckedKeyword$_verifyElementNotChecked_closure1.call(VerifyElementNotCheckedKeyword.groovy)
	at com.kms.katalon.core.webui.keyword.internal.WebUIKeywordMain.runKeyword(WebUIKeywordMain.groovy:20)
	at com.kms.katalon.core.webui.keyword.builtin.VerifyElementNotCheckedKeyword.verifyElementNotChecked(VerifyElementNotCheckedKeyword.groovy:93)
	at com.kms.katalon.core.webui.keyword.builtin.VerifyElementNotCheckedKeyword.execute(VerifyElementNotCheckedKeyword.groovy:68)
	at com.kms.katalon.core.keyword.internal.KeywordExecutor.executeKeywordForPlatform(KeywordExecutor.groovy:72)
	at com.kms.katalon.core.webui.keyword.WebUiBuiltInKeywords.verifyElementNotChecked(WebUiBuiltInKeywords.groovy:1385)
	at com.kms.katalon.core.webui.keyword.WebUiBuiltInKeywords$verifyElementNotChecked$21.call(Unknown Source)
	at BasicInformation.run(BasicInformation:29)
	at com.kms.katalon.core.main.ScriptEngine.run(ScriptEngine.java:194)
	at com.kms.katalon.core.main.ScriptEngine.runScriptAsRawText(ScriptEngine.java:119)
	at com.kms.katalon.core.main.TestCaseExecutor.runScript(TestCaseExecutor.java:337)
	at com.kms.katalon.core.main.TestCaseExecutor.doExecute(TestCaseExecutor.java:328)
	at com.kms.katalon.core.main.TestCaseExecutor.processExecutionPhase(TestCaseExecutor.java:307)
	at com.kms.katalon.core.main.TestCaseExecutor.accessMainPhase(TestCaseExecutor.java:299)
	at com.kms.katalon.core.main.TestCaseExecutor.execute(TestCaseExecutor.java:233)
	at com.kms.katalon.core.main.TestCaseMain.runTestCase(TestCaseMain.java:114)
	at com.kms.katalon.core.keyword.builtin.CallTestCaseKeyword$_callTestCase_closure1.doCall(CallTestCaseKeyword.groovy:59)
	at com.kms.katalon.core.keyword.builtin.CallTestCaseKeyword$_callTestCase_closure1.call(CallTestCaseKeyword.groovy)
	at com.kms.katalon.core.keyword.internal.KeywordMain.runKeyword(KeywordMain.groovy:68)
	at com.kms.katalon.core.keyword.builtin.CallTestCaseKeyword.callTestCase(CallTestCaseKeyword.groovy:81)
	at com.kms.katalon.core.keyword.builtin.CallTestCaseKeyword.execute(CallTestCaseKeyword.groovy:44)
	at com.kms.katalon.core.keyword.internal.KeywordExecutor.executeKeywordForPlatform(KeywordExecutor.groovy:72)
	at com.kms.katalon.core.keyword.BuiltinKeywords.callTestCase(BuiltinKeywords.groovy:334)
	at CDB_CMO_Personal.run(CDB_CMO_Personal:29)
	at com.kms.katalon.core.main.ScriptEngine.run(ScriptEngine.java:194)
	at com.kms.katalon.core.main.ScriptEngine.runScriptAsRawText(ScriptEngine.java:119)
	at com.kms.katalon.core.main.TestCaseExecutor.runScript(TestCaseExecutor.java:337)
	at com.kms.katalon.core.main.TestCaseExecutor.doExecute(TestCaseExecutor.java:328)
	at com.kms.katalon.core.main.TestCaseExecutor.processExecutionPhase(TestCaseExecutor.java:307)
	at com.kms.katalon.core.main.TestCaseExecutor.accessMainPhase(TestCaseExecutor.java:299)
	at com.kms.katalon.core.main.TestCaseExecutor.execute(TestCaseExecutor.java:233)
	at com.kms.katalon.core.main.TestCaseMain.runTestCase(TestCaseMain.java:114)
	at com.kms.katalon.core.keyword.builtin.CallTestCaseKeyword$_callTestCase_closure1.doCall(CallTestCaseKeyword.groovy:59)
	at com.kms.katalon.core.keyword.builtin.CallTestCaseKeyword$_callTestCase_closure1.call(CallTestCaseKeyword.groovy)
	at com.kms.katalon.core.keyword.internal.KeywordMain.runKeyword(KeywordMain.groovy:68)
	at com.kms.katalon.core.keyword.builtin.CallTestCaseKeyword.callTestCase(CallTestCaseKeyword.groovy:81)
	at com.kms.katalon.core.keyword.builtin.CallTestCaseKeyword.execute(CallTestCaseKeyword.groovy:44)
	at com.kms.katalon.core.keyword.internal.KeywordExecutor.executeKeywordForPlatform(KeywordExecutor.groovy:72)
	at com.kms.katalon.core.keyword.BuiltinKeywords.callTestCase(BuiltinKeywords.groovy:334)
	at CDB_CMO_Improved.run(CDB_CMO_Improved:21)
	at com.kms.katalon.core.main.ScriptEngine.run(ScriptEngine.java:194)
	at com.kms.katalon.core.main.ScriptEngine.runScriptAsRawText(ScriptEngine.java:119)
	at com.kms.katalon.core.main.TestCaseExecutor.runScript(TestCaseExecutor.java:337)
	at com.kms.katalon.core.main.TestCaseExecutor.doExecute(TestCaseExecutor.java:328)
	at com.kms.katalon.core.main.TestCaseExecutor.processExecutionPhase(TestCaseExecutor.java:307)
	at com.kms.katalon.core.main.TestCaseExecutor.accessMainPhase(TestCaseExecutor.java:299)
	at com.kms.katalon.core.main.TestCaseExecutor.execute(TestCaseExecutor.java:233)
	at com.kms.katalon.core.main.TestCaseMain.runTestCase(TestCaseMain.java:114)
	at com.kms.katalon.core.keyword.builtin.CallTestCaseKeyword$_callTestCase_closure1.doCall(CallTestCaseKeyword.groovy:59)
	at com.kms.katalon.core.keyword.builtin.CallTestCaseKeyword$_callTestCase_closure1.call(CallTestCaseKeyword.groovy)
	at com.kms.katalon.core.keyword.internal.KeywordMain.runKeyword(KeywordMain.groovy:68)
	at com.kms.katalon.core.keyword.builtin.CallTestCaseKeyword.callTestCase(CallTestCaseKeyword.groovy:81)
	at com.kms.katalon.core.keyword.builtin.CallTestCaseKeyword.execute(CallTestCaseKeyword.groovy:44)
	at com.kms.katalon.core.keyword.internal.KeywordExecutor.executeKeywordForPlatform(KeywordExecutor.groovy:72)
	at com.kms.katalon.core.keyword.BuiltinKeywords.callTestCase(BuiltinKeywords.groovy:334)
	at FullScenarioCDBv2.run(FullScenarioCDBv2:30)
	at com.kms.katalon.core.main.ScriptEngine.run(ScriptEngine.java:194)
	at com.kms.katalon.core.main.ScriptEngine.runScriptAsRawText(ScriptEngine.java:119)
	at com.kms.katalon.core.main.TestCaseExecutor.runScript(TestCaseExecutor.java:337)
	at com.kms.katalon.core.main.TestCaseExecutor.doExecute(TestCaseExecutor.java:328)
	at com.kms.katalon.core.main.TestCaseExecutor.processExecutionPhase(TestCaseExecutor.java:307)
	at com.kms.katalon.core.main.TestCaseExecutor.accessMainPhase(TestCaseExecutor.java:299)
	at com.kms.katalon.core.main.TestCaseExecutor.execute(TestCaseExecutor.java:233)
	at com.kms.katalon.core.main.TestSuiteExecutor.accessTestCaseMainPhase(TestSuiteExecutor.java:169)
	at com.kms.katalon.core.main.TestSuiteExecutor.accessTestSuiteMainPhase(TestSuiteExecutor.java:142)
	at com.kms.katalon.core.main.TestSuiteExecutor.execute(TestSuiteExecutor.java:91)
	at com.kms.katalon.core.main.TestCaseMain.startTestSuite(TestCaseMain.java:157)
	at com.kms.katalon.core.main.TestCaseMain$startTestSuite$0.call(Unknown Source)
	at TempTestSuite1583833428733.run(TempTestSuite1583833428733.groovy:36)
)

2020-03-10 16:49:01 - [TEST_STEP][PASSED] - selectOptionByValue(findTestObject("CDB/Personal/Page_FormCDBPersonal/select_MR.MRS.MS."), "MR.", true): All options with value 'MR.' are selected in object 'Object Repository/CDB/Personal/Page_FormCDBPersonal/select_MR.MRS.MS.'  using regular expression

2020-03-10 16:49:02 - [MESSAGE][PASSED] - All options with value 'MR.' are selected in object 'Object Repository/CDB/Personal/Page_FormCDBPersonal/select_MR.MRS.MS.'  using regular expression

2020-03-10 16:49:02 - [TEST_STEP][PASSED] - selectOptionByValue(findTestObject("CDB/Personal/Page_FormCDBPersonal/select_MR.MRS.MS."), "MRS.", true): All options with value 'MRS.' are selected in object 'Object Repository/CDB/Personal/Page_FormCDBPersonal/select_MR.MRS.MS.'  using regular expression

2020-03-10 16:49:03 - [MESSAGE][PASSED] - All options with value 'MRS.' are selected in object 'Object Repository/CDB/Personal/Page_FormCDBPersonal/select_MR.MRS.MS.'  using regular expression

2020-03-10 16:49:03 - [TEST_STEP][PASSED] - selectOptionByValue(findTestObject("CDB/Personal/Page_FormCDBPersonal/select_MR.MRS.MS."), "MS.", true): All options with value 'MS.' are selected in object 'Object Repository/CDB/Personal/Page_FormCDBPersonal/select_MR.MRS.MS.'  using regular expression

2020-03-10 16:49:05 - [MESSAGE][PASSED] - All options with value 'MS.' are selected in object 'Object Repository/CDB/Personal/Page_FormCDBPersonal/select_MR.MRS.MS.'  using regular expression

2020-03-10 16:49:05 - [TEST_STEP][PASSED] - selectOptionByValue(findTestObject("CDB/Personal/Page_FormCDBPersonal/select_MaleFemale"), "M", true): All options with value 'M' are selected in object 'Object Repository/CDB/Personal/Page_FormCDBPersonal/select_MaleFemale'  using regular expression

2020-03-10 16:49:07 - [MESSAGE][PASSED] - All options with value 'M' are selected in object 'Object Repository/CDB/Personal/Page_FormCDBPersonal/select_MaleFemale'  using regular expression

2020-03-10 16:49:07 - [TEST_STEP][PASSED] - selectOptionByValue(findTestObject("CDB/Personal/Page_FormCDBPersonal/select_MaleFemale"), "F", true): All options with value 'F' are selected in object 'Object Repository/CDB/Personal/Page_FormCDBPersonal/select_MaleFemale'  using regular expression

2020-03-10 16:49:08 - [MESSAGE][PASSED] - All options with value 'F' are selected in object 'Object Repository/CDB/Personal/Page_FormCDBPersonal/select_MaleFemale'  using regular expression

2020-03-10 16:49:08 - [TEST_STEP][PASSED] - setText(findTestObject("CDB/Personal/BasicInformation/BasicInfo_Name"), CustomerName): Text 'ONG BAK' is set on object 'Object Repository/CDB/Personal/BasicInformation/BasicInfo_Name'

2020-03-10 16:49:09 - [MESSAGE][PASSED] - Text 'ONG BAK' is set on object 'Object Repository/CDB/Personal/BasicInformation/BasicInfo_Name'

2020-03-10 16:49:09 - [TEST_STEP][PASSED] - setText(findTestObject("CDB/Personal/Page_FormCDBPersonal/input_frmMaintxtPOB"), "GARUT"): Text 'GARUT' is set on object 'Object Repository/CDB/Personal/Page_FormCDBPersonal/input_frmMaintxtPOB'

2020-03-10 16:49:09 - [MESSAGE][PASSED] - Text 'GARUT' is set on object 'Object Repository/CDB/Personal/Page_FormCDBPersonal/input_frmMaintxtPOB'

2020-03-10 16:49:09 - [TEST_STEP][PASSED] - customKeywords.CustomKeywordJS.setDateUsingJS(findTestObject("CDB/Personal/Page_FormCDBPersonal/textPlaceOfBirth"), "25/06/2018", wait_js_long_time): customKeywords.CustomKeywordJS.setDateUsingJS is PASSED

2020-03-10 16:49:10 - [MESSAGE][PASSED] - customKeywords.CustomKeywordJS.setDateUsingJS is PASSED

2020-03-10 16:49:10 - [TEST_STEP][PASSED] - selectOptionByValue(findTestObject("CDB/Personal/Page_FormCDBPersonal/select_-DIVORCEDMARRIEDSINGLEW"), "SINGL", true): All options with value 'SINGL' are selected in object 'Object Repository/CDB/Personal/Page_FormCDBPersonal/select_-DIVORCEDMARRIEDSINGLEW'  using regular expression

2020-03-10 16:49:11 - [MESSAGE][PASSED] - All options with value 'SINGL' are selected in object 'Object Repository/CDB/Personal/Page_FormCDBPersonal/select_-DIVORCEDMARRIEDSINGLEW'  using regular expression

2020-03-10 16:49:11 - [TEST_STEP][PASSED] - if (false): null

2020-03-10 16:49:11 - [MESSAGE][PASSED] - Call Test Case 'Test Cases/CDB/CDBPersonal/BasicInformation/BasicInformation' successfully

2020-03-10 16:49:11 - [TEST_STEP][PASSED] - callTestCase(findTestCase("CDB/CDBPersonal/IdInformation/IdInformation"), ["IdCard":IdCard], STOP_ON_FAILURE): Call Test Case 'Test Cases/CDB/CDBPersonal/IdInformation/IdInformation' successfully

2020-03-10 16:49:11 - [TEST_CASE][PASSED] - Test Cases/CDB/CDBPersonal/IdInformation/IdInformation: Test Cases/CDB/CDBPersonal/IdInformation/IdInformation

2020-03-10 16:49:12 - [TEST_STEP][PASSED] - selectOptionByValue(findTestObject("CDB/Personal/Page_FormCDBPersonal/select_IDType"), "IDCRD", true): All options with value 'IDCRD' are selected in object 'Object Repository/CDB/Personal/Page_FormCDBPersonal/select_IDType'  using regular expression

2020-03-10 16:49:13 - [MESSAGE][PASSED] - All options with value 'IDCRD' are selected in object 'Object Repository/CDB/Personal/Page_FormCDBPersonal/select_IDType'  using regular expression

2020-03-10 16:49:13 - [TEST_STEP][PASSED] - setText(findTestObject("CDB/Personal/Page_FormCDBPersonal/input_frmMaintxtIdNo"), IdCard): Text '30290001224047' is set on object 'Object Repository/CDB/Personal/Page_FormCDBPersonal/input_frmMaintxtIdNo'

2020-03-10 16:49:14 - [MESSAGE][PASSED] - Text '30290001224047' is set on object 'Object Repository/CDB/Personal/Page_FormCDBPersonal/input_frmMaintxtIdNo'

2020-03-10 16:49:14 - [TEST_STEP][PASSED] - if (verifyElementNotChecked(findTestObject("CDB/Personal/Page_FormCDBPersonal/input_frmMainj_id148"), wait_short_time, OPTIONAL)): null

2020-03-10 16:49:14 - [MESSAGE][PASSED] - Object 'Object Repository/CDB/Personal/Page_FormCDBPersonal/input_frmMainj_id148' is not checked

2020-03-10 16:49:14 - [TEST_STEP][PASSED] - click(findTestObject("CDB/Personal/Page_FormCDBPersonal/input_frmMainj_id148")): Object: 'Object Repository/CDB/Personal/Page_FormCDBPersonal/input_frmMainj_id148' is clicked on

2020-03-10 16:49:15 - [MESSAGE][PASSED] - Object: 'Object Repository/CDB/Personal/Page_FormCDBPersonal/input_frmMainj_id148' is clicked on

2020-03-10 16:49:15 - [TEST_STEP][PASSED] - driver = getWebDriver(): null

2020-03-10 16:49:15 - [TEST_STEP][PASSED] - if (isLifetime == false): null

2020-03-10 16:49:15 - [TEST_STEP][PASSED] - setText(findTestObject("CDB/Personal/Page_FormCDBPersonal/input_frmMainnpwpNo"), "123456789012343"): Text '123456789012343' is set on object 'Object Repository/CDB/Personal/Page_FormCDBPersonal/input_frmMainnpwpNo'

2020-03-10 16:49:17 - [MESSAGE][PASSED] - Text '123456789012343' is set on object 'Object Repository/CDB/Personal/Page_FormCDBPersonal/input_frmMainnpwpNo'

2020-03-10 16:49:17 - [TEST_STEP][PASSED] - if (false): null

2020-03-10 16:49:17 - [MESSAGE][PASSED] - Call Test Case 'Test Cases/CDB/CDBPersonal/IdInformation/IdInformation' successfully

2020-03-10 16:49:17 - [TEST_STEP][PASSED] - callTestCase(findTestCase("CDB/CDBPersonal/OtherInformation/OtherInformation"), [:], STOP_ON_FAILURE): Call Test Case 'Test Cases/CDB/CDBPersonal/OtherInformation/OtherInformation' successfully

2020-03-10 16:49:17 - [TEST_CASE][PASSED] - Test Cases/CDB/CDBPersonal/OtherInformation/OtherInformation: Test Cases/CDB/CDBPersonal/OtherInformation/OtherInformation

2020-03-10 16:49:17 - [TEST_STEP][PASSED] - setText(findTestObject("CDB/Personal/Page_FormCDBPersonal/input_frmMainj_id198"), "2017"): Text '2017' is set on object 'Object Repository/CDB/Personal/Page_FormCDBPersonal/input_frmMainj_id198'

2020-03-10 16:49:18 - [MESSAGE][PASSED] - Text '2017' is set on object 'Object Repository/CDB/Personal/Page_FormCDBPersonal/input_frmMainj_id198'

2020-03-10 16:49:18 - [TEST_STEP][PASSED] - selectOptionByValue(findTestObject("CDB/Personal/Page_FormCDBPersonal/select_COLLEGEJUNIOR HIGH SCHO"), "UNIVE", true): All options with value 'UNIVE' are selected in object 'Object Repository/CDB/Personal/Page_FormCDBPersonal/select_COLLEGEJUNIOR HIGH SCHO'  using regular expression

2020-03-10 16:49:19 - [MESSAGE][PASSED] - All options with value 'UNIVE' are selected in object 'Object Repository/CDB/Personal/Page_FormCDBPersonal/select_COLLEGEJUNIOR HIGH SCHO'  using regular expression

2020-03-10 16:49:19 - [TEST_STEP][PASSED] - setText(findTestObject("CDB/Personal/Page_FormCDBPersonal/input_frmMainmotherMaiden"), "MOMMY"): Text 'MOMMY' is set on object 'Object Repository/CDB/Personal/Page_FormCDBPersonal/input_frmMainmotherMaiden'

2020-03-10 16:49:20 - [MESSAGE][PASSED] - Text 'MOMMY' is set on object 'Object Repository/CDB/Personal/Page_FormCDBPersonal/input_frmMainmotherMaiden'

2020-03-10 16:49:20 - [TEST_STEP][PASSED] - setText(findTestObject("CDB/Personal/Page_FormCDBPersonal/input_frmMainnumberDependent"), "2"): Text '2' is set on object 'Object Repository/CDB/Personal/Page_FormCDBPersonal/input_frmMainnumberDependent'

2020-03-10 16:49:20 - [MESSAGE][PASSED] - Text '2' is set on object 'Object Repository/CDB/Personal/Page_FormCDBPersonal/input_frmMainnumberDependent'

2020-03-10 16:49:20 - [TEST_STEP][PASSED] - setText(findTestObject("CDB/Personal/Page_FormCDBPersonal/input_frmMainj_id212"), "No"): Text 'No' is set on object 'Object Repository/CDB/Personal/Page_FormCDBPersonal/input_frmMainj_id212'

2020-03-10 16:49:21 - [MESSAGE][PASSED] - Text 'No' is set on object 'Object Repository/CDB/Personal/Page_FormCDBPersonal/input_frmMainj_id212'

2020-03-10 16:49:21 - [TEST_STEP][PASSED] - customKeywords.CustomKeywordJS.setDateUsingJS(findTestObject("CDB/Personal/Page_FormCDBPersonal/input_dateLegalReview"), "25/07/2018", wait_js_long_time): customKeywords.CustomKeywordJS.setDateUsingJS is PASSED

2020-03-10 16:49:21 - [MESSAGE][PASSED] - customKeywords.CustomKeywordJS.setDateUsingJS is PASSED

2020-03-10 16:49:21 - [TEST_STEP][PASSED] - customKeywords.CustomKeywordJS.setDateUsingJS(findTestObject("CDB/Personal/Page_FormCDBPersonal/input_dateLegalReview_reminder"), "25/06/2018", wait_js_long_time): customKeywords.CustomKeywordJS.setDateUsingJS is PASSED

2020-03-10 16:49:22 - [MESSAGE][PASSED] - customKeywords.CustomKeywordJS.setDateUsingJS is PASSED

2020-03-10 16:49:22 - [TEST_STEP][PASSED] - setText(findTestObject("CDB/Personal/Page_FormCDBPersonal/input_scoreCreditRatingBI"), "0"): Text '0' is set on object 'Object Repository/CDB/Personal/Page_FormCDBPersonal/input_scoreCreditRatingBI'

2020-03-10 16:49:22 - [MESSAGE][PASSED] - Text '0' is set on object 'Object Repository/CDB/Personal/Page_FormCDBPersonal/input_scoreCreditRatingBI'

2020-03-10 16:49:22 - [TEST_STEP][PASSED] - customKeywords.CustomKeywordJS.setDateUsingJS(findTestObject("CDB/Personal/Page_FormCDBPersonal/input_dateCreditRatingBI"), "25/06/2018", wait_js_long_time): customKeywords.CustomKeywordJS.setDateUsingJS is PASSED

2020-03-10 16:49:23 - [MESSAGE][PASSED] - customKeywords.CustomKeywordJS.setDateUsingJS is PASSED

2020-03-10 16:49:23 - [TEST_STEP][PASSED] - selectOptionByValue(findTestObject("CDB/Personal/OtherInformation/select_Please SelectLOWMEDIUMHIGH"), "L", true, STOP_ON_FAILURE): All options with value 'L' are selected in object 'Object Repository/CDB/Personal/OtherInformation/select_Please SelectLOWMEDIUMHIGH'  using regular expression

2020-03-10 16:49:24 - [MESSAGE][PASSED] - All options with value 'L' are selected in object 'Object Repository/CDB/Personal/OtherInformation/select_Please SelectLOWMEDIUMHIGH'  using regular expression

2020-03-10 16:49:24 - [TEST_STEP][PASSED] - if (verifyElementNotChecked(findTestObject("CDB/Personal/OtherInformation/input__frmMainj_id256"), wait_short_time, OPTIONAL)): null

2020-03-10 16:49:24 - [MESSAGE][PASSED] - Object 'Object Repository/CDB/Personal/OtherInformation/input__frmMainj_id256' is not checked

2020-03-10 16:49:24 - [TEST_STEP][PASSED] - customKeywords.CustomKeywordJS.clickUsingJS(findTestObject("CDB/Personal/OtherInformation/input__frmMainj_id256"), 10): customKeywords.CustomKeywordJS.clickUsingJS is PASSED

2020-03-10 16:49:25 - [MESSAGE][PASSED] - customKeywords.CustomKeywordJS.clickUsingJS is PASSED

2020-03-10 16:49:25 - [TEST_STEP][PASSED] - setText(findTestObject("CDB/Personal/Page_FormCDBPersonal/textarea_Test Other Conditions"), "Test Other Conditions"): Text 'Test Other Conditions' is set on object 'Object Repository/CDB/Personal/Page_FormCDBPersonal/textarea_Test Other Conditions'

2020-03-10 16:49:25 - [MESSAGE][PASSED] - Text 'Test Other Conditions' is set on object 'Object Repository/CDB/Personal/Page_FormCDBPersonal/textarea_Test Other Conditions'

2020-03-10 16:49:25 - [MESSAGE][PASSED] - Call Test Case 'Test Cases/CDB/CDBPersonal/OtherInformation/OtherInformation' successfully

2020-03-10 16:49:25 - [TEST_STEP][PASSED] - callTestCase(findTestCase("CDB/FloatingButton/ButtonSave"), [:], STOP_ON_FAILURE): Call Test Case 'Test Cases/CDB/FloatingButton/ButtonSave' successfully

2020-03-10 16:49:25 - [TEST_CASE][PASSED] - Test Cases/CDB/FloatingButton/ButtonSave: Test Cases/CDB/FloatingButton/ButtonSave

2020-03-10 16:49:26 - [TEST_STEP][PASSED] - switchToDefaultContent(): null

2020-03-10 16:49:26 - [TEST_STEP][PASSED] - customKeywords.CustomKeywordJS.clickUsingJS(findTestObject("CDB/Personal/Page_FormCDBPersonal/input_frmMainbtnAL_saveExec"), wait_js_long_time): customKeywords.CustomKeywordJS.clickUsingJS is PASSED

2020-03-10 16:49:26 - [MESSAGE][PASSED] - customKeywords.CustomKeywordJS.clickUsingJS is PASSED

2020-03-10 16:49:26 - [TEST_STEP][PASSED] - waitForAlert(wait_short_time): Alert is present after 3 second(s).

2020-03-10 16:49:26 - [MESSAGE][PASSED] - Alert is present after 3 second(s).

2020-03-10 16:49:26 - [TEST_STEP][PASSED] - acceptAlert(): Alert accepted

2020-03-10 16:49:26 - [MESSAGE][PASSED] - Alert accepted

2020-03-10 16:49:26 - [TEST_STEP][PASSED] - waitForElementPresent(findTestObject("CDB/Personal/Page_FormCDBPersonal/freeze_panel_save"), wait_js_long_time, OPTIONAL): Object 'Object Repository/CDB/Personal/Page_FormCDBPersonal/freeze_panel_save' is present

2020-03-10 16:49:30 - [MESSAGE][PASSED] - Object 'Object Repository/CDB/Personal/Page_FormCDBPersonal/freeze_panel_save' is present

2020-03-10 16:49:30 - [TEST_STEP][PASSED] - waitForElementNotPresent(findTestObject("CDB/Personal/Page_FormCDBPersonal/freeze_panel_save"), wait_js_long_time, OPTIONAL): Web element with id: 'Object Repository/CDB/Personal/Page_FormCDBPersonal/freeze_panel_save' located by 'By.xpath: id("modalPanelContentTable")/tbody[1]/tr[1]/td[@class="rich-mpnl-body"]/label[1][count(. | //label[(text() = '
Processing...' or . = '
Processing...')]) = count(//label[(text() = '
Processing...' or . = '
Processing...')])]' is present after '30' second(s)

2020-03-10 16:50:01 - [MESSAGE][WARNING] - Web element with id: 'Object Repository/CDB/Personal/Page_FormCDBPersonal/freeze_panel_save' located by 'By.xpath: id("modalPanelContentTable")/tbody[1]/tr[1]/td[@class="rich-mpnl-body"]/label[1][count(. | //label[(text() = '
Processing...' or . = '
Processing...')]) = count(//label[(text() = '
Processing...' or . = '
Processing...')])]' is present after '30' second(s)

2020-03-10 16:50:01 - [MESSAGE][PASSED] - Call Test Case 'Test Cases/CDB/FloatingButton/ButtonSave' successfully

2020-03-10 16:50:01 - [TEST_STEP][PASSED] - callTestCase(findTestCase("CDB/CDBPersonal/ComboBoxInput/Address/LegalAddress"), [:], STOP_ON_FAILURE): Call Test Case 'Test Cases/CDB/CDBPersonal/ComboBoxInput/Address/LegalAddress' successfully

2020-03-10 16:50:01 - [TEST_CASE][PASSED] - Test Cases/CDB/CDBPersonal/ComboBoxInput/Address/LegalAddress: Test Cases/CDB/CDBPersonal/ComboBoxInput/Address/LegalAddress

2020-03-10 16:50:01 - [TEST_STEP][PASSED] - waitForElementPresent(findTestObject("CDB/Personal/Page_FormCDBPersonal/img"), wait_js_long_time): Object 'Object Repository/CDB/Personal/Page_FormCDBPersonal/img' is present

2020-03-10 16:50:01 - [MESSAGE][PASSED] - Object 'Object Repository/CDB/Personal/Page_FormCDBPersonal/img' is present

2020-03-10 16:50:01 - [TEST_STEP][PASSED] - customKeywords.CustomKeywordJS.clickUsingJS(findTestObject("CDB/Personal/Page_FormCDBPersonal/img"), wait_js_long_time): customKeywords.CustomKeywordJS.clickUsingJS is PASSED

2020-03-10 16:50:02 - [MESSAGE][PASSED] - customKeywords.CustomKeywordJS.clickUsingJS is PASSED

2020-03-10 16:50:02 - [TEST_STEP][PASSED] - delay(wait_short_time): Delayed 3 second(s)

2020-03-10 16:50:05 - [MESSAGE][PASSED] - Delayed 3 second(s)

2020-03-10 16:50:05 - [TEST_STEP][PASSED] - waitForElementVisible(findTestObject("Object Repository/CDB/Personal/ComboBoxInput/Address/AddressTextArea"), wait_long_time): Object 'Object Repository/CDB/Personal/ComboBoxInput/Address/AddressTextArea' is visible

2020-03-10 16:50:05 - [MESSAGE][PASSED] - Object 'Object Repository/CDB/Personal/ComboBoxInput/Address/AddressTextArea' is visible

2020-03-10 16:50:05 - [TEST_STEP][PASSED] - setText(findTestObject("Object Repository/CDB/Personal/ComboBoxInput/Address/AddressTextArea"), "Jakarta"): Text 'Jakarta' is set on object 'Object Repository/CDB/Personal/ComboBoxInput/Address/AddressTextArea'

2020-03-10 16:50:06 - [MESSAGE][PASSED] - Text 'Jakarta' is set on object 'Object Repository/CDB/Personal/ComboBoxInput/Address/AddressTextArea'

2020-03-10 16:50:06 - [TEST_STEP][PASSED] - selectOptionByValue(findTestObject("Object Repository/CDB/Personal/ComboBoxInput/Address/Country"), "IDN", false): All options with value 'IDN' are selected in object 'Object Repository/CDB/Personal/ComboBoxInput/Address/Country' 

2020-03-10 16:50:07 - [MESSAGE][PASSED] - All options with value 'IDN' are selected in object 'Object Repository/CDB/Personal/ComboBoxInput/Address/Country' 

2020-03-10 16:50:07 - [TEST_STEP][PASSED] - delay(wait_short_time): Delayed 3 second(s)

2020-03-10 16:50:10 - [MESSAGE][PASSED] - Delayed 3 second(s)

2020-03-10 16:50:10 - [TEST_STEP][PASSED] - selectOptionByValue(findTestObject("Object Repository/CDB/Personal/ComboBoxInput/Address/Region"), "3172000000", false): All options with value '3172000000' are selected in object 'Object Repository/CDB/Personal/ComboBoxInput/Address/Region' 

2020-03-10 16:50:10 - [MESSAGE][PASSED] - All options with value '3172000000' are selected in object 'Object Repository/CDB/Personal/ComboBoxInput/Address/Region' 

2020-03-10 16:50:11 - [TEST_STEP][PASSED] - delay(wait_short_time): Delayed 3 second(s)

2020-03-10 16:50:14 - [MESSAGE][PASSED] - Delayed 3 second(s)

2020-03-10 16:50:14 - [TEST_STEP][PASSED] - selectOptionByValue(findTestObject("Object Repository/CDB/Personal/ComboBoxInput/Address/District"), "3172010000", false): All options with value '3172010000' are selected in object 'Object Repository/CDB/Personal/ComboBoxInput/Address/District' 

2020-03-10 16:50:14 - [MESSAGE][PASSED] - All options with value '3172010000' are selected in object 'Object Repository/CDB/Personal/ComboBoxInput/Address/District' 

2020-03-10 16:50:14 - [TEST_STEP][PASSED] - delay(wait_short_time): Delayed 3 second(s)

2020-03-10 16:50:17 - [MESSAGE][PASSED] - Delayed 3 second(s)

2020-03-10 16:50:17 - [TEST_STEP][PASSED] - selectOptionByValue(findTestObject("Object Repository/CDB/Personal/ComboBoxInput/Address/SubDistrick"), "3172011005", false): All options with value '3172011005' are selected in object 'Object Repository/CDB/Personal/ComboBoxInput/Address/SubDistrick' 

2020-03-10 16:50:18 - [MESSAGE][PASSED] - All options with value '3172011005' are selected in object 'Object Repository/CDB/Personal/ComboBoxInput/Address/SubDistrick' 

2020-03-10 16:50:18 - [TEST_STEP][PASSED] - setText(findTestObject("Object Repository/CDB/Personal/ComboBoxInput/Address/RT"), "009"): Text '009' is set on object 'Object Repository/CDB/Personal/ComboBoxInput/Address/RT'

2020-03-10 16:50:19 - [MESSAGE][PASSED] - Text '009' is set on object 'Object Repository/CDB/Personal/ComboBoxInput/Address/RT'

2020-03-10 16:50:19 - [TEST_STEP][PASSED] - setText(findTestObject("Object Repository/CDB/Personal/ComboBoxInput/Address/RW"), "099"): Text '099' is set on object 'Object Repository/CDB/Personal/ComboBoxInput/Address/RW'

2020-03-10 16:50:19 - [MESSAGE][PASSED] - Text '099' is set on object 'Object Repository/CDB/Personal/ComboBoxInput/Address/RW'

2020-03-10 16:50:19 - [TEST_STEP][PASSED] - callTestCase(findTestCase("CDB/CDBPersonal/ComboBoxInput/Address/Telephone"), [:], STOP_ON_FAILURE): Call Test Case 'Test Cases/CDB/CDBPersonal/ComboBoxInput/Address/Telephone' successfully

2020-03-10 16:50:19 - [TEST_CASE][PASSED] - Test Cases/CDB/CDBPersonal/ComboBoxInput/Address/Telephone: Test Cases/CDB/CDBPersonal/ComboBoxInput/Address/Telephone

2020-03-10 16:50:20 - [TEST_STEP][PASSED] - click(findTestObject("Object Repository/CDB/Personal/ComboBoxInput/Address/AddPhone")): Object: 'Object Repository/CDB/Personal/ComboBoxInput/Address/AddPhone' is clicked on

2020-03-10 16:50:20 - [MESSAGE][PASSED] - Object: 'Object Repository/CDB/Personal/ComboBoxInput/Address/AddPhone' is clicked on

2020-03-10 16:50:20 - [TEST_STEP][PASSED] - selectOptionByValue(findTestObject("Object Repository/CDB/Personal/ComboBoxInput/Address/PhoneType"), "MOBPH", false): All options with value 'MOBPH' are selected in object 'Object Repository/CDB/Personal/ComboBoxInput/Address/PhoneType' 

2020-03-10 16:50:21 - [MESSAGE][PASSED] - All options with value 'MOBPH' are selected in object 'Object Repository/CDB/Personal/ComboBoxInput/Address/PhoneType' 

2020-03-10 16:50:21 - [TEST_STEP][PASSED] - sendKeys(findTestObject("Object Repository/CDB/Personal/ComboBoxInput/Address/PhoneNo"), "0982039812"): Keys '0982039812' sent to object: 'Object Repository/CDB/Personal/ComboBoxInput/Address/PhoneNo'

2020-03-10 16:50:21 - [MESSAGE][PASSED] - Keys '0982039812' sent to object: 'Object Repository/CDB/Personal/ComboBoxInput/Address/PhoneNo'

2020-03-10 16:50:22 - [TEST_STEP][NOT_RUN] - click(findTestObject("CDB/Personal/Page_FormCDBPersonal/input_frmMainbtnAddPhone_phone")): NOT_RUN: click(findTestObject("CDB/Personal/Page_FormCDBPersonal/input_frmMainbtnAddPhone_phone"))

2020-03-10 16:50:22 - [MESSAGE][NOT_RUN] - NOT_RUN: click(findTestObject("CDB/Personal/Page_FormCDBPersonal/input_frmMainbtnAddPhone_phone"))

2020-03-10 16:50:22 - [TEST_STEP][NOT_RUN] - selectOptionByValue(findTestObject("CDB/Personal/Page_FormCDBPersonal/select_FAXMOBILE PHONEPHONETEL_1"), "FAX00", true): NOT_RUN: selectOptionByValue(findTestObject("CDB/Personal/Page_FormCDBPersonal/select_FAXMOBILE PHONEPHONETEL_1"), "FAX00", true)

2020-03-10 16:50:22 - [MESSAGE][NOT_RUN] - NOT_RUN: selectOptionByValue(findTestObject("CDB/Personal/Page_FormCDBPersonal/select_FAXMOBILE PHONEPHONETEL_1"), "FAX00", true)

2020-03-10 16:50:22 - [TEST_STEP][NOT_RUN] - setText(findTestObject("CDB/Personal/Page_FormCDBPersonal/input_frmMaintblPhone_phone1tx"), "8729387123"): NOT_RUN: setText(findTestObject("CDB/Personal/Page_FormCDBPersonal/input_frmMaintblPhone_phone1tx"), "8729387123")

2020-03-10 16:50:22 - [MESSAGE][NOT_RUN] - NOT_RUN: setText(findTestObject("CDB/Personal/Page_FormCDBPersonal/input_frmMaintblPhone_phone1tx"), "8729387123")

2020-03-10 16:50:22 - [TEST_STEP][NOT_RUN] - click(findTestObject("CDB/Personal/Page_FormCDBPersonal/input_frmMainbtnAddPhone_phone")): NOT_RUN: click(findTestObject("CDB/Personal/Page_FormCDBPersonal/input_frmMainbtnAddPhone_phone"))

2020-03-10 16:50:22 - [MESSAGE][NOT_RUN] - NOT_RUN: click(findTestObject("CDB/Personal/Page_FormCDBPersonal/input_frmMainbtnAddPhone_phone"))

2020-03-10 16:50:22 - [TEST_STEP][NOT_RUN] - selectOptionByValue(findTestObject("CDB/Personal/Page_FormCDBPersonal/select_FAXMOBILE PHONEPHONETEL_2"), "PHONE", true): NOT_RUN: selectOptionByValue(findTestObject("CDB/Personal/Page_FormCDBPersonal/select_FAXMOBILE PHONEPHONETEL_2"), "PHONE", true)

2020-03-10 16:50:22 - [MESSAGE][NOT_RUN] - NOT_RUN: selectOptionByValue(findTestObject("CDB/Personal/Page_FormCDBPersonal/select_FAXMOBILE PHONEPHONETEL_2"), "PHONE", true)

2020-03-10 16:50:22 - [TEST_STEP][NOT_RUN] - setText(findTestObject("CDB/Personal/Page_FormCDBPersonal/input_frmMaintblPhone_phone2tx"), "7693812312"): NOT_RUN: setText(findTestObject("CDB/Personal/Page_FormCDBPersonal/input_frmMaintblPhone_phone2tx"), "7693812312")

2020-03-10 16:50:22 - [MESSAGE][NOT_RUN] - NOT_RUN: setText(findTestObject("CDB/Personal/Page_FormCDBPersonal/input_frmMaintblPhone_phone2tx"), "7693812312")

2020-03-10 16:50:22 - [TEST_STEP][NOT_RUN] - setText(findTestObject("CDB/Personal/Page_FormCDBPersonal/input_frmMaintblPhone_phone2tx_1"), "023"): NOT_RUN: setText(findTestObject("CDB/Personal/Page_FormCDBPersonal/input_frmMaintblPhone_phone2tx_1"), "023")

2020-03-10 16:50:22 - [MESSAGE][NOT_RUN] - NOT_RUN: setText(findTestObject("CDB/Personal/Page_FormCDBPersonal/input_frmMaintblPhone_phone2tx_1"), "023")

2020-03-10 16:50:22 - [TEST_STEP][NOT_RUN] - click(findTestObject("CDB/Personal/Page_FormCDBPersonal/input_frmMainbtnAddPhone_phone")): NOT_RUN: click(findTestObject("CDB/Personal/Page_FormCDBPersonal/input_frmMainbtnAddPhone_phone"))

2020-03-10 16:50:22 - [MESSAGE][NOT_RUN] - NOT_RUN: click(findTestObject("CDB/Personal/Page_FormCDBPersonal/input_frmMainbtnAddPhone_phone"))

2020-03-10 16:50:22 - [TEST_STEP][NOT_RUN] - selectOptionByValue(findTestObject("CDB/Personal/Page_FormCDBPersonal/select_FAXMOBILE PHONEPHONETEL_3"), "TELEX", true): NOT_RUN: selectOptionByValue(findTestObject("CDB/Personal/Page_FormCDBPersonal/select_FAXMOBILE PHONEPHONETEL_3"), "TELEX", true)

2020-03-10 16:50:22 - [MESSAGE][NOT_RUN] - NOT_RUN: selectOptionByValue(findTestObject("CDB/Personal/Page_FormCDBPersonal/select_FAXMOBILE PHONEPHONETEL_3"), "TELEX", true)

2020-03-10 16:50:22 - [TEST_STEP][NOT_RUN] - setText(findTestObject("CDB/Personal/Page_FormCDBPersonal/input_frmMaintblPhone_phone3tx"), "98723123"): NOT_RUN: setText(findTestObject("CDB/Personal/Page_FormCDBPersonal/input_frmMaintblPhone_phone3tx"), "98723123")

2020-03-10 16:50:22 - [MESSAGE][NOT_RUN] - NOT_RUN: setText(findTestObject("CDB/Personal/Page_FormCDBPersonal/input_frmMaintblPhone_phone3tx"), "98723123")

2020-03-10 16:50:22 - [TEST_STEP][NOT_RUN] - click(findTestObject("CDB/Personal/Page_FormCDBPersonal/input_frmMaintblPhone_phone3bt")): NOT_RUN: click(findTestObject("CDB/Personal/Page_FormCDBPersonal/input_frmMaintblPhone_phone3bt"))

2020-03-10 16:50:22 - [MESSAGE][NOT_RUN] - NOT_RUN: click(findTestObject("CDB/Personal/Page_FormCDBPersonal/input_frmMaintblPhone_phone3bt"))

2020-03-10 16:50:22 - [MESSAGE][PASSED] - Call Test Case 'Test Cases/CDB/CDBPersonal/ComboBoxInput/Address/Telephone' successfully

2020-03-10 16:50:22 - [TEST_STEP][PASSED] - delay(wait_long_time): Delayed 10 second(s)

2020-03-10 16:50:32 - [MESSAGE][PASSED] - Delayed 10 second(s)

2020-03-10 16:50:32 - [TEST_STEP][PASSED] - click(findTestObject("Object Repository/CDB/Personal/ComboBoxInput/Address/SaveButton")): Switching to default content failed because an alert is presented on page. Please switch to default content after dealing with the alert.

2020-03-10 16:50:32 - [MESSAGE][PASSED] - Object: 'Object Repository/CDB/Personal/ComboBoxInput/Address/SaveButton' is clicked on

2020-03-10 16:50:32 - [MESSAGE][WARNING] - Switching to default content failed because an alert is presented on page. Please switch to default content after dealing with the alert.

2020-03-10 16:50:32 - [TEST_STEP][PASSED] - acceptAlert(): Alert accepted

2020-03-10 16:50:32 - [MESSAGE][PASSED] - Alert accepted

2020-03-10 16:50:32 - [TEST_STEP][PASSED] - delay(wait_long_time): Delayed 10 second(s)

2020-03-10 16:50:42 - [MESSAGE][PASSED] - Delayed 10 second(s)

2020-03-10 16:50:42 - [MESSAGE][PASSED] - Call Test Case 'Test Cases/CDB/CDBPersonal/ComboBoxInput/Address/LegalAddress' successfully

2020-03-10 16:50:42 - [TEST_STEP][PASSED] - callTestCase(findTestCase("CDB/CDBPersonal/ComboBoxInput/BankStatement/BankStatement"), ["CustomerName":CustomerName], STOP_ON_FAILURE): Call Test Case 'Test Cases/CDB/CDBPersonal/ComboBoxInput/BankStatement/BankStatement' successfully

2020-03-10 16:50:42 - [TEST_CASE][PASSED] - Test Cases/CDB/CDBPersonal/ComboBoxInput/BankStatement/BankStatement: Test Cases/CDB/CDBPersonal/ComboBoxInput/BankStatement/BankStatement

2020-03-10 16:50:43 - [TEST_STEP][PASSED] - switchToDefaultContent(): null

2020-03-10 16:50:43 - [TEST_STEP][PASSED] - scrollToElement(findTestObject("CDB/Personal/Page_FormCDBPersonal/img_frmMaintblDocChecking0idch"), wait_short_time): Scroll to object 'Object Repository/CDB/Personal/Page_FormCDBPersonal/img_frmMaintblDocChecking0idch' successfully

2020-03-10 16:50:43 - [MESSAGE][PASSED] - Scroll to object 'Object Repository/CDB/Personal/Page_FormCDBPersonal/img_frmMaintblDocChecking0idch' successfully

2020-03-10 16:50:43 - [TEST_STEP][PASSED] - selectOptionByLabel(findTestObject("CDB/Personal/Page_FormCDBPersonal/select_AddressBank StatementGu"), "Bank Statement", false): All options with label 'Bank Statement' are selected in object 'Object Repository/CDB/Personal/Page_FormCDBPersonal/select_AddressBank StatementGu' 

2020-03-10 16:50:44 - [MESSAGE][PASSED] - All options with label 'Bank Statement' are selected in object 'Object Repository/CDB/Personal/Page_FormCDBPersonal/select_AddressBank StatementGu' 

2020-03-10 16:50:44 - [TEST_STEP][PASSED] - delay(wait_short_time): Delayed 3 second(s)

2020-03-10 16:50:47 - [MESSAGE][PASSED] - Delayed 3 second(s)

2020-03-10 16:50:47 - [TEST_STEP][PASSED] - customKeywords.CustomKeywordJS.clickUsingJS(findTestObject("CDB/Personal/Page_FormCDBPersonal/img"), wait_js_long_time): customKeywords.CustomKeywordJS.clickUsingJS is PASSED

2020-03-10 16:50:47 - [MESSAGE][PASSED] - customKeywords.CustomKeywordJS.clickUsingJS is PASSED

2020-03-10 16:50:47 - [TEST_STEP][PASSED] - delay(wait_short_time): Delayed 3 second(s)

2020-03-10 16:50:50 - [MESSAGE][PASSED] - Delayed 3 second(s)

2020-03-10 16:50:50 - [TEST_STEP][PASSED] - waitForElementClickable(findTestObject("Object Repository/CDB/Personal/ComboBoxInput/BANKStatement/BANKName"), wait_short_time): Object 'Object Repository/CDB/Personal/ComboBoxInput/BANKStatement/BANKName' is clickable

2020-03-10 16:50:51 - [MESSAGE][PASSED] - Object 'Object Repository/CDB/Personal/ComboBoxInput/BANKStatement/BANKName' is clickable

2020-03-10 16:50:51 - [TEST_STEP][PASSED] - selectOptionByValue(findTestObject("Object Repository/CDB/Personal/ComboBoxInput/BANKStatement/BANKName"), "13", false): All options with value '13' are selected in object 'Object Repository/CDB/Personal/ComboBoxInput/BANKStatement/BANKName' 

2020-03-10 16:50:51 - [MESSAGE][PASSED] - All options with value '13' are selected in object 'Object Repository/CDB/Personal/ComboBoxInput/BANKStatement/BANKName' 

2020-03-10 16:50:51 - [TEST_STEP][PASSED] - setText(findTestObject("Object Repository/CDB/Personal/ComboBoxInput/BANKStatement/AccountNo"), "09283123"): Text '09283123' is set on object 'Object Repository/CDB/Personal/ComboBoxInput/BANKStatement/AccountNo'

2020-03-10 16:50:52 - [MESSAGE][PASSED] - Text '09283123' is set on object 'Object Repository/CDB/Personal/ComboBoxInput/BANKStatement/AccountNo'

2020-03-10 16:50:52 - [TEST_STEP][PASSED] - setText(findTestObject("Object Repository/CDB/Personal/ComboBoxInput/BANKStatement/AccountName"), CustomerName): Text 'ONG BAK' is set on object 'Object Repository/CDB/Personal/ComboBoxInput/BANKStatement/AccountName'

2020-03-10 16:50:53 - [MESSAGE][PASSED] - Text 'ONG BAK' is set on object 'Object Repository/CDB/Personal/ComboBoxInput/BANKStatement/AccountName'

2020-03-10 16:50:53 - [TEST_STEP][PASSED] - setText(findTestObject("Object Repository/CDB/Personal/ComboBoxInput/BANKStatement/MinimumOSBalance"), "400,000"): Text '400,000' is set on object 'Object Repository/CDB/Personal/ComboBoxInput/BANKStatement/MinimumOSBalance'

2020-03-10 16:50:53 - [MESSAGE][PASSED] - Text '400,000' is set on object 'Object Repository/CDB/Personal/ComboBoxInput/BANKStatement/MinimumOSBalance'

2020-03-10 16:50:53 - [TEST_STEP][PASSED] - setText(findTestObject("Object Repository/CDB/Personal/ComboBoxInput/BANKStatement/LatestOSBalance"), "200,000,000"): Text '200,000,000' is set on object 'Object Repository/CDB/Personal/ComboBoxInput/BANKStatement/LatestOSBalance'

2020-03-10 16:50:54 - [MESSAGE][PASSED] - Text '200,000,000' is set on object 'Object Repository/CDB/Personal/ComboBoxInput/BANKStatement/LatestOSBalance'

2020-03-10 16:50:54 - [TEST_STEP][PASSED] - click(findTestObject("Object Repository/CDB/Personal/ComboBoxInput/BANKStatement/SaveButton")): Switching to default content failed because an alert is presented on page. Please switch to default content after dealing with the alert.

2020-03-10 16:50:55 - [MESSAGE][PASSED] - Object: 'Object Repository/CDB/Personal/ComboBoxInput/BANKStatement/SaveButton' is clicked on

2020-03-10 16:50:55 - [MESSAGE][WARNING] - Switching to default content failed because an alert is presented on page. Please switch to default content after dealing with the alert.

2020-03-10 16:50:55 - [TEST_STEP][PASSED] - acceptAlert(): Alert accepted

2020-03-10 16:50:55 - [MESSAGE][PASSED] - Alert accepted

2020-03-10 16:50:55 - [TEST_STEP][PASSED] - delay(wait_long_time): Delayed 10 second(s)

2020-03-10 16:51:05 - [MESSAGE][PASSED] - Delayed 10 second(s)

2020-03-10 16:51:05 - [MESSAGE][PASSED] - Call Test Case 'Test Cases/CDB/CDBPersonal/ComboBoxInput/BankStatement/BankStatement' successfully

2020-03-10 16:51:05 - [TEST_STEP][PASSED] - callTestCase(findTestCase("CDB/CDBPersonal/ComboBoxInput/Occupation/Occupation"), [:], STOP_ON_FAILURE): Call Test Case 'Test Cases/CDB/CDBPersonal/ComboBoxInput/Occupation/Occupation' successfully

2020-03-10 16:51:05 - [TEST_CASE][PASSED] - Test Cases/CDB/CDBPersonal/ComboBoxInput/Occupation/Occupation: Test Cases/CDB/CDBPersonal/ComboBoxInput/Occupation/Occupation

2020-03-10 16:51:05 - [TEST_STEP][PASSED] - switchToDefaultContent(): null

2020-03-10 16:51:05 - [TEST_STEP][PASSED] - scrollToElement(findTestObject("CDB/Personal/Page_FormCDBPersonal/img_frmMaintblDocChecking0idch"), wait_short_time): Scroll to object 'Object Repository/CDB/Personal/Page_FormCDBPersonal/img_frmMaintblDocChecking0idch' successfully

2020-03-10 16:51:06 - [MESSAGE][PASSED] - Scroll to object 'Object Repository/CDB/Personal/Page_FormCDBPersonal/img_frmMaintblDocChecking0idch' successfully

2020-03-10 16:51:06 - [TEST_STEP][PASSED] - selectOptionByValue(findTestObject("CDB/Personal/Page_FormCDBPersonal/select_AddressBank StatementGu"), "/CIF/Personal/Occupation/list.xhtml", false): All options with value '/CIF/Personal/Occupation/list.xhtml' are selected in object 'Object Repository/CDB/Personal/Page_FormCDBPersonal/select_AddressBank StatementGu' 

2020-03-10 16:51:06 - [MESSAGE][PASSED] - All options with value '/CIF/Personal/Occupation/list.xhtml' are selected in object 'Object Repository/CDB/Personal/Page_FormCDBPersonal/select_AddressBank StatementGu' 

2020-03-10 16:51:06 - [TEST_STEP][PASSED] - delay(wait_short_time): Delayed 3 second(s)

2020-03-10 16:51:09 - [MESSAGE][PASSED] - Delayed 3 second(s)

2020-03-10 16:51:09 - [TEST_STEP][PASSED] - click(findTestObject("CDB/Personal/Page_FormCDBPersonal/img")): Object: 'Object Repository/CDB/Personal/Page_FormCDBPersonal/img' is clicked on

2020-03-10 16:51:10 - [MESSAGE][PASSED] - Object: 'Object Repository/CDB/Personal/Page_FormCDBPersonal/img' is clicked on

2020-03-10 16:51:10 - [TEST_STEP][PASSED] - delay(wait_short_time): Delayed 3 second(s)

2020-03-10 16:51:13 - [MESSAGE][PASSED] - Delayed 3 second(s)

2020-03-10 16:51:13 - [TEST_STEP][PASSED] - selectOptionByValue(findTestObject("Object Repository/CDB/Personal/ComboBoxInput/Occupation/EmploymentType"), "ENTER", false): All options with value 'ENTER' are selected in object 'Object Repository/CDB/Personal/ComboBoxInput/Occupation/EmploymentType' 

2020-03-10 16:51:14 - [MESSAGE][PASSED] - All options with value 'ENTER' are selected in object 'Object Repository/CDB/Personal/ComboBoxInput/Occupation/EmploymentType' 

2020-03-10 16:51:14 - [TEST_STEP][PASSED] - delay(wait_short_time): Delayed 3 second(s)

2020-03-10 16:51:17 - [MESSAGE][PASSED] - Delayed 3 second(s)

2020-03-10 16:51:17 - [TEST_STEP][PASSED] - selectOptionByIndex(findTestObject("Object Repository/CDB/Personal/ComboBoxInput/Occupation/BusinessField"), 3): All options with index in [3] are selected on object 'Object Repository/CDB/Personal/ComboBoxInput/Occupation/BusinessField'

2020-03-10 16:51:17 - [MESSAGE][PASSED] - All options with index in [3] are selected on object 'Object Repository/CDB/Personal/ComboBoxInput/Occupation/BusinessField'

2020-03-10 16:51:17 - [TEST_STEP][PASSED] - setText(findTestObject("Object Repository/CDB/Personal/ComboBoxInput/Occupation/CompanyName"), "N13R 4UT0M4T4"): Text 'N13R 4UT0M4T4' is set on object 'Object Repository/CDB/Personal/ComboBoxInput/Occupation/CompanyName'

2020-03-10 16:51:18 - [MESSAGE][PASSED] - Text 'N13R 4UT0M4T4' is set on object 'Object Repository/CDB/Personal/ComboBoxInput/Occupation/CompanyName'

2020-03-10 16:51:18 - [TEST_STEP][PASSED] - setText(findTestObject("Object Repository/CDB/Personal/ComboBoxInput/Occupation/DurationWork"), "5"): Text '5' is set on object 'Object Repository/CDB/Personal/ComboBoxInput/Occupation/DurationWork'

2020-03-10 16:51:19 - [MESSAGE][PASSED] - Text '5' is set on object 'Object Repository/CDB/Personal/ComboBoxInput/Occupation/DurationWork'

2020-03-10 16:51:19 - [TEST_STEP][PASSED] - setText(findTestObject("Object Repository/CDB/Personal/ComboBoxInput/Occupation/MonthlyIncome"), "10,000,0000"): Text '10,000,0000' is set on object 'Object Repository/CDB/Personal/ComboBoxInput/Occupation/MonthlyIncome'

2020-03-10 16:51:20 - [MESSAGE][PASSED] - Text '10,000,0000' is set on object 'Object Repository/CDB/Personal/ComboBoxInput/Occupation/MonthlyIncome'

2020-03-10 16:51:20 - [TEST_STEP][PASSED] - setText(findTestObject("Object Repository/CDB/Personal/ComboBoxInput/Occupation/OtherIncome"), "2,000,000"): Text '2,000,000' is set on object 'Object Repository/CDB/Personal/ComboBoxInput/Occupation/OtherIncome'

2020-03-10 16:51:20 - [MESSAGE][PASSED] - Text '2,000,000' is set on object 'Object Repository/CDB/Personal/ComboBoxInput/Occupation/OtherIncome'

2020-03-10 16:51:20 - [TEST_STEP][PASSED] - setText(findTestObject("Object Repository/CDB/Personal/ComboBoxInput/Occupation/FulyPaidUnit"), "3"): Text '3' is set on object 'Object Repository/CDB/Personal/ComboBoxInput/Occupation/FulyPaidUnit'

2020-03-10 16:51:21 - [MESSAGE][PASSED] - Text '3' is set on object 'Object Repository/CDB/Personal/ComboBoxInput/Occupation/FulyPaidUnit'

2020-03-10 16:51:21 - [TEST_STEP][PASSED] - click(findTestObject("Object Repository/CDB/Personal/ComboBoxInput/Occupation/SaveButton")): Switching to default content failed because an alert is presented on page. Please switch to default content after dealing with the alert.

2020-03-10 16:51:22 - [MESSAGE][PASSED] - Object: 'Object Repository/CDB/Personal/ComboBoxInput/Occupation/SaveButton' is clicked on

2020-03-10 16:51:22 - [MESSAGE][WARNING] - Switching to default content failed because an alert is presented on page. Please switch to default content after dealing with the alert.

2020-03-10 16:51:22 - [TEST_STEP][PASSED] - acceptAlert(): Alert accepted

2020-03-10 16:51:22 - [MESSAGE][PASSED] - Alert accepted

2020-03-10 16:51:22 - [MESSAGE][PASSED] - Call Test Case 'Test Cases/CDB/CDBPersonal/ComboBoxInput/Occupation/Occupation' successfully

2020-03-10 16:51:22 - [TEST_STEP][PASSED] - callTestCase(findTestCase("CDB/CDBPersonal/ComboBoxInput/Payer/Payer"), [:], STOP_ON_FAILURE): Call Test Case 'Test Cases/CDB/CDBPersonal/ComboBoxInput/Payer/Payer' successfully

2020-03-10 16:51:22 - [TEST_CASE][PASSED] - Test Cases/CDB/CDBPersonal/ComboBoxInput/Payer/Payer: Test Cases/CDB/CDBPersonal/ComboBoxInput/Payer/Payer

2020-03-10 16:51:22 - [TEST_STEP][PASSED] - switchToDefaultContent(): null

2020-03-10 16:51:22 - [TEST_STEP][PASSED] - scrollToElement(findTestObject("CDB/Personal/Page_FormCDBPersonal/img_frmMaintblDocChecking0idch"), wait_short_time): Scroll to object 'Object Repository/CDB/Personal/Page_FormCDBPersonal/img_frmMaintblDocChecking0idch' successfully

2020-03-10 16:51:23 - [MESSAGE][PASSED] - Scroll to object 'Object Repository/CDB/Personal/Page_FormCDBPersonal/img_frmMaintblDocChecking0idch' successfully

2020-03-10 16:51:23 - [TEST_STEP][PASSED] - selectOptionByValue(findTestObject("CDB/Personal/Page_FormCDBPersonal/select_AddressBank StatementGu"), "/CIF/Personal/Payer/list.xhtml", true): All options with value '/CIF/Personal/Payer/list.xhtml' are selected in object 'Object Repository/CDB/Personal/Page_FormCDBPersonal/select_AddressBank StatementGu'  using regular expression

2020-03-10 16:51:24 - [MESSAGE][PASSED] - All options with value '/CIF/Personal/Payer/list.xhtml' are selected in object 'Object Repository/CDB/Personal/Page_FormCDBPersonal/select_AddressBank StatementGu'  using regular expression

2020-03-10 16:51:24 - [TEST_STEP][PASSED] - delay(wait_short_time): Delayed 3 second(s)

2020-03-10 16:51:27 - [MESSAGE][PASSED] - Delayed 3 second(s)

2020-03-10 16:51:27 - [TEST_STEP][PASSED] - click(findTestObject("CDB/Personal/Page_FormCDBPersonal/img")): Object: 'Object Repository/CDB/Personal/Page_FormCDBPersonal/img' is clicked on

2020-03-10 16:51:28 - [MESSAGE][PASSED] - Object: 'Object Repository/CDB/Personal/Page_FormCDBPersonal/img' is clicked on

2020-03-10 16:51:28 - [TEST_STEP][PASSED] - delay(wait_short_time): Delayed 3 second(s)

2020-03-10 16:51:31 - [MESSAGE][PASSED] - Delayed 3 second(s)

2020-03-10 16:51:31 - [TEST_STEP][PASSED] - setText(findTestObject("Object Repository/CDB/Personal/ComboBoxInput/Payer/Description"), "Lessor as Payer"): Text 'Lessor as Payer' is set on object 'Object Repository/CDB/Personal/ComboBoxInput/Payer/Description'

2020-03-10 16:51:31 - [MESSAGE][PASSED] - Text 'Lessor as Payer' is set on object 'Object Repository/CDB/Personal/ComboBoxInput/Payer/Description'

2020-03-10 16:51:31 - [TEST_STEP][PASSED] - click(findTestObject("Object Repository/CDB/Personal/ComboBoxInput/Payer/SaveButton")): Switching to default content failed because an alert is presented on page. Please switch to default content after dealing with the alert.

2020-03-10 16:51:32 - [MESSAGE][PASSED] - Object: 'Object Repository/CDB/Personal/ComboBoxInput/Payer/SaveButton' is clicked on

2020-03-10 16:51:32 - [MESSAGE][WARNING] - Switching to default content failed because an alert is presented on page. Please switch to default content after dealing with the alert.

2020-03-10 16:51:32 - [TEST_STEP][PASSED] - acceptAlert(): Alert accepted

2020-03-10 16:51:32 - [MESSAGE][PASSED] - Alert accepted

2020-03-10 16:51:32 - [MESSAGE][PASSED] - Call Test Case 'Test Cases/CDB/CDBPersonal/ComboBoxInput/Payer/Payer' successfully

2020-03-10 16:51:32 - [TEST_STEP][PASSED] - callTestCase(findTestCase("CDB/CDBPersonal/ComboBoxInput/SurveyInterview/SurveyInterview"), [:], STOP_ON_FAILURE): Call Test Case 'Test Cases/CDB/CDBPersonal/ComboBoxInput/SurveyInterview/SurveyInterview' successfully

2020-03-10 16:51:32 - [TEST_CASE][PASSED] - Test Cases/CDB/CDBPersonal/ComboBoxInput/SurveyInterview/SurveyInterview: Test Cases/CDB/CDBPersonal/ComboBoxInput/SurveyInterview/SurveyInterview

2020-03-10 16:51:33 - [TEST_STEP][PASSED] - switchToDefaultContent(): null

2020-03-10 16:51:33 - [TEST_STEP][PASSED] - scrollToElement(findTestObject("CDB/Personal/Page_FormCDBPersonal/img_frmMaintblDocChecking0idch"), wait_short_time): Scroll to object 'Object Repository/CDB/Personal/Page_FormCDBPersonal/img_frmMaintblDocChecking0idch' successfully

2020-03-10 16:51:34 - [MESSAGE][PASSED] - Scroll to object 'Object Repository/CDB/Personal/Page_FormCDBPersonal/img_frmMaintblDocChecking0idch' successfully

2020-03-10 16:51:34 - [TEST_STEP][PASSED] - selectOptionByValue(findTestObject("CDB/Personal/Page_FormCDBPersonal/select_AddressBank StatementGu"), "/CIF/Personal/SurveyInterview/list.xhtml", true): All options with value '/CIF/Personal/SurveyInterview/list.xhtml' are selected in object 'Object Repository/CDB/Personal/Page_FormCDBPersonal/select_AddressBank StatementGu'  using regular expression

2020-03-10 16:51:35 - [MESSAGE][PASSED] - All options with value '/CIF/Personal/SurveyInterview/list.xhtml' are selected in object 'Object Repository/CDB/Personal/Page_FormCDBPersonal/select_AddressBank StatementGu'  using regular expression

2020-03-10 16:51:35 - [TEST_STEP][PASSED] - delay(wait_short_time): Delayed 3 second(s)

2020-03-10 16:51:38 - [MESSAGE][PASSED] - Delayed 3 second(s)

2020-03-10 16:51:38 - [TEST_STEP][PASSED] - click(findTestObject("CDB/Personal/Page_FormCDBPersonal/img")): Object: 'Object Repository/CDB/Personal/Page_FormCDBPersonal/img' is clicked on

2020-03-10 16:51:38 - [MESSAGE][PASSED] - Object: 'Object Repository/CDB/Personal/Page_FormCDBPersonal/img' is clicked on

2020-03-10 16:51:38 - [TEST_STEP][PASSED] - delay(wait_short_time): Delayed 3 second(s)

2020-03-10 16:51:41 - [MESSAGE][PASSED] - Delayed 3 second(s)

2020-03-10 16:51:41 - [TEST_STEP][PASSED] - selectOptionByValue(findTestObject("Object Repository/CDB/Personal/ComboBoxInput/SurveyAndInterview/Type"), "SURVY", false): All options with value 'SURVY' are selected in object 'Object Repository/CDB/Personal/ComboBoxInput/SurveyAndInterview/Type' 

2020-03-10 16:51:42 - [MESSAGE][PASSED] - All options with value 'SURVY' are selected in object 'Object Repository/CDB/Personal/ComboBoxInput/SurveyAndInterview/Type' 

2020-03-10 16:51:42 - [TEST_STEP][PASSED] - setText(findTestObject("Object Repository/CDB/Personal/ComboBoxInput/SurveyAndInterview/Name"), "ARNOLD"): Text 'ARNOLD' is set on object 'Object Repository/CDB/Personal/ComboBoxInput/SurveyAndInterview/Name'

2020-03-10 16:51:43 - [MESSAGE][PASSED] - Text 'ARNOLD' is set on object 'Object Repository/CDB/Personal/ComboBoxInput/SurveyAndInterview/Name'

2020-03-10 16:51:43 - [TEST_STEP][PASSED] - setText(findTestObject("Object Repository/CDB/Personal/ComboBoxInput/SurveyAndInterview/Place"), "HOME/OFFICE"): Text 'HOME/OFFICE' is set on object 'Object Repository/CDB/Personal/ComboBoxInput/SurveyAndInterview/Place'

2020-03-10 16:51:43 - [MESSAGE][PASSED] - Text 'HOME/OFFICE' is set on object 'Object Repository/CDB/Personal/ComboBoxInput/SurveyAndInterview/Place'

2020-03-10 16:51:43 - [TEST_STEP][PASSED] - customKeywords.CustomKeywordJS.setDateUsingJSIframe(findTestObject("Object Repository/CDB/Personal/ComboBoxInput/SurveyAndInterview/IframeSurveyAndInterview"), findTestObject("Object Repository/CDB/Personal/ComboBoxInput/SurveyAndInterview/Date"), "Nov 18, 2018", wait_js_long_time): customKeywords.CustomKeywordJS.setDateUsingJSIframe is PASSED

2020-03-10 16:51:44 - [MESSAGE][PASSED] - customKeywords.CustomKeywordJS.setDateUsingJSIframe is PASSED

2020-03-10 16:51:44 - [TEST_STEP][PASSED] - click(findTestObject("Object Repository/CDB/Personal/ComboBoxInput/SurveyAndInterview/SaveButton")): Switching to default content failed because an alert is presented on page. Please switch to default content after dealing with the alert.

2020-03-10 16:51:44 - [MESSAGE][PASSED] - Object: 'Object Repository/CDB/Personal/ComboBoxInput/SurveyAndInterview/SaveButton' is clicked on

2020-03-10 16:51:44 - [MESSAGE][WARNING] - Switching to default content failed because an alert is presented on page. Please switch to default content after dealing with the alert.

2020-03-10 16:51:44 - [TEST_STEP][PASSED] - acceptAlert(): Alert accepted

2020-03-10 16:51:44 - [MESSAGE][PASSED] - Alert accepted

2020-03-10 16:51:44 - [TEST_STEP][PASSED] - delay(wait_short_time): Delayed 3 second(s)

2020-03-10 16:51:47 - [MESSAGE][PASSED] - Delayed 3 second(s)

2020-03-10 16:51:47 - [TEST_STEP][PASSED] - switchToDefaultContent(): null

2020-03-10 16:51:47 - [TEST_STEP][PASSED] - scrollToElement(findTestObject("CDB/Personal/Page_FormCDBPersonal/img_frmMaintblDocChecking0idch"), wait_short_time): Scroll to object 'Object Repository/CDB/Personal/Page_FormCDBPersonal/img_frmMaintblDocChecking0idch' successfully

2020-03-10 16:51:48 - [MESSAGE][PASSED] - Scroll to object 'Object Repository/CDB/Personal/Page_FormCDBPersonal/img_frmMaintblDocChecking0idch' successfully

2020-03-10 16:51:48 - [TEST_STEP][PASSED] - click(findTestObject("CDB/Personal/Page_FormCDBPersonal/img")): Object: 'Object Repository/CDB/Personal/Page_FormCDBPersonal/img' is clicked on

2020-03-10 16:51:48 - [MESSAGE][PASSED] - Object: 'Object Repository/CDB/Personal/Page_FormCDBPersonal/img' is clicked on

2020-03-10 16:51:48 - [TEST_STEP][PASSED] - delay(wait_short_time): Delayed 3 second(s)

2020-03-10 16:51:51 - [MESSAGE][PASSED] - Delayed 3 second(s)

2020-03-10 16:51:51 - [TEST_STEP][PASSED] - setText(findTestObject("Object Repository/CDB/Personal/ComboBoxInput/SurveyAndInterview/Name"), "VAN DAMME"): Text 'VAN DAMME' is set on object 'Object Repository/CDB/Personal/ComboBoxInput/SurveyAndInterview/Name'

2020-03-10 16:51:52 - [MESSAGE][PASSED] - Text 'VAN DAMME' is set on object 'Object Repository/CDB/Personal/ComboBoxInput/SurveyAndInterview/Name'

2020-03-10 16:51:52 - [TEST_STEP][PASSED] - setText(findTestObject("Object Repository/CDB/Personal/ComboBoxInput/SurveyAndInterview/Place"), "Jakarta"): Text 'Jakarta' is set on object 'Object Repository/CDB/Personal/ComboBoxInput/SurveyAndInterview/Place'

2020-03-10 16:51:52 - [MESSAGE][PASSED] - Text 'Jakarta' is set on object 'Object Repository/CDB/Personal/ComboBoxInput/SurveyAndInterview/Place'

2020-03-10 16:51:52 - [TEST_STEP][PASSED] - customKeywords.CustomKeywordJS.setDateUsingJSIframe(findTestObject("Object Repository/CDB/Personal/ComboBoxInput/SurveyAndInterview/IframeSurveyAndInterview"), findTestObject("Object Repository/CDB/Personal/ComboBoxInput/SurveyAndInterview/Date"), "Nov 18, 2018", wait_js_long_time): customKeywords.CustomKeywordJS.setDateUsingJSIframe is PASSED

2020-03-10 16:51:53 - [MESSAGE][PASSED] - customKeywords.CustomKeywordJS.setDateUsingJSIframe is PASSED

2020-03-10 16:51:53 - [TEST_STEP][PASSED] - click(findTestObject("Object Repository/CDB/Personal/ComboBoxInput/SurveyAndInterview/SaveButton")): Switching to default content failed because an alert is presented on page. Please switch to default content after dealing with the alert.

2020-03-10 16:51:54 - [MESSAGE][PASSED] - Object: 'Object Repository/CDB/Personal/ComboBoxInput/SurveyAndInterview/SaveButton' is clicked on

2020-03-10 16:51:54 - [MESSAGE][WARNING] - Switching to default content failed because an alert is presented on page. Please switch to default content after dealing with the alert.

2020-03-10 16:51:54 - [TEST_STEP][PASSED] - acceptAlert(): Alert accepted

2020-03-10 16:51:54 - [MESSAGE][PASSED] - Alert accepted

2020-03-10 16:51:54 - [MESSAGE][PASSED] - Call Test Case 'Test Cases/CDB/CDBPersonal/ComboBoxInput/SurveyInterview/SurveyInterview' successfully

2020-03-10 16:51:54 - [TEST_STEP][PASSED] - callTestCase(findTestCase("CDB/FloatingButton/ButtonSendNext"), [:], STOP_ON_FAILURE): Call Test Case 'Test Cases/CDB/FloatingButton/ButtonSendNext' successfully

2020-03-10 16:51:54 - [TEST_CASE][PASSED] - Test Cases/CDB/FloatingButton/ButtonSendNext: Test Cases/CDB/FloatingButton/ButtonSendNext

2020-03-10 16:51:54 - [TEST_STEP][PASSED] - switchToDefaultContent(): null

2020-03-10 16:51:54 - [TEST_STEP][PASSED] - customKeywords.CustomKeywordJS.clickUsingJS(findTestObject("CDB/Personal/Page_FormCDBPersonal/input_frmMainbtnA_wfNextSaveFi"), wait_js_long_time): customKeywords.CustomKeywordJS.clickUsingJS is PASSED

2020-03-10 16:51:55 - [MESSAGE][PASSED] - customKeywords.CustomKeywordJS.clickUsingJS is PASSED

2020-03-10 16:51:55 - [TEST_STEP][PASSED] - waitForAlert(wait_short_time): Alert is present after 3 second(s).

2020-03-10 16:51:55 - [MESSAGE][PASSED] - Alert is present after 3 second(s).

2020-03-10 16:51:55 - [TEST_STEP][PASSED] - acceptAlert(): Alert accepted

2020-03-10 16:51:55 - [MESSAGE][PASSED] - Alert accepted

2020-03-10 16:51:55 - [TEST_STEP][PASSED] - waitForElementNotPresent(findTestObject("CDB/Personal/Page_FormCDBPersonal/input_frmMainbtnA_wfNextSaveFi"), wait_js_long_time, OPTIONAL): Web element with id: 'Object Repository/CDB/Personal/Page_FormCDBPersonal/input_frmMainbtnA_wfNextSaveFi' located by 'By.xpath: //*[@id="frmMain:btnA_wfNextSaveFirstExec"]' is not present after '30' second(s)

2020-03-10 16:52:08 - [MESSAGE][PASSED] - Web element with id: 'Object Repository/CDB/Personal/Page_FormCDBPersonal/input_frmMainbtnA_wfNextSaveFi' located by 'By.xpath: //*[@id="frmMain:btnA_wfNextSaveFirstExec"]' is not present after '30' second(s)

2020-03-10 16:52:08 - [MESSAGE][PASSED] - Call Test Case 'Test Cases/CDB/FloatingButton/ButtonSendNext' successfully

2020-03-10 16:52:08 - [TEST_STEP][NOT_RUN] - callTestCase(findTestCase("LoginLogout/Logout"), ["isCloseBrowser":false], STOP_ON_FAILURE): NOT_RUN: callTestCase(findTestCase("LoginLogout/Logout"), ["isCloseBrowser":false], STOP_ON_FAILURE)

2020-03-10 16:52:08 - [MESSAGE][NOT_RUN] - NOT_RUN: callTestCase(findTestCase("LoginLogout/Logout"), ["isCloseBrowser":false], STOP_ON_FAILURE)

2020-03-10 16:52:08 - [MESSAGE][PASSED] - Call Test Case 'Test Cases/CDB/MainTestCase/CDB_CMO_Personal' successfully

2020-03-10 16:52:08 - [MESSAGE][PASSED] - Call Test Case 'Test Cases/CDB/MainTestCase/CDB_CMO_Improved' successfully

2020-03-10 16:52:08 - [TEST_STEP][PASSED] - callTestCase(findTestCase("LoginLogout/Logout"), ["isCloseBrowser":true], STOP_ON_FAILURE): Call Test Case 'Test Cases/LoginLogout/Logout' successfully

2020-03-10 16:52:08 - [TEST_CASE][PASSED] - Test Cases/LoginLogout/Logout: Test Cases/LoginLogout/Logout

2020-03-10 16:52:08 - [TEST_STEP][PASSED] - waitForPageLoad(wait_long_time): Wait for page load successfully

2020-03-10 16:52:08 - [MESSAGE][PASSED] - Wait for page load successfully

2020-03-10 16:52:08 - [TEST_STEP][PASSED] - delay(wait_short_time): Delayed 3 second(s)

2020-03-10 16:52:11 - [MESSAGE][PASSED] - Delayed 3 second(s)

2020-03-10 16:52:11 - [TEST_STEP][PASSED] - waitForElementVisible(findTestObject("LoginLogout/Page_ Logout/a_Logout"), wait_js_long_time): Object 'Object Repository/LoginLogout/Page_ Logout/a_Logout' is visible

2020-03-10 16:52:12 - [MESSAGE][PASSED] - Object 'Object Repository/LoginLogout/Page_ Logout/a_Logout' is visible

2020-03-10 16:52:12 - [TEST_STEP][PASSED] - customKeywords.CustomKeywordJS.clickUsingJS(findTestObject("LoginLogout/Page_ Logout/a_Logout"), wait_js_long_time): customKeywords.CustomKeywordJS.clickUsingJS is PASSED

2020-03-10 16:52:12 - [MESSAGE][PASSED] - customKeywords.CustomKeywordJS.clickUsingJS is PASSED

2020-03-10 16:52:12 - [MESSAGE][PASSED] - Call Test Case 'Test Cases/LoginLogout/Logout' successfully

2020-03-10 16:52:12 - [TEST_STEP][PASSED] - callTestCase(findTestCase("LoginLogout/Login"), ["username":BA, "isOpenBrowser":false, "finPass":"Mbf137??"], STOP_ON_FAILURE): Call Test Case 'Test Cases/LoginLogout/Login' successfully

2020-03-10 16:52:12 - [TEST_CASE][PASSED] - Test Cases/LoginLogout/Login: Test Cases/LoginLogout/Login

2020-03-10 16:52:12 - [TEST_STEP][PASSED] - try: Navigate to 'http://192.168.0.100:8080/Fintegrity' successfully

2020-03-10 16:52:12 - [TEST_STEP][PASSED] - navigateToUrl(Fintegrity): Navigate to 'http://192.168.0.100:8080/Fintegrity' successfully

2020-03-10 16:52:12 - [MESSAGE][PASSED] - Navigate to 'http://192.168.0.100:8080/Fintegrity' successfully

2020-03-10 16:52:12 - [TEST_STEP][PASSED] - driver = getWebDriver(): null

2020-03-10 16:52:12 - [TEST_STEP][PASSED] - baseUrl = "http://192.168.11.24:8080/Fintegrity/login.xhtml": null

2020-03-10 16:52:12 - [TEST_STEP][PASSED] - selenium = new com.thoughtworks.selenium.webdriven.WebDriverBackedSelenium(driver, baseUrl): null

2020-03-10 16:52:12 - [TEST_STEP][PASSED] - waitForElementClickable(findTestObject("Object Repository/LoginLogout/Page_ Login/input_frmMainbtnLogin"), 90, STOP_ON_FAILURE): Object 'Object Repository/LoginLogout/Page_ Login/input_frmMainbtnLogin' is clickable

2020-03-10 16:52:13 - [MESSAGE][PASSED] - Object 'Object Repository/LoginLogout/Page_ Login/input_frmMainbtnLogin' is clickable

2020-03-10 16:52:13 - [TEST_STEP][PASSED] - selenium.type("id=frmMain:userName", username): null

2020-03-10 16:52:13 - [TEST_STEP][PASSED] - selenium.type("id=frmMain:password", "Mbf137??"): null

2020-03-10 16:52:13 - [TEST_STEP][PASSED] - if (verifyElementClickable(findTestObject("Object Repository/LoginLogout/Page_ Login/input_frmMainbtnLogin"))): null

2020-03-10 16:52:13 - [MESSAGE][PASSED] - Object 'Object Repository/LoginLogout/Page_ Login/input_frmMainbtnLogin' is clickable

2020-03-10 16:52:13 - [TEST_STEP][PASSED] - customKeywords.CustomKeywordJS.clickUsingJS(findTestObject("Object Repository/LoginLogout/Page_ Login/input_frmMainbtnLogin"), wait_js_long_time): customKeywords.CustomKeywordJS.clickUsingJS is PASSED

2020-03-10 16:52:14 - [MESSAGE][PASSED] - customKeywords.CustomKeywordJS.clickUsingJS is PASSED

2020-03-10 16:52:14 - [TEST_STEP][PASSED] - delay(10): Delayed 10 second(s)

2020-03-10 16:52:24 - [MESSAGE][PASSED] - Delayed 10 second(s)

2020-03-10 16:52:24 - [MESSAGE][PASSED] - Call Test Case 'Test Cases/LoginLogout/Login' successfully

2020-03-10 16:52:24 - [TEST_STEP][PASSED] - callTestCase(findTestCase("CDB/MainTestCase/CDB_BA"), ["BranchAdmin":BA, "CustomerName":CustomerName, "CustomerType":CustomerType], STOP_ON_FAILURE): Call Test Case 'Test Cases/CDB/MainTestCase/CDB_BA' successfully

2020-03-10 16:52:24 - [TEST_CASE][PASSED] - Test Cases/CDB/MainTestCase/CDB_BA: Test Cases/CDB/MainTestCase/CDB_BA

2020-03-10 16:52:24 - [TEST_STEP][NOT_RUN] - callTestCase(findTestCase("LoginLogout/Login"), ["username":BA, "isOpenBrowser":false], STOP_ON_FAILURE): NOT_RUN: callTestCase(findTestCase("LoginLogout/Login"), ["username":BA, "isOpenBrowser":false], STOP_ON_FAILURE)

2020-03-10 16:52:24 - [MESSAGE][NOT_RUN] - NOT_RUN: callTestCase(findTestCase("LoginLogout/Login"), ["username":BA, "isOpenBrowser":false], STOP_ON_FAILURE)

2020-03-10 16:52:24 - [TEST_STEP][PASSED] - callTestCase(findTestCase("CDB/HomeTaskCDB/HomeTaskImproved"), ["CustomerName":CustomerName, "CustomerType":CustomerType], STOP_ON_FAILURE): Call Test Case 'Test Cases/CDB/HomeTaskCDB/HomeTaskImproved' successfully

2020-03-10 16:52:24 - [TEST_CASE][PASSED] - Test Cases/CDB/HomeTaskCDB/HomeTaskImproved: Test Cases/CDB/HomeTaskCDB/HomeTaskImproved

2020-03-10 16:52:24 - [TEST_STEP][PASSED] - if (toString().equalsIgnoreCase("P")): Call Test Case 'Test Cases/CDB/HomeTaskCDB/TaskPanelCdbPersonal' successfully

2020-03-10 16:52:24 - [TEST_STEP][PASSED] - callTestCase(findTestCase("CDB/HomeTaskCDB/TaskPanelCdbPersonal"), ["CustomerName":CustomerName, "CustomerType":CustomerType], STOP_ON_FAILURE): Call Test Case 'Test Cases/CDB/HomeTaskCDB/TaskPanelCdbPersonal' successfully

2020-03-10 16:52:24 - [TEST_CASE][PASSED] - Test Cases/CDB/HomeTaskCDB/TaskPanelCdbPersonal: Test Cases/CDB/HomeTaskCDB/TaskPanelCdbPersonal

2020-03-10 16:52:24 - [TEST_STEP][PASSED] - waitForPageLoad(wait_js_long_time): Wait for page load successfully

2020-03-10 16:52:27 - [MESSAGE][PASSED] - Wait for page load successfully

2020-03-10 16:52:27 - [TEST_STEP][PASSED] - waitForElementPresent(findTestObject("CDB/Personal/Page_HomeTask_CDBPersonal/panelHeader_task_customer"), wait_js_long_time): Object 'Object Repository/CDB/Personal/Page_HomeTask_CDBPersonal/panelHeader_task_customer' is present

2020-03-10 16:52:27 - [MESSAGE][PASSED] - Object 'Object Repository/CDB/Personal/Page_HomeTask_CDBPersonal/panelHeader_task_customer' is present

2020-03-10 16:52:27 - [TEST_STEP][PASSED] - delay(wait_short_time): Delayed 3 second(s)

2020-03-10 16:52:30 - [MESSAGE][PASSED] - Delayed 3 second(s)

2020-03-10 16:52:30 - [TEST_STEP][PASSED] - if (verifyElementNotPresent(findTestObject("CDB/Personal/Page_HomeTask_CDBPersonal/task_table_customer"), wait_medium_time, OPTIONAL)): null

2020-03-10 16:52:31 - [MESSAGE][PASSED] - Web element with id: 'Object Repository/CDB/Personal/Page_HomeTask_CDBPersonal/task_table_customer' located by 'By.xpath: //*[@id="frmMain:dtCifPersonal:tb"]' is not present after '5' second(s)

2020-03-10 16:52:31 - [TEST_STEP][PASSED] - waitForElementClickable(findTestObject("CDB/Personal/Page_HomeTask_CDBPersonal/open_task"), wait_medium_time, STOP_ON_FAILURE): Object 'Object Repository/CDB/Personal/Page_HomeTask_CDBPersonal/open_task' is clickable

2020-03-10 16:52:31 - [MESSAGE][PASSED] - Object 'Object Repository/CDB/Personal/Page_HomeTask_CDBPersonal/open_task' is clickable

2020-03-10 16:52:31 - [TEST_STEP][PASSED] - customKeywords.CustomKeywordJS.clickUsingJS(findTestObject("CDB/Personal/Page_HomeTask_CDBPersonal/open_task"), wait_js_long_time): customKeywords.CustomKeywordJS.clickUsingJS is PASSED

2020-03-10 16:52:31 - [MESSAGE][PASSED] - customKeywords.CustomKeywordJS.clickUsingJS is PASSED

2020-03-10 16:52:31 - [TEST_STEP][PASSED] - waitForElementPresent(findTestObject("CDB/Personal/Page_HomeTask_CDBPersonal/modalWarningNoTask"), wait_medium_time, OPTIONAL): Object 'Object Repository/CDB/Personal/Page_HomeTask_CDBPersonal/modalWarningNoTask' is present

2020-03-10 16:52:34 - [MESSAGE][PASSED] - Object 'Object Repository/CDB/Personal/Page_HomeTask_CDBPersonal/modalWarningNoTask' is present

2020-03-10 16:52:34 - [TEST_STEP][PASSED] - if (verifyElementPresent(findTestObject("CDB/Personal/Page_HomeTask_CDBPersonal/modalWarningNoTask"), 10, STOP_ON_FAILURE)): null

2020-03-10 16:52:34 - [MESSAGE][PASSED] - Object 'Object Repository/CDB/Personal/Page_HomeTask_CDBPersonal/modalWarningNoTask' is present

2020-03-10 16:52:34 - [TEST_STEP][PASSED] - customKeywords.CustomKeywordJS.clickUsingJS(findTestObject("CDB/Personal/Page_HomeTask_CDBPersonal/modalWarningNoTask"), wait_js_long_time): customKeywords.CustomKeywordJS.clickUsingJS is PASSED

2020-03-10 16:52:35 - [MESSAGE][PASSED] - customKeywords.CustomKeywordJS.clickUsingJS is PASSED

2020-03-10 16:52:35 - [TEST_STEP][PASSED] - delay(wait_short_time): Delayed 3 second(s)

2020-03-10 16:52:38 - [MESSAGE][PASSED] - Delayed 3 second(s)

2020-03-10 16:52:38 - [TEST_STEP][PASSED] - waitForElementPresent(findTestObject("CDB/Personal/Page_HomeTask_CDBPersonal/last_page_of_table"), wait_long_time, OPTIONAL): Object 'Object Repository/CDB/Personal/Page_HomeTask_CDBPersonal/last_page_of_table' is present

2020-03-10 16:52:38 - [MESSAGE][PASSED] - Object 'Object Repository/CDB/Personal/Page_HomeTask_CDBPersonal/last_page_of_table' is present

2020-03-10 16:52:38 - [TEST_STEP][PASSED] - if (verifyElementPresent(findTestObject("CDB/Personal/Page_HomeTask_CDBPersonal/last_page_of_table"), wait_short_time, OPTIONAL)): null

2020-03-10 16:52:38 - [MESSAGE][PASSED] - Object 'Object Repository/CDB/Personal/Page_HomeTask_CDBPersonal/last_page_of_table' is present

2020-03-10 16:52:38 - [TEST_STEP][PASSED] - if (verifyElementClickable(findTestObject("CDB/Personal/Page_HomeTask_CDBPersonal/last_page_of_table"), OPTIONAL)): null

2020-03-10 16:52:39 - [MESSAGE][PASSED] - Object 'Object Repository/CDB/Personal/Page_HomeTask_CDBPersonal/last_page_of_table' is clickable

2020-03-10 16:52:39 - [TEST_STEP][PASSED] - customKeywords.CustomKeywordJS.clickUsingJS(findTestObject("CDB/Personal/Page_HomeTask_CDBPersonal/last_page_of_table"), wait_js_long_time): customKeywords.CustomKeywordJS.clickUsingJS is PASSED

2020-03-10 16:52:39 - [MESSAGE][PASSED] - customKeywords.CustomKeywordJS.clickUsingJS is PASSED

2020-03-10 16:52:39 - [TEST_STEP][PASSED] - delay(wait_long_time): Delayed 10 second(s)

2020-03-10 16:52:49 - [MESSAGE][PASSED] - Delayed 10 second(s)

2020-03-10 16:52:49 - [TEST_STEP][PASSED] - println("Klik Last Page is true"): null

2020-03-10 16:52:49 - [TEST_STEP][PASSED] - waitForElementPresent(findTestObject("CDB/Personal/Page_HomeTask_CDBPersonal/task_table_customer"), wait_long_time, STOP_ON_FAILURE): Object 'Object Repository/CDB/Personal/Page_HomeTask_CDBPersonal/task_table_customer' is present

2020-03-10 16:52:49 - [MESSAGE][PASSED] - Object 'Object Repository/CDB/Personal/Page_HomeTask_CDBPersonal/task_table_customer' is present

2020-03-10 16:52:49 - [TEST_STEP][PASSED] - driver = getWebDriver(): null

2020-03-10 16:52:49 - [TEST_STEP][PASSED] - Table = driver.findElement(By.xpath("//*[@id="frmMain:dtCifPersonal:tb"]")): null

2020-03-10 16:52:50 - [TEST_STEP][PASSED] - Rows = Table.findElements(By.tagName("tr")): null

2020-03-10 16:52:50 - [TEST_STEP][PASSED] - println("No. of rows: " + Rows.size()): null

2020-03-10 16:52:50 - [TEST_STEP][PASSED] - CustomerFounded = false: null

2020-03-10 16:52:50 - [TEST_STEP][PASSED] - for ([i = 0, i < Rows.size(), (i++)]): null

2020-03-10 16:52:50 - [TEST_STEP][PASSED] - Cols = get(i).findElements(By.tagName("td")): null

2020-03-10 16:52:50 - [TEST_STEP][PASSED] - if (getText().equalsIgnoreCase(CustomerName)): null

2020-03-10 16:52:50 - [TEST_STEP][PASSED] - Cols = get(i).findElements(By.tagName("td")): null

2020-03-10 16:52:50 - [TEST_STEP][PASSED] - if (getText().equalsIgnoreCase(CustomerName)): null

2020-03-10 16:52:50 - [TEST_STEP][PASSED] - Cols = get(i).findElements(By.tagName("td")): null

2020-03-10 16:52:51 - [TEST_STEP][PASSED] - if (getText().equalsIgnoreCase(CustomerName)): null

2020-03-10 16:52:51 - [TEST_STEP][PASSED] - Cols = get(i).findElements(By.tagName("td")): null

2020-03-10 16:52:51 - [TEST_STEP][PASSED] - if (getText().equalsIgnoreCase(CustomerName)): null

2020-03-10 16:52:51 - [TEST_STEP][PASSED] - tagName("a")).click(): null

2020-03-10 16:52:55 - [TEST_STEP][PASSED] - CustomerFounded = true: null

2020-03-10 16:52:55 - [TEST_STEP][PASSED] - break: null

2020-03-10 16:52:55 - [TEST_STEP][PASSED] - if (CustomerFounded == false): null

2020-03-10 16:52:55 - [TEST_STEP][PASSED] - delay(wait_long_time): Delayed 10 second(s)

2020-03-10 16:53:05 - [MESSAGE][PASSED] - Delayed 10 second(s)

2020-03-10 16:53:05 - [MESSAGE][PASSED] - Call Test Case 'Test Cases/CDB/HomeTaskCDB/TaskPanelCdbPersonal' successfully

2020-03-10 16:53:05 - [MESSAGE][PASSED] - Call Test Case 'Test Cases/CDB/HomeTaskCDB/HomeTaskImproved' successfully

2020-03-10 16:53:05 - [TEST_STEP][PASSED] - callTestCase(findTestCase("CDB/FloatingButton/ButtonSendNext"), [:], STOP_ON_FAILURE): Call Test Case 'Test Cases/CDB/FloatingButton/ButtonSendNext' successfully

2020-03-10 16:53:05 - [TEST_CASE][PASSED] - Test Cases/CDB/FloatingButton/ButtonSendNext: Test Cases/CDB/FloatingButton/ButtonSendNext

2020-03-10 16:53:05 - [TEST_STEP][PASSED] - switchToDefaultContent(): null

2020-03-10 16:53:05 - [TEST_STEP][PASSED] - customKeywords.CustomKeywordJS.clickUsingJS(findTestObject("CDB/Personal/Page_FormCDBPersonal/input_frmMainbtnA_wfNextSaveFi"), wait_js_long_time): customKeywords.CustomKeywordJS.clickUsingJS is PASSED

2020-03-10 16:53:06 - [MESSAGE][PASSED] - customKeywords.CustomKeywordJS.clickUsingJS is PASSED

2020-03-10 16:53:06 - [TEST_STEP][PASSED] - waitForAlert(wait_short_time): Alert is present after 3 second(s).

2020-03-10 16:53:06 - [MESSAGE][PASSED] - Alert is present after 3 second(s).

2020-03-10 16:53:06 - [TEST_STEP][PASSED] - acceptAlert(): Alert accepted

2020-03-10 16:53:06 - [MESSAGE][PASSED] - Alert accepted

2020-03-10 16:53:06 - [TEST_STEP][PASSED] - waitForElementNotPresent(findTestObject("CDB/Personal/Page_FormCDBPersonal/input_frmMainbtnA_wfNextSaveFi"), wait_js_long_time, OPTIONAL): Web element with id: 'Object Repository/CDB/Personal/Page_FormCDBPersonal/input_frmMainbtnA_wfNextSaveFi' located by 'By.xpath: //*[@id="frmMain:btnA_wfNextSaveFirstExec"]' is not present after '30' second(s)

2020-03-10 16:53:26 - [MESSAGE][PASSED] - Web element with id: 'Object Repository/CDB/Personal/Page_FormCDBPersonal/input_frmMainbtnA_wfNextSaveFi' located by 'By.xpath: //*[@id="frmMain:btnA_wfNextSaveFirstExec"]' is not present after '30' second(s)

2020-03-10 16:53:26 - [MESSAGE][PASSED] - Call Test Case 'Test Cases/CDB/FloatingButton/ButtonSendNext' successfully

2020-03-10 16:53:26 - [TEST_STEP][NOT_RUN] - callTestCase(findTestCase("LoginLogout/Logout"), ["isCloseBrowser":false], STOP_ON_FAILURE): NOT_RUN: callTestCase(findTestCase("LoginLogout/Logout"), ["isCloseBrowser":false], STOP_ON_FAILURE)

2020-03-10 16:53:26 - [MESSAGE][NOT_RUN] - NOT_RUN: callTestCase(findTestCase("LoginLogout/Logout"), ["isCloseBrowser":false], STOP_ON_FAILURE)

2020-03-10 16:53:26 - [MESSAGE][PASSED] - Call Test Case 'Test Cases/CDB/MainTestCase/CDB_BA' successfully

2020-03-10 16:53:26 - [TEST_STEP][PASSED] - callTestCase(findTestCase("LoginLogout/Logout"), ["isCloseBrowser":true], STOP_ON_FAILURE): Call Test Case 'Test Cases/LoginLogout/Logout' successfully

2020-03-10 16:53:26 - [TEST_CASE][PASSED] - Test Cases/LoginLogout/Logout: Test Cases/LoginLogout/Logout

2020-03-10 16:53:26 - [TEST_STEP][PASSED] - waitForPageLoad(wait_long_time): Wait for page load successfully

2020-03-10 16:53:26 - [MESSAGE][PASSED] - Wait for page load successfully

2020-03-10 16:53:26 - [TEST_STEP][PASSED] - delay(wait_short_time): Delayed 3 second(s)

2020-03-10 16:53:29 - [MESSAGE][PASSED] - Delayed 3 second(s)

2020-03-10 16:53:29 - [TEST_STEP][PASSED] - waitForElementVisible(findTestObject("LoginLogout/Page_ Logout/a_Logout"), wait_js_long_time): Object 'Object Repository/LoginLogout/Page_ Logout/a_Logout' is visible

2020-03-10 16:53:29 - [MESSAGE][PASSED] - Object 'Object Repository/LoginLogout/Page_ Logout/a_Logout' is visible

2020-03-10 16:53:29 - [TEST_STEP][PASSED] - customKeywords.CustomKeywordJS.clickUsingJS(findTestObject("LoginLogout/Page_ Logout/a_Logout"), wait_js_long_time): customKeywords.CustomKeywordJS.clickUsingJS is PASSED

2020-03-10 16:53:30 - [MESSAGE][PASSED] - customKeywords.CustomKeywordJS.clickUsingJS is PASSED

2020-03-10 16:53:30 - [MESSAGE][PASSED] - Call Test Case 'Test Cases/LoginLogout/Logout' successfully

2020-03-10 16:53:30 - [TEST_STEP][PASSED] - callTestCase(findTestCase("LoginLogout/Login"), ["username":BM, "isOpenBrowser":false, "finPass":"Mbf137??"], STOP_ON_FAILURE): Call Test Case 'Test Cases/LoginLogout/Login' successfully

2020-03-10 16:53:30 - [TEST_CASE][PASSED] - Test Cases/LoginLogout/Login: Test Cases/LoginLogout/Login

2020-03-10 16:53:30 - [TEST_STEP][PASSED] - try: Navigate to 'http://192.168.0.100:8080/Fintegrity' successfully

2020-03-10 16:53:30 - [TEST_STEP][PASSED] - navigateToUrl(Fintegrity): Navigate to 'http://192.168.0.100:8080/Fintegrity' successfully

2020-03-10 16:53:30 - [MESSAGE][PASSED] - Navigate to 'http://192.168.0.100:8080/Fintegrity' successfully

2020-03-10 16:53:30 - [TEST_STEP][PASSED] - driver = getWebDriver(): null

2020-03-10 16:53:30 - [TEST_STEP][PASSED] - baseUrl = "http://192.168.11.24:8080/Fintegrity/login.xhtml": null

2020-03-10 16:53:30 - [TEST_STEP][PASSED] - selenium = new com.thoughtworks.selenium.webdriven.WebDriverBackedSelenium(driver, baseUrl): null

2020-03-10 16:53:30 - [TEST_STEP][PASSED] - waitForElementClickable(findTestObject("Object Repository/LoginLogout/Page_ Login/input_frmMainbtnLogin"), 90, STOP_ON_FAILURE): Object 'Object Repository/LoginLogout/Page_ Login/input_frmMainbtnLogin' is clickable

2020-03-10 16:53:31 - [MESSAGE][PASSED] - Object 'Object Repository/LoginLogout/Page_ Login/input_frmMainbtnLogin' is clickable

2020-03-10 16:53:31 - [TEST_STEP][PASSED] - selenium.type("id=frmMain:userName", username): null

2020-03-10 16:53:31 - [TEST_STEP][PASSED] - selenium.type("id=frmMain:password", "Mbf137??"): null

2020-03-10 16:53:31 - [TEST_STEP][PASSED] - if (verifyElementClickable(findTestObject("Object Repository/LoginLogout/Page_ Login/input_frmMainbtnLogin"))): null

2020-03-10 16:53:31 - [MESSAGE][PASSED] - Object 'Object Repository/LoginLogout/Page_ Login/input_frmMainbtnLogin' is clickable

2020-03-10 16:53:31 - [TEST_STEP][PASSED] - customKeywords.CustomKeywordJS.clickUsingJS(findTestObject("Object Repository/LoginLogout/Page_ Login/input_frmMainbtnLogin"), wait_js_long_time): customKeywords.CustomKeywordJS.clickUsingJS is PASSED

2020-03-10 16:53:31 - [MESSAGE][PASSED] - customKeywords.CustomKeywordJS.clickUsingJS is PASSED

2020-03-10 16:53:31 - [TEST_STEP][PASSED] - delay(10): Delayed 10 second(s)

2020-03-10 16:53:41 - [MESSAGE][PASSED] - Delayed 10 second(s)

2020-03-10 16:53:41 - [MESSAGE][PASSED] - Call Test Case 'Test Cases/LoginLogout/Login' successfully

2020-03-10 16:53:41 - [TEST_STEP][PASSED] - callTestCase(findTestCase("CDB/MainTestCase/CDB_BM"), ["BM":BM, "CustomerName":CustomerName, "CustomerType":CustomerType], STOP_ON_FAILURE): Call Test Case 'Test Cases/CDB/MainTestCase/CDB_BM' successfully

2020-03-10 16:53:42 - [TEST_CASE][PASSED] - Test Cases/CDB/MainTestCase/CDB_BM: Test Cases/CDB/MainTestCase/CDB_BM

2020-03-10 16:53:42 - [TEST_STEP][NOT_RUN] - callTestCase(findTestCase("LoginLogout/Login"), ["username":BM, "isOpenBrowser":false], STOP_ON_FAILURE): NOT_RUN: callTestCase(findTestCase("LoginLogout/Login"), ["username":BM, "isOpenBrowser":false], STOP_ON_FAILURE)

2020-03-10 16:53:42 - [MESSAGE][NOT_RUN] - NOT_RUN: callTestCase(findTestCase("LoginLogout/Login"), ["username":BM, "isOpenBrowser":false], STOP_ON_FAILURE)

2020-03-10 16:53:42 - [TEST_STEP][PASSED] - callTestCase(findTestCase("CDB/HomeTaskCDB/HomeTaskImproved"), ["CustomerName":CustomerName, "CustomerType":CustomerType], STOP_ON_FAILURE): Call Test Case 'Test Cases/CDB/HomeTaskCDB/HomeTaskImproved' successfully

2020-03-10 16:53:42 - [TEST_CASE][PASSED] - Test Cases/CDB/HomeTaskCDB/HomeTaskImproved: Test Cases/CDB/HomeTaskCDB/HomeTaskImproved

2020-03-10 16:53:42 - [TEST_STEP][PASSED] - if (toString().equalsIgnoreCase("P")): Call Test Case 'Test Cases/CDB/HomeTaskCDB/TaskPanelCdbPersonal' successfully

2020-03-10 16:53:42 - [TEST_STEP][PASSED] - callTestCase(findTestCase("CDB/HomeTaskCDB/TaskPanelCdbPersonal"), ["CustomerName":CustomerName, "CustomerType":CustomerType], STOP_ON_FAILURE): Call Test Case 'Test Cases/CDB/HomeTaskCDB/TaskPanelCdbPersonal' successfully

2020-03-10 16:53:42 - [TEST_CASE][PASSED] - Test Cases/CDB/HomeTaskCDB/TaskPanelCdbPersonal: Test Cases/CDB/HomeTaskCDB/TaskPanelCdbPersonal

2020-03-10 16:53:42 - [TEST_STEP][PASSED] - waitForPageLoad(wait_js_long_time): Wait for page load successfully

2020-03-10 16:53:46 - [MESSAGE][PASSED] - Wait for page load successfully

2020-03-10 16:53:46 - [TEST_STEP][PASSED] - waitForElementPresent(findTestObject("CDB/Personal/Page_HomeTask_CDBPersonal/panelHeader_task_customer"), wait_js_long_time): Object 'Object Repository/CDB/Personal/Page_HomeTask_CDBPersonal/panelHeader_task_customer' is present

2020-03-10 16:53:46 - [MESSAGE][PASSED] - Object 'Object Repository/CDB/Personal/Page_HomeTask_CDBPersonal/panelHeader_task_customer' is present

2020-03-10 16:53:46 - [TEST_STEP][PASSED] - delay(wait_short_time): Delayed 3 second(s)

2020-03-10 16:53:49 - [MESSAGE][PASSED] - Delayed 3 second(s)

2020-03-10 16:53:49 - [TEST_STEP][PASSED] - if (verifyElementNotPresent(findTestObject("CDB/Personal/Page_HomeTask_CDBPersonal/task_table_customer"), wait_medium_time, OPTIONAL)): null

2020-03-10 16:53:49 - [MESSAGE][PASSED] - Web element with id: 'Object Repository/CDB/Personal/Page_HomeTask_CDBPersonal/task_table_customer' located by 'By.xpath: //*[@id="frmMain:dtCifPersonal:tb"]' is not present after '5' second(s)

2020-03-10 16:53:49 - [TEST_STEP][PASSED] - waitForElementClickable(findTestObject("CDB/Personal/Page_HomeTask_CDBPersonal/open_task"), wait_medium_time, STOP_ON_FAILURE): Object 'Object Repository/CDB/Personal/Page_HomeTask_CDBPersonal/open_task' is clickable

2020-03-10 16:53:50 - [MESSAGE][PASSED] - Object 'Object Repository/CDB/Personal/Page_HomeTask_CDBPersonal/open_task' is clickable

2020-03-10 16:53:50 - [TEST_STEP][PASSED] - customKeywords.CustomKeywordJS.clickUsingJS(findTestObject("CDB/Personal/Page_HomeTask_CDBPersonal/open_task"), wait_js_long_time): customKeywords.CustomKeywordJS.clickUsingJS is PASSED

2020-03-10 16:53:50 - [MESSAGE][PASSED] - customKeywords.CustomKeywordJS.clickUsingJS is PASSED

2020-03-10 16:53:50 - [TEST_STEP][PASSED] - waitForElementPresent(findTestObject("CDB/Personal/Page_HomeTask_CDBPersonal/modalWarningNoTask"), wait_medium_time, OPTIONAL): Object 'Object Repository/CDB/Personal/Page_HomeTask_CDBPersonal/modalWarningNoTask' is present

2020-03-10 16:53:53 - [MESSAGE][PASSED] - Object 'Object Repository/CDB/Personal/Page_HomeTask_CDBPersonal/modalWarningNoTask' is present

2020-03-10 16:53:53 - [TEST_STEP][PASSED] - if (verifyElementPresent(findTestObject("CDB/Personal/Page_HomeTask_CDBPersonal/modalWarningNoTask"), 10, STOP_ON_FAILURE)): null

2020-03-10 16:53:53 - [MESSAGE][PASSED] - Object 'Object Repository/CDB/Personal/Page_HomeTask_CDBPersonal/modalWarningNoTask' is present

2020-03-10 16:53:53 - [TEST_STEP][PASSED] - customKeywords.CustomKeywordJS.clickUsingJS(findTestObject("CDB/Personal/Page_HomeTask_CDBPersonal/modalWarningNoTask"), wait_js_long_time): customKeywords.CustomKeywordJS.clickUsingJS is PASSED

2020-03-10 16:53:54 - [MESSAGE][PASSED] - customKeywords.CustomKeywordJS.clickUsingJS is PASSED

2020-03-10 16:53:54 - [TEST_STEP][PASSED] - delay(wait_short_time): Delayed 3 second(s)

2020-03-10 16:53:57 - [MESSAGE][PASSED] - Delayed 3 second(s)

2020-03-10 16:53:57 - [TEST_STEP][PASSED] - waitForElementPresent(findTestObject("CDB/Personal/Page_HomeTask_CDBPersonal/last_page_of_table"), wait_long_time, OPTIONAL): Object 'Object Repository/CDB/Personal/Page_HomeTask_CDBPersonal/last_page_of_table' is not present after 10 second(s)

2020-03-10 16:54:12 - [MESSAGE][INFO] - Unable to find the element located by 'By.xpath: //td[(text() = '»»' or . = '»»')]'. Please recheck the objects properties to make sure the desired element is located. 

2020-03-10 16:54:12 - [MESSAGE][WARNING] - Object 'Object Repository/CDB/Personal/Page_HomeTask_CDBPersonal/last_page_of_table' is not present after 10 second(s)

2020-03-10 16:54:12 - [TEST_STEP][PASSED] - if (verifyElementPresent(findTestObject("CDB/Personal/Page_HomeTask_CDBPersonal/last_page_of_table"), wait_short_time, OPTIONAL)): com.kms.katalon.core.webui.exception.WebElementNotFoundException: Web element with id: 'Object Repository/CDB/Personal/Page_HomeTask_CDBPersonal/last_page_of_table' located by 'By.xpath: //td[(text() = '»»' or . = '»»')]' not found (Root cause: com.kms.katalon.core.exception.StepFailedException: com.kms.katalon.core.webui.exception.WebElementNotFoundException: Web element with id: 'Object Repository/CDB/Personal/Page_HomeTask_CDBPersonal/last_page_of_table' located by 'By.xpath: //td[(text() = '»»' or . = '»»')]' not found
	at com.kms.katalon.core.webui.keyword.internal.WebUIKeywordMain.stepFailed(WebUIKeywordMain.groovy:64)
	at com.kms.katalon.core.webui.keyword.builtin.VerifyElementPresentKeyword$_verifyElementPresent_closure1.doCall(VerifyElementPresentKeyword.groovy:85)
	at com.kms.katalon.core.webui.keyword.builtin.VerifyElementPresentKeyword$_verifyElementPresent_closure1.call(VerifyElementPresentKeyword.groovy)
	at com.kms.katalon.core.webui.keyword.internal.WebUIKeywordMain.runKeyword(WebUIKeywordMain.groovy:20)
	at com.kms.katalon.core.webui.keyword.builtin.VerifyElementPresentKeyword.verifyElementPresent(VerifyElementPresentKeyword.groovy:92)
	at com.kms.katalon.core.webui.keyword.builtin.VerifyElementPresentKeyword.execute(VerifyElementPresentKeyword.groovy:68)
	at com.kms.katalon.core.keyword.internal.KeywordExecutor.executeKeywordForPlatform(KeywordExecutor.groovy:72)
	at com.kms.katalon.core.webui.keyword.WebUiBuiltInKeywords.verifyElementPresent(WebUiBuiltInKeywords.groovy:1418)
	at com.kms.katalon.core.webui.keyword.WebUiBuiltInKeywords$verifyElementPresent$16.call(Unknown Source)
	at TaskPanelCdbPersonal.run(TaskPanelCdbPersonal:75)
	at com.kms.katalon.core.main.ScriptEngine.run(ScriptEngine.java:194)
	at com.kms.katalon.core.main.ScriptEngine.runScriptAsRawText(ScriptEngine.java:119)
	at com.kms.katalon.core.main.TestCaseExecutor.runScript(TestCaseExecutor.java:337)
	at com.kms.katalon.core.main.TestCaseExecutor.doExecute(TestCaseExecutor.java:328)
	at com.kms.katalon.core.main.TestCaseExecutor.processExecutionPhase(TestCaseExecutor.java:307)
	at com.kms.katalon.core.main.TestCaseExecutor.accessMainPhase(TestCaseExecutor.java:299)
	at com.kms.katalon.core.main.TestCaseExecutor.execute(TestCaseExecutor.java:233)
	at com.kms.katalon.core.main.TestCaseMain.runTestCase(TestCaseMain.java:114)
	at com.kms.katalon.core.keyword.builtin.CallTestCaseKeyword$_callTestCase_closure1.doCall(CallTestCaseKeyword.groovy:59)
	at com.kms.katalon.core.keyword.builtin.CallTestCaseKeyword$_callTestCase_closure1.call(CallTestCaseKeyword.groovy)
	at com.kms.katalon.core.keyword.internal.KeywordMain.runKeyword(KeywordMain.groovy:68)
	at com.kms.katalon.core.keyword.builtin.CallTestCaseKeyword.callTestCase(CallTestCaseKeyword.groovy:81)
	at com.kms.katalon.core.keyword.builtin.CallTestCaseKeyword.execute(CallTestCaseKeyword.groovy:44)
	at com.kms.katalon.core.keyword.internal.KeywordExecutor.executeKeywordForPlatform(KeywordExecutor.groovy:72)
	at com.kms.katalon.core.keyword.BuiltinKeywords.callTestCase(BuiltinKeywords.groovy:334)
	at HomeTaskImproved.run(HomeTaskImproved:17)
	at com.kms.katalon.core.main.ScriptEngine.run(ScriptEngine.java:194)
	at com.kms.katalon.core.main.ScriptEngine.runScriptAsRawText(ScriptEngine.java:119)
	at com.kms.katalon.core.main.TestCaseExecutor.runScript(TestCaseExecutor.java:337)
	at com.kms.katalon.core.main.TestCaseExecutor.doExecute(TestCaseExecutor.java:328)
	at com.kms.katalon.core.main.TestCaseExecutor.processExecutionPhase(TestCaseExecutor.java:307)
	at com.kms.katalon.core.main.TestCaseExecutor.accessMainPhase(TestCaseExecutor.java:299)
	at com.kms.katalon.core.main.TestCaseExecutor.execute(TestCaseExecutor.java:233)
	at com.kms.katalon.core.main.TestCaseMain.runTestCase(TestCaseMain.java:114)
	at com.kms.katalon.core.keyword.builtin.CallTestCaseKeyword$_callTestCase_closure1.doCall(CallTestCaseKeyword.groovy:59)
	at com.kms.katalon.core.keyword.builtin.CallTestCaseKeyword$_callTestCase_closure1.call(CallTestCaseKeyword.groovy)
	at com.kms.katalon.core.keyword.internal.KeywordMain.runKeyword(KeywordMain.groovy:68)
	at com.kms.katalon.core.keyword.builtin.CallTestCaseKeyword.callTestCase(CallTestCaseKeyword.groovy:81)
	at com.kms.katalon.core.keyword.builtin.CallTestCaseKeyword.execute(CallTestCaseKeyword.groovy:44)
	at com.kms.katalon.core.keyword.internal.KeywordExecutor.executeKeywordForPlatform(KeywordExecutor.groovy:72)
	at com.kms.katalon.core.keyword.BuiltinKeywords.callTestCase(BuiltinKeywords.groovy:334)
	at CDB_BM.run(CDB_BM:25)
	at com.kms.katalon.core.main.ScriptEngine.run(ScriptEngine.java:194)
	at com.kms.katalon.core.main.ScriptEngine.runScriptAsRawText(ScriptEngine.java:119)
	at com.kms.katalon.core.main.TestCaseExecutor.runScript(TestCaseExecutor.java:337)
	at com.kms.katalon.core.main.TestCaseExecutor.doExecute(TestCaseExecutor.java:328)
	at com.kms.katalon.core.main.TestCaseExecutor.processExecutionPhase(TestCaseExecutor.java:307)
	at com.kms.katalon.core.main.TestCaseExecutor.accessMainPhase(TestCaseExecutor.java:299)
	at com.kms.katalon.core.main.TestCaseExecutor.execute(TestCaseExecutor.java:233)
	at com.kms.katalon.core.main.TestCaseMain.runTestCase(TestCaseMain.java:114)
	at com.kms.katalon.core.keyword.builtin.CallTestCaseKeyword$_callTestCase_closure1.doCall(CallTestCaseKeyword.groovy:59)
	at com.kms.katalon.core.keyword.builtin.CallTestCaseKeyword$_callTestCase_closure1.call(CallTestCaseKeyword.groovy)
	at com.kms.katalon.core.keyword.internal.KeywordMain.runKeyword(KeywordMain.groovy:68)
	at com.kms.katalon.core.keyword.builtin.CallTestCaseKeyword.callTestCase(CallTestCaseKeyword.groovy:81)
	at com.kms.katalon.core.keyword.builtin.CallTestCaseKeyword.execute(CallTestCaseKeyword.groovy:44)
	at com.kms.katalon.core.keyword.internal.KeywordExecutor.executeKeywordForPlatform(KeywordExecutor.groovy:72)
	at com.kms.katalon.core.keyword.BuiltinKeywords.callTestCase(BuiltinKeywords.groovy:334)
	at FullScenarioCDBv2.run(FullScenarioCDBv2:47)
	at com.kms.katalon.core.main.ScriptEngine.run(ScriptEngine.java:194)
	at com.kms.katalon.core.main.ScriptEngine.runScriptAsRawText(ScriptEngine.java:119)
	at com.kms.katalon.core.main.TestCaseExecutor.runScript(TestCaseExecutor.java:337)
	at com.kms.katalon.core.main.TestCaseExecutor.doExecute(TestCaseExecutor.java:328)
	at com.kms.katalon.core.main.TestCaseExecutor.processExecutionPhase(TestCaseExecutor.java:307)
	at com.kms.katalon.core.main.TestCaseExecutor.accessMainPhase(TestCaseExecutor.java:299)
	at com.kms.katalon.core.main.TestCaseExecutor.execute(TestCaseExecutor.java:233)
	at com.kms.katalon.core.main.TestSuiteExecutor.accessTestCaseMainPhase(TestSuiteExecutor.java:169)
	at com.kms.katalon.core.main.TestSuiteExecutor.accessTestSuiteMainPhase(TestSuiteExecutor.java:142)
	at com.kms.katalon.core.main.TestSuiteExecutor.execute(TestSuiteExecutor.java:91)
	at com.kms.katalon.core.main.TestCaseMain.startTestSuite(TestCaseMain.java:157)
	at com.kms.katalon.core.main.TestCaseMain$startTestSuite$0.call(Unknown Source)
	at TempTestSuite1583833428733.run(TempTestSuite1583833428733.groovy:36)
)

2020-03-10 16:54:16 - [MESSAGE][INFO] - Unable to find the element located by 'By.xpath: //td[(text() = '»»' or . = '»»')]'. Please recheck the objects properties to make sure the desired element is located. 

2020-03-10 16:54:16 - [MESSAGE][WARNING] - com.kms.katalon.core.webui.exception.WebElementNotFoundException: Web element with id: 'Object Repository/CDB/Personal/Page_HomeTask_CDBPersonal/last_page_of_table' located by 'By.xpath: //td[(text() = '»»' or . = '»»')]' not found (Root cause: com.kms.katalon.core.exception.StepFailedException: com.kms.katalon.core.webui.exception.WebElementNotFoundException: Web element with id: 'Object Repository/CDB/Personal/Page_HomeTask_CDBPersonal/last_page_of_table' located by 'By.xpath: //td[(text() = '»»' or . = '»»')]' not found
	at com.kms.katalon.core.webui.keyword.internal.WebUIKeywordMain.stepFailed(WebUIKeywordMain.groovy:64)
	at com.kms.katalon.core.webui.keyword.builtin.VerifyElementPresentKeyword$_verifyElementPresent_closure1.doCall(VerifyElementPresentKeyword.groovy:85)
	at com.kms.katalon.core.webui.keyword.builtin.VerifyElementPresentKeyword$_verifyElementPresent_closure1.call(VerifyElementPresentKeyword.groovy)
	at com.kms.katalon.core.webui.keyword.internal.WebUIKeywordMain.runKeyword(WebUIKeywordMain.groovy:20)
	at com.kms.katalon.core.webui.keyword.builtin.VerifyElementPresentKeyword.verifyElementPresent(VerifyElementPresentKeyword.groovy:92)
	at com.kms.katalon.core.webui.keyword.builtin.VerifyElementPresentKeyword.execute(VerifyElementPresentKeyword.groovy:68)
	at com.kms.katalon.core.keyword.internal.KeywordExecutor.executeKeywordForPlatform(KeywordExecutor.groovy:72)
	at com.kms.katalon.core.webui.keyword.WebUiBuiltInKeywords.verifyElementPresent(WebUiBuiltInKeywords.groovy:1418)
	at com.kms.katalon.core.webui.keyword.WebUiBuiltInKeywords$verifyElementPresent$16.call(Unknown Source)
	at TaskPanelCdbPersonal.run(TaskPanelCdbPersonal:75)
	at com.kms.katalon.core.main.ScriptEngine.run(ScriptEngine.java:194)
	at com.kms.katalon.core.main.ScriptEngine.runScriptAsRawText(ScriptEngine.java:119)
	at com.kms.katalon.core.main.TestCaseExecutor.runScript(TestCaseExecutor.java:337)
	at com.kms.katalon.core.main.TestCaseExecutor.doExecute(TestCaseExecutor.java:328)
	at com.kms.katalon.core.main.TestCaseExecutor.processExecutionPhase(TestCaseExecutor.java:307)
	at com.kms.katalon.core.main.TestCaseExecutor.accessMainPhase(TestCaseExecutor.java:299)
	at com.kms.katalon.core.main.TestCaseExecutor.execute(TestCaseExecutor.java:233)
	at com.kms.katalon.core.main.TestCaseMain.runTestCase(TestCaseMain.java:114)
	at com.kms.katalon.core.keyword.builtin.CallTestCaseKeyword$_callTestCase_closure1.doCall(CallTestCaseKeyword.groovy:59)
	at com.kms.katalon.core.keyword.builtin.CallTestCaseKeyword$_callTestCase_closure1.call(CallTestCaseKeyword.groovy)
	at com.kms.katalon.core.keyword.internal.KeywordMain.runKeyword(KeywordMain.groovy:68)
	at com.kms.katalon.core.keyword.builtin.CallTestCaseKeyword.callTestCase(CallTestCaseKeyword.groovy:81)
	at com.kms.katalon.core.keyword.builtin.CallTestCaseKeyword.execute(CallTestCaseKeyword.groovy:44)
	at com.kms.katalon.core.keyword.internal.KeywordExecutor.executeKeywordForPlatform(KeywordExecutor.groovy:72)
	at com.kms.katalon.core.keyword.BuiltinKeywords.callTestCase(BuiltinKeywords.groovy:334)
	at HomeTaskImproved.run(HomeTaskImproved:17)
	at com.kms.katalon.core.main.ScriptEngine.run(ScriptEngine.java:194)
	at com.kms.katalon.core.main.ScriptEngine.runScriptAsRawText(ScriptEngine.java:119)
	at com.kms.katalon.core.main.TestCaseExecutor.runScript(TestCaseExecutor.java:337)
	at com.kms.katalon.core.main.TestCaseExecutor.doExecute(TestCaseExecutor.java:328)
	at com.kms.katalon.core.main.TestCaseExecutor.processExecutionPhase(TestCaseExecutor.java:307)
	at com.kms.katalon.core.main.TestCaseExecutor.accessMainPhase(TestCaseExecutor.java:299)
	at com.kms.katalon.core.main.TestCaseExecutor.execute(TestCaseExecutor.java:233)
	at com.kms.katalon.core.main.TestCaseMain.runTestCase(TestCaseMain.java:114)
	at com.kms.katalon.core.keyword.builtin.CallTestCaseKeyword$_callTestCase_closure1.doCall(CallTestCaseKeyword.groovy:59)
	at com.kms.katalon.core.keyword.builtin.CallTestCaseKeyword$_callTestCase_closure1.call(CallTestCaseKeyword.groovy)
	at com.kms.katalon.core.keyword.internal.KeywordMain.runKeyword(KeywordMain.groovy:68)
	at com.kms.katalon.core.keyword.builtin.CallTestCaseKeyword.callTestCase(CallTestCaseKeyword.groovy:81)
	at com.kms.katalon.core.keyword.builtin.CallTestCaseKeyword.execute(CallTestCaseKeyword.groovy:44)
	at com.kms.katalon.core.keyword.internal.KeywordExecutor.executeKeywordForPlatform(KeywordExecutor.groovy:72)
	at com.kms.katalon.core.keyword.BuiltinKeywords.callTestCase(BuiltinKeywords.groovy:334)
	at CDB_BM.run(CDB_BM:25)
	at com.kms.katalon.core.main.ScriptEngine.run(ScriptEngine.java:194)
	at com.kms.katalon.core.main.ScriptEngine.runScriptAsRawText(ScriptEngine.java:119)
	at com.kms.katalon.core.main.TestCaseExecutor.runScript(TestCaseExecutor.java:337)
	at com.kms.katalon.core.main.TestCaseExecutor.doExecute(TestCaseExecutor.java:328)
	at com.kms.katalon.core.main.TestCaseExecutor.processExecutionPhase(TestCaseExecutor.java:307)
	at com.kms.katalon.core.main.TestCaseExecutor.accessMainPhase(TestCaseExecutor.java:299)
	at com.kms.katalon.core.main.TestCaseExecutor.execute(TestCaseExecutor.java:233)
	at com.kms.katalon.core.main.TestCaseMain.runTestCase(TestCaseMain.java:114)
	at com.kms.katalon.core.keyword.builtin.CallTestCaseKeyword$_callTestCase_closure1.doCall(CallTestCaseKeyword.groovy:59)
	at com.kms.katalon.core.keyword.builtin.CallTestCaseKeyword$_callTestCase_closure1.call(CallTestCaseKeyword.groovy)
	at com.kms.katalon.core.keyword.internal.KeywordMain.runKeyword(KeywordMain.groovy:68)
	at com.kms.katalon.core.keyword.builtin.CallTestCaseKeyword.callTestCase(CallTestCaseKeyword.groovy:81)
	at com.kms.katalon.core.keyword.builtin.CallTestCaseKeyword.execute(CallTestCaseKeyword.groovy:44)
	at com.kms.katalon.core.keyword.internal.KeywordExecutor.executeKeywordForPlatform(KeywordExecutor.groovy:72)
	at com.kms.katalon.core.keyword.BuiltinKeywords.callTestCase(BuiltinKeywords.groovy:334)
	at FullScenarioCDBv2.run(FullScenarioCDBv2:47)
	at com.kms.katalon.core.main.ScriptEngine.run(ScriptEngine.java:194)
	at com.kms.katalon.core.main.ScriptEngine.runScriptAsRawText(ScriptEngine.java:119)
	at com.kms.katalon.core.main.TestCaseExecutor.runScript(TestCaseExecutor.java:337)
	at com.kms.katalon.core.main.TestCaseExecutor.doExecute(TestCaseExecutor.java:328)
	at com.kms.katalon.core.main.TestCaseExecutor.processExecutionPhase(TestCaseExecutor.java:307)
	at com.kms.katalon.core.main.TestCaseExecutor.accessMainPhase(TestCaseExecutor.java:299)
	at com.kms.katalon.core.main.TestCaseExecutor.execute(TestCaseExecutor.java:233)
	at com.kms.katalon.core.main.TestSuiteExecutor.accessTestCaseMainPhase(TestSuiteExecutor.java:169)
	at com.kms.katalon.core.main.TestSuiteExecutor.accessTestSuiteMainPhase(TestSuiteExecutor.java:142)
	at com.kms.katalon.core.main.TestSuiteExecutor.execute(TestSuiteExecutor.java:91)
	at com.kms.katalon.core.main.TestCaseMain.startTestSuite(TestCaseMain.java:157)
	at com.kms.katalon.core.main.TestCaseMain$startTestSuite$0.call(Unknown Source)
	at TempTestSuite1583833428733.run(TempTestSuite1583833428733.groovy:36)
)

2020-03-10 16:54:16 - [TEST_STEP][PASSED] - waitForElementPresent(findTestObject("CDB/Personal/Page_HomeTask_CDBPersonal/task_table_customer"), wait_long_time, STOP_ON_FAILURE): Object 'Object Repository/CDB/Personal/Page_HomeTask_CDBPersonal/task_table_customer' is present

2020-03-10 16:54:17 - [MESSAGE][PASSED] - Object 'Object Repository/CDB/Personal/Page_HomeTask_CDBPersonal/task_table_customer' is present

2020-03-10 16:54:17 - [TEST_STEP][PASSED] - driver = getWebDriver(): null

2020-03-10 16:54:17 - [TEST_STEP][PASSED] - Table = driver.findElement(By.xpath("//*[@id="frmMain:dtCifPersonal:tb"]")): null

2020-03-10 16:54:17 - [TEST_STEP][PASSED] - Rows = Table.findElements(By.tagName("tr")): null

2020-03-10 16:54:17 - [TEST_STEP][PASSED] - println("No. of rows: " + Rows.size()): null

2020-03-10 16:54:17 - [TEST_STEP][PASSED] - CustomerFounded = false: null

2020-03-10 16:54:17 - [TEST_STEP][PASSED] - for ([i = 0, i < Rows.size(), (i++)]): null

2020-03-10 16:54:17 - [TEST_STEP][PASSED] - Cols = get(i).findElements(By.tagName("td")): null

2020-03-10 16:54:17 - [TEST_STEP][PASSED] - if (getText().equalsIgnoreCase(CustomerName)): null

2020-03-10 16:54:17 - [TEST_STEP][PASSED] - tagName("a")).click(): null

2020-03-10 16:54:23 - [TEST_STEP][PASSED] - CustomerFounded = true: null

2020-03-10 16:54:23 - [TEST_STEP][PASSED] - break: null

2020-03-10 16:54:23 - [TEST_STEP][PASSED] - if (CustomerFounded == false): null

2020-03-10 16:54:23 - [TEST_STEP][PASSED] - delay(wait_long_time): Delayed 10 second(s)

2020-03-10 16:54:33 - [MESSAGE][PASSED] - Delayed 10 second(s)

2020-03-10 16:54:33 - [MESSAGE][PASSED] - Call Test Case 'Test Cases/CDB/HomeTaskCDB/TaskPanelCdbPersonal' successfully

2020-03-10 16:54:33 - [MESSAGE][PASSED] - Call Test Case 'Test Cases/CDB/HomeTaskCDB/HomeTaskImproved' successfully

2020-03-10 16:54:33 - [TEST_STEP][PASSED] - callTestCase(findTestCase("CDB/FloatingButton/ButtonApprove"), [:], STOP_ON_FAILURE): Call Test Case 'Test Cases/CDB/FloatingButton/ButtonApprove' successfully

2020-03-10 16:54:33 - [TEST_CASE][PASSED] - Test Cases/CDB/FloatingButton/ButtonApprove: Test Cases/CDB/FloatingButton/ButtonApprove

2020-03-10 16:54:33 - [TEST_STEP][PASSED] - waitForElementPresent(findTestObject("CDB/Personal/Page_FormCDBPersonal/input_frmMainbtnA_wfApprove"), wait_long_time): Object 'Object Repository/CDB/Personal/Page_FormCDBPersonal/input_frmMainbtnA_wfApprove' is present

2020-03-10 16:54:33 - [MESSAGE][PASSED] - Object 'Object Repository/CDB/Personal/Page_FormCDBPersonal/input_frmMainbtnA_wfApprove' is present

2020-03-10 16:54:33 - [TEST_STEP][PASSED] - waitForElementClickable(findTestObject("CDB/Personal/Page_FormCDBPersonal/input_frmMainbtnA_wfApprove"), wait_long_time): Object 'Object Repository/CDB/Personal/Page_FormCDBPersonal/input_frmMainbtnA_wfApprove' is clickable

2020-03-10 16:54:34 - [MESSAGE][PASSED] - Object 'Object Repository/CDB/Personal/Page_FormCDBPersonal/input_frmMainbtnA_wfApprove' is clickable

2020-03-10 16:54:34 - [TEST_STEP][PASSED] - customKeywords.CustomKeywordJS.clickUsingJS(findTestObject("CDB/Personal/Page_FormCDBPersonal/input_frmMainbtnA_wfApprove"), wait_js_long_time): customKeywords.CustomKeywordJS.clickUsingJS is PASSED

2020-03-10 16:54:34 - [MESSAGE][PASSED] - customKeywords.CustomKeywordJS.clickUsingJS is PASSED

2020-03-10 16:54:34 - [TEST_STEP][PASSED] - acceptAlert(): Alert accepted

2020-03-10 16:54:34 - [MESSAGE][PASSED] - Alert accepted

2020-03-10 16:54:34 - [TEST_STEP][PASSED] - waitForElementNotPresent(findTestObject("CDB/Personal/Page_FormCDBPersonal/input_frmMainbtnA_wfApprove"), wait_js_long_time): Web element with id: 'Object Repository/CDB/Personal/Page_FormCDBPersonal/input_frmMainbtnA_wfApprove' located by 'By.xpath: //*[@id="frmMain:btnA_wfApproveSaveFirstExec"]' is not present after '30' second(s)

2020-03-10 16:55:02 - [MESSAGE][PASSED] - Web element with id: 'Object Repository/CDB/Personal/Page_FormCDBPersonal/input_frmMainbtnA_wfApprove' located by 'By.xpath: //*[@id="frmMain:btnA_wfApproveSaveFirstExec"]' is not present after '30' second(s)

2020-03-10 16:55:02 - [MESSAGE][PASSED] - Call Test Case 'Test Cases/CDB/FloatingButton/ButtonApprove' successfully

2020-03-10 16:55:02 - [TEST_STEP][NOT_RUN] - callTestCase(findTestCase("LoginLogout/Logout"), ["isCloseBrowser":true], STOP_ON_FAILURE): NOT_RUN: callTestCase(findTestCase("LoginLogout/Logout"), ["isCloseBrowser":true], STOP_ON_FAILURE)

2020-03-10 16:55:02 - [MESSAGE][NOT_RUN] - NOT_RUN: callTestCase(findTestCase("LoginLogout/Logout"), ["isCloseBrowser":true], STOP_ON_FAILURE)

2020-03-10 16:55:02 - [MESSAGE][PASSED] - Call Test Case 'Test Cases/CDB/MainTestCase/CDB_BM' successfully

2020-03-10 16:55:02 - [TEST_STEP][PASSED] - callTestCase(findTestCase("LoginLogout/Logout"), ["isCloseBrowser":true], STOP_ON_FAILURE): Call Test Case 'Test Cases/LoginLogout/Logout' successfully

2020-03-10 16:55:02 - [TEST_CASE][PASSED] - Test Cases/LoginLogout/Logout: Test Cases/LoginLogout/Logout

2020-03-10 16:55:02 - [TEST_STEP][PASSED] - waitForPageLoad(wait_long_time): Wait for page load successfully

2020-03-10 16:55:02 - [MESSAGE][PASSED] - Wait for page load successfully

2020-03-10 16:55:02 - [TEST_STEP][PASSED] - delay(wait_short_time): Delayed 3 second(s)

2020-03-10 16:55:05 - [MESSAGE][PASSED] - Delayed 3 second(s)

2020-03-10 16:55:05 - [TEST_STEP][PASSED] - waitForElementVisible(findTestObject("LoginLogout/Page_ Logout/a_Logout"), wait_js_long_time): Object 'Object Repository/LoginLogout/Page_ Logout/a_Logout' is visible

2020-03-10 16:55:06 - [MESSAGE][PASSED] - Object 'Object Repository/LoginLogout/Page_ Logout/a_Logout' is visible

2020-03-10 16:55:06 - [TEST_STEP][PASSED] - customKeywords.CustomKeywordJS.clickUsingJS(findTestObject("LoginLogout/Page_ Logout/a_Logout"), wait_js_long_time): customKeywords.CustomKeywordJS.clickUsingJS is PASSED

2020-03-10 16:55:06 - [MESSAGE][PASSED] - customKeywords.CustomKeywordJS.clickUsingJS is PASSED

2020-03-10 16:55:06 - [MESSAGE][PASSED] - Call Test Case 'Test Cases/LoginLogout/Logout' successfully]]></system-out>
         <system-err><![CDATA[]]></system-err>
      </testcase>
      <system-out><![CDATA[2020-03-10 16:43:57 - [TEST_SUITE][PASSED] - CDBFull_01: Test Cases/CDB/MainTestCase/FullScenarioCDBv2]]></system-out>
      <system-err><![CDATA[]]></system-err>
   </testsuite>
</testsuites>
